#
# There is insufficient memory for the Java Runtime Environment to continue.
# Native memory allocation (malloc) failed to allocate 1322976 bytes for Chunk::new
# Possible reasons:
#   The system is out of physical RAM or swap space
#   In 32 bit mode, the process size limit was hit
# Possible solutions:
#   Reduce memory load on the system
#   Increase physical memory or swap space
#   Check if swap backing store is full
#   Use 64 bit Java on a 64 bit OS
#   Decrease Java heap size (-Xmx/-Xms)
#   Decrease number of Java threads
#   Decrease Java thread stack sizes (-Xss)
#   Set larger code cache with -XX:ReservedCodeCacheSize=
# This output file may be truncated or incomplete.
#
#  Out of Memory Error (allocation.cpp:390), pid=8404, tid=12472
#
# JRE version: Java(TM) SE Runtime Environment (8.0_73-b02) (build 1.8.0_73-b02)
# Java VM: Java HotSpot(TM) 64-Bit Server VM (25.73-b02 mixed mode windows-amd64 compressed oops)
# Failed to write core dump. Minidumps are not enabled by default on client versions of Windows
#

---------------  T H R E A D  ---------------

Current thread (0x00000000176f2800):  JavaThread "C2 CompilerThread2" daemon [_thread_in_native, id=12472, stack(0x0000000017ec0000,0x0000000017fc0000)]

Stack: [0x0000000017ec0000,0x0000000017fc0000]
[error occurred during error reporting (printing stack bounds), id 0xc0000005]

Native frames: (J=compiled Java code, j=interpreted, Vv=VM code, C=native code)


Current CompileTask:
C2:   1501 1655   !   4       com.android.dx.cf.code.RopperMachine::run (1550 bytes)


---------------  P R O C E S S  ---------------

Java Threads: ( => current thread )
  0x00000000179d3800 JavaThread "pool-2-thread-4" [_thread_in_Java, id=14436, stack(0x00000000186c0000,0x00000000187c0000)]
  0x00000000179cb000 JavaThread "pool-2-thread-3" [_thread_blocked, id=13888, stack(0x00000000185c0000,0x00000000186c0000)]
  0x00000000178f6800 JavaThread "pool-2-thread-2" [_thread_in_Java, id=15872, stack(0x00000000184c0000,0x00000000185c0000)]
  0x00000000178a4000 JavaThread "pool-3-thread-1" [_thread_blocked, id=7052, stack(0x00000000183c0000,0x00000000184c0000)]
  0x00000000178a3000 JavaThread "pool-2-thread-1" [_thread_blocked, id=17452, stack(0x00000000182c0000,0x00000000183c0000)]
  0x0000000017789000 JavaThread "Service Thread" daemon [_thread_blocked, id=10044, stack(0x00000000180c0000,0x00000000181c0000)]
  0x00000000176f6800 JavaThread "C1 CompilerThread3" daemon [_thread_blocked, id=15196, stack(0x0000000017fc0000,0x00000000180c0000)]
=>0x00000000176f2800 JavaThread "C2 CompilerThread2" daemon [_thread_in_native, id=12472, stack(0x0000000017ec0000,0x0000000017fc0000)]
  0x00000000176ee800 JavaThread "C2 CompilerThread1" daemon [_thread_in_native, id=7876, stack(0x0000000017dc0000,0x0000000017ec0000)]
  0x00000000176e9800 JavaThread "C2 CompilerThread0" daemon [_thread_in_native, id=12880, stack(0x0000000017cc0000,0x0000000017dc0000)]
  0x00000000176e6800 JavaThread "Attach Listener" daemon [_thread_blocked, id=11088, stack(0x0000000017bc0000,0x0000000017cc0000)]
  0x00000000176e5800 JavaThread "Signal Dispatcher" daemon [_thread_blocked, id=8020, stack(0x0000000017ac0000,0x0000000017bc0000)]
  0x0000000002a8a800 JavaThread "Finalizer" daemon [_thread_blocked, id=9920, stack(0x00000000174b0000,0x00000000175b0000)]
  0x0000000002a83800 JavaThread "Reference Handler" daemon [_thread_blocked, id=15368, stack(0x00000000173b0000,0x00000000174b0000)]
  0x000000000293e000 JavaThread "main" [_thread_in_native, id=4432, stack(0x00000000027f0000,0x00000000028f0000)]

Other Threads:
  0x00000000155a9000 VMThread [stack: 0x00000000172b0000,0x00000000173b0000] [id=17440]
  0x000000001779c000 WatcherThread [stack: 0x00000000181c0000,0x00000000182c0000] [id=17448]

VM state:not at safepoint (normal execution)

VM Mutex/Monitor currently owned by a thread: None

Heap:
 PSYoungGen      total 71680K, used 27273K [0x00000000eab00000, 0x00000000ef600000, 0x0000000100000000)
  eden space 66560K, 33% used [0x00000000eab00000,0x00000000ec0a6b58,0x00000000eec00000)
  from space 5120K, 99% used [0x00000000ef100000,0x00000000ef5fbbc0,0x00000000ef600000)
  to   space 5120K, 0% used [0x00000000eec00000,0x00000000eec00000,0x00000000ef100000)
 ParOldGen       total 87552K, used 26578K [0x00000000c0000000, 0x00000000c5580000, 0x00000000eab00000)
  object space 87552K, 30% used [0x00000000c0000000,0x00000000c19f4b00,0x00000000c5580000)
 Metaspace       used 5976K, capacity 7088K, committed 7296K, reserved 1056768K
  class space    used 582K, capacity 616K, committed 640K, reserved 1048576K

Card table byte_map: [0x0000000011e50000,0x0000000012060000] byte_map_base: 0x0000000011850000

Marking Bits: (ParMarkBitMap*) 0x0000000061720600
 Begin Bits: [0x00000000129c0000, 0x00000000139c0000)
 End Bits:   [0x00000000139c0000, 0x00000000149c0000)

Polling page: 0x00000000028f0000

CodeCache: size=245760Kb used=7208Kb max_used=7208Kb free=238551Kb
 bounds [0x0000000002a90000, 0x00000000031a0000, 0x0000000011a90000]
 total_blobs=1972 nmethods=1708 adapters=175
 compilation: enabled

Compilation events (10 events):
Event: 1.486 Thread 0x00000000176f6800 1773       2       com.android.dx.dex.cf.AttributeTranslator::getParameterAnnotations (69 bytes)
Event: 1.486 Thread 0x00000000176f6800 nmethod 1773 0x0000000003199050 code [0x0000000003199240, 0x0000000003199678]
Event: 1.487 Thread 0x00000000176f6800 1774       2       com.android.dx.command.dexer.Main::access$1700 (4 bytes)
Event: 1.487 Thread 0x00000000176f6800 nmethod 1774 0x0000000003199990 code [0x0000000003199ae0, 0x0000000003199c10]
Event: 1.488 Thread 0x00000000176f6800 1775       1       com.android.dx.dex.file.DexFile::getStringIds (5 bytes)
Event: 1.488 Thread 0x00000000176f6800 nmethod 1775 0x0000000003199c90 code [0x0000000003199de0, 0x0000000003199ef0]
Event: 1.490 Thread 0x00000000176f6800 1776       2       com.android.dx.cf.code.SwitchList::<init> (37 bytes)
Event: 1.490 Thread 0x00000000176f6800 nmethod 1776 0x0000000003199f50 code [0x000000000319a0c0, 0x000000000319a378]
Event: 1.490 Thread 0x00000000176f6800 1777       2       com.android.dx.cf.code.SwitchList::setDefaultTarget (51 bytes)
Event: 1.491 Thread 0x00000000176f6800 nmethod 1777 0x000000000319a490 code [0x000000000319a640, 0x000000000319a9d8]

GC Heap History (8 events):
Event: 0.540 GC heap before
{Heap before GC invocations=1 (full 0):
 PSYoungGen      total 38400K, used 33280K [0x00000000eab00000, 0x00000000ed580000, 0x0000000100000000)
  eden space 33280K, 100% used [0x00000000eab00000,0x00000000ecb80000,0x00000000ecb80000)
  from space 5120K, 0% used [0x00000000ed080000,0x00000000ed080000,0x00000000ed580000)
  to   space 5120K, 0% used [0x00000000ecb80000,0x00000000ecb80000,0x00000000ed080000)
 ParOldGen       total 87552K, used 0K [0x00000000c0000000, 0x00000000c5580000, 0x00000000eab00000)
  object space 87552K, 0% used [0x00000000c0000000,0x00000000c0000000,0x00000000c5580000)
 Metaspace       used 5689K, capacity 6832K, committed 7040K, reserved 1056768K
  class space    used 578K, capacity 616K, committed 640K, reserved 1048576K
Event: 0.548 GC heap after
Heap after GC invocations=1 (full 0):
 PSYoungGen      total 38400K, used 5112K [0x00000000eab00000, 0x00000000ef600000, 0x0000000100000000)
  eden space 33280K, 0% used [0x00000000eab00000,0x00000000eab00000,0x00000000ecb80000)
  from space 5120K, 99% used [0x00000000ecb80000,0x00000000ed07e3d0,0x00000000ed080000)
  to   space 5120K, 0% used [0x00000000ef100000,0x00000000ef100000,0x00000000ef600000)
 ParOldGen       total 87552K, used 1505K [0x00000000c0000000, 0x00000000c5580000, 0x00000000eab00000)
  object space 87552K, 1% used [0x00000000c0000000,0x00000000c0178440,0x00000000c5580000)
 Metaspace       used 5689K, capacity 6832K, committed 7040K, reserved 1056768K
  class space    used 578K, capacity 616K, committed 640K, reserved 1048576K
}
Event: 0.730 GC heap before
{Heap before GC invocations=2 (full 0):
 PSYoungGen      total 38400K, used 38392K [0x00000000eab00000, 0x00000000ef600000, 0x0000000100000000)
  eden space 33280K, 100% used [0x00000000eab00000,0x00000000ecb80000,0x00000000ecb80000)
  from space 5120K, 99% used [0x00000000ecb80000,0x00000000ed07e3d0,0x00000000ed080000)
  to   space 5120K, 0% used [0x00000000ef100000,0x00000000ef100000,0x00000000ef600000)
 ParOldGen       total 87552K, used 1505K [0x00000000c0000000, 0x00000000c5580000, 0x00000000eab00000)
  object space 87552K, 1% used [0x00000000c0000000,0x00000000c0178440,0x00000000c5580000)
 Metaspace       used 5793K, capacity 6896K, committed 7040K, reserved 1056768K
  class space    used 581K, capacity 616K, committed 640K, reserved 1048576K
Event: 0.755 GC heap after
Heap after GC invocations=2 (full 0):
 PSYoungGen      total 71680K, used 5090K [0x00000000eab00000, 0x00000000ef600000, 0x0000000100000000)
  eden space 66560K, 0% used [0x00000000eab00000,0x00000000eab00000,0x00000000eec00000)
  from space 5120K, 99% used [0x00000000ef100000,0x00000000ef5f8b38,0x00000000ef600000)
  to   space 5120K, 0% used [0x00000000eec00000,0x00000000eec00000,0x00000000ef100000)
 ParOldGen       total 87552K, used 8382K [0x00000000c0000000, 0x00000000c5580000, 0x00000000eab00000)
  object space 87552K, 9% used [0x00000000c0000000,0x00000000c082f8f8,0x00000000c5580000)
 Metaspace       used 5793K, capacity 6896K, committed 7040K, reserved 1056768K
  class space    used 581K, capacity 616K, committed 640K, reserved 1048576K
}
Event: 1.015 GC heap before
{Heap before GC invocations=3 (full 0):
 PSYoungGen      total 71680K, used 71650K [0x00000000eab00000, 0x00000000ef600000, 0x0000000100000000)
  eden space 66560K, 100% used [0x00000000eab00000,0x00000000eec00000,0x00000000eec00000)
  from space 5120K, 99% used [0x00000000ef100000,0x00000000ef5f8b38,0x00000000ef600000)
  to   space 5120K, 0% used [0x00000000eec00000,0x00000000eec00000,0x00000000ef100000)
 ParOldGen       total 87552K, used 8382K [0x00000000c0000000, 0x00000000c5580000, 0x00000000eab00000)
  object space 87552K, 9% used [0x00000000c0000000,0x00000000c082f8f8,0x00000000c5580000)
 Metaspace       used 5862K, capacity 6960K, committed 7040K, reserved 1056768K
  class space    used 581K, capacity 616K, committed 640K, reserved 1048576K
Event: 1.039 GC heap after
Heap after GC invocations=3 (full 0):
 PSYoungGen      total 71680K, used 5106K [0x00000000eab00000, 0x00000000ef600000, 0x0000000100000000)
  eden space 66560K, 0% used [0x00000000eab00000,0x00000000eab00000,0x00000000eec00000)
  from space 5120K, 99% used [0x00000000eec00000,0x00000000ef0fcb28,0x00000000ef100000)
  to   space 5120K, 0% used [0x00000000ef100000,0x00000000ef100000,0x00000000ef600000)
 ParOldGen       total 87552K, used 17089K [0x00000000c0000000, 0x00000000c5580000, 0x00000000eab00000)
  object space 87552K, 19% used [0x00000000c0000000,0x00000000c10b0470,0x00000000c5580000)
 Metaspace       used 5862K, capacity 6960K, committed 7040K, reserved 1056768K
  class space    used 581K, capacity 616K, committed 640K, reserved 1048576K
}
Event: 1.349 GC heap before
{Heap before GC invocations=4 (full 0):
 PSYoungGen      total 71680K, used 71666K [0x00000000eab00000, 0x00000000ef600000, 0x0000000100000000)
  eden space 66560K, 100% used [0x00000000eab00000,0x00000000eec00000,0x00000000eec00000)
  from space 5120K, 99% used [0x00000000eec00000,0x00000000ef0fcb28,0x00000000ef100000)
  to   space 5120K, 0% used [0x00000000ef100000,0x00000000ef100000,0x00000000ef600000)
 ParOldGen       total 87552K, used 17089K [0x00000000c0000000, 0x00000000c5580000, 0x00000000eab00000)
  object space 87552K, 19% used [0x00000000c0000000,0x00000000c10b0470,0x00000000c5580000)
 Metaspace       used 5928K, capacity 7024K, committed 7296K, reserved 1056768K
  class space    used 582K, capacity 616K, committed 640K, reserved 1048576K
Event: 1.384 GC heap after
Heap after GC invocations=4 (full 0):
 PSYoungGen      total 71680K, used 5102K [0x00000000eab00000, 0x00000000ef600000, 0x0000000100000000)
  eden space 66560K, 0% used [0x00000000eab00000,0x00000000eab00000,0x00000000eec00000)
  from space 5120K, 99% used [0x00000000ef100000,0x00000000ef5fbbc0,0x00000000ef600000)
  to   space 5120K, 0% used [0x00000000eec00000,0x00000000eec00000,0x00000000ef100000)
 ParOldGen       total 87552K, used 26578K [0x00000000c0000000, 0x00000000c5580000, 0x00000000eab00000)
  object space 87552K, 30% used [0x00000000c0000000,0x00000000c19f4b00,0x00000000c5580000)
 Metaspace       used 5928K, capacity 7024K, committed 7296K, reserved 1056768K
  class space    used 582K, capacity 616K, committed 640K, reserved 1048576K
}

Deoptimization events (10 events):
Event: 0.784 Thread 0x00000000179d3800 Uncommon trap: reason=class_check action=maybe_recompile pc=0x0000000002eed660 method=com.android.dx.ssa.NormalSsaInsn.accept(Lcom/android/dx/ssa/SsaInsn$Visitor;)V @ 9
Event: 0.886 Thread 0x00000000178f6800 Uncommon trap: reason=class_check action=maybe_recompile pc=0x0000000002eed660 method=com.android.dx.ssa.NormalSsaInsn.accept(Lcom/android/dx/ssa/SsaInsn$Visitor;)V @ 9
Event: 0.891 Thread 0x00000000178f6800 Uncommon trap: reason=class_check action=maybe_recompile pc=0x0000000002eed660 method=com.android.dx.ssa.NormalSsaInsn.accept(Lcom/android/dx/ssa/SsaInsn$Visitor;)V @ 9
Event: 1.210 Thread 0x00000000179cb000 Uncommon trap: reason=class_check action=maybe_recompile pc=0x0000000002eed660 method=com.android.dx.ssa.NormalSsaInsn.accept(Lcom/android/dx/ssa/SsaInsn$Visitor;)V @ 9
Event: 1.210 Thread 0x00000000179cb000 Uncommon trap: reason=class_check action=maybe_recompile pc=0x0000000002e92fe4 method=com.android.dx.ssa.NormalSsaInsn.accept(Lcom/android/dx/ssa/SsaInsn$Visitor;)V @ 9
Event: 1.245 Thread 0x00000000178f6800 Uncommon trap: reason=uninitialized action=reinterpret pc=0x00000000030f7220 method=com.android.dx.cf.code.BytecodeArray.parseInstruction(ILcom/android/dx/cf/code/BytecodeArray$Visitor;)I @ 999
Event: 1.343 Thread 0x00000000179cb000 Uncommon trap: reason=unstable_if action=reinterpret pc=0x0000000002ee0bf8 method=java.util.HashMap.putVal(ILjava/lang/Object;Ljava/lang/Object;ZZ)Ljava/lang/Object; @ 94
Event: 1.343 Thread 0x00000000179cb000 Uncommon trap: reason=bimorphic action=maybe_recompile pc=0x0000000002e82ce4 method=java.util.HashMap.getNode(ILjava/lang/Object;)Ljava/util/HashMap$Node; @ 126
Event: 1.391 Thread 0x00000000179cb000 Uncommon trap: reason=unstable_if action=reinterpret pc=0x000000000316769c method=com.android.dx.ssa.DeadCodeRemover.isCircularNoSideEffect(ILjava/util/BitSet;)Z @ 9
Event: 1.392 Thread 0x00000000179cb000 Uncommon trap: reason=unstable_if action=reinterpret pc=0x0000000002d47abc method=com.android.dx.ssa.NormalSsaInsn.getLocalAssignment()Lcom/android/dx/rop/code/RegisterSpec; @ 12

Internal exceptions (3 events):
Event: 0.030 Thread 0x000000000293e000 Exception <a 'java/lang/NoSuchMethodError': Method sun.misc.Unsafe.defineClass(Ljava/lang/String;[BII)Ljava/lang/Class; name or signature does not match> (0x00000000eab0dca8) thrown at [D:\re\puppet\workspace\8-2-build-windows-amd64-cygwin\jdk8u73\6086\hotéþ:^3\ž?
Event: 0.030 Thread 0x000000000293e000 Exception <a 'java/lang/NoSuchMethodError': Method sun.misc.Unsafe.prefetchRead(Ljava/lang/Object;J)V name or signature does not match> (0x00000000eab0df90) thrown at [D:\re\puppet\workspace\8-2-build-windows-amd64-cygwin\jdk8u73\6086\hotspot\src\share\vm\
Event: 0.454 Thread 0x00000000178f6800 Implicit null exception at 0x0000000002d36539 to 0x0000000002d37a1d

Events (10 events):
Event: 1.490 Thread 0x00000000178f6800 DEOPT UNPACKING pc=0x0000000002ad787f sp=0x00000000185be448 mode 0
Event: 1.491 Thread 0x00000000178f6800 DEOPT PACKING pc=0x0000000002e002d2 sp=0x00000000185be7c0
Event: 1.491 Thread 0x00000000178f6800 DEOPT UNPACKING pc=0x0000000002ad787f sp=0x00000000185be528 mode 0
Event: 1.491 Thread 0x00000000178f6800 DEOPT PACKING pc=0x0000000002d218b5 sp=0x00000000185be6e0
Event: 1.491 Thread 0x00000000178f6800 DEOPT UNPACKING pc=0x0000000002ad787f sp=0x00000000185be448 mode 0
Event: 1.492 Thread 0x00000000178f6800 DEOPT PACKING pc=0x0000000002d218b5 sp=0x00000000185be6e0
Event: 1.492 Thread 0x00000000178f6800 DEOPT UNPACKING pc=0x0000000002ad787f sp=0x00000000185be448 mode 0
Event: 1.492 Thread 0x00000000178f6800 DEOPT PACKING pc=0x0000000002e002d2 sp=0x00000000185be7c0
Event: 1.492 Thread 0x00000000178f6800 DEOPT UNPACKING pc=0x0000000002ad787f sp=0x00000000185be528 mode 0
Event: 1.493 Thread 0x00000000178f6800 DEOPT PACKING pc=0x0000000002d218b5 sp=0x00000000185be6e0


Dynamic libraries:
0x00007ff7563b0000 - 0x00007ff7563e7000 	C:\Program Files\Java\jdk1.8.0_73\bin\java.exe
0x00007ffb0d4d0000 - 0x00007ffb0d67d000 	C:\Windows\SYSTEM32\ntdll.dll
0x00007ffb0b130000 - 0x00007ffb0b26e000 	C:\Windows\system32\KERNEL32.DLL
0x00007ffb0a700000 - 0x00007ffb0a815000 	C:\Windows\system32\KERNELBASE.dll
0x00007ffb091b0000 - 0x00007ffb0923e000 	C:\Windows\system32\apphelp.dll
0x00007ffaed3c0000 - 0x00007ffaed413000 	C:\Windows\AppPatch\AppPatch64\AcGenral.DLL
0x00007ffb0ab60000 - 0x00007ffb0ac0a000 	C:\Windows\system32\msvcrt.dll
0x00007ffb0a6d0000 - 0x00007ffb0a6fe000 	C:\Windows\system32\SspiCli.dll
0x00007ffb0ae80000 - 0x00007ffb0aed4000 	C:\Windows\system32\SHLWAPI.dll
0x00007ffb0af50000 - 0x00007ffb0b0c7000 	C:\Windows\system32\USER32.dll
0x00007ffb0bb50000 - 0x00007ffb0bce4000 	C:\Windows\system32\ole32.dll
0x00007ffb0bfa0000 - 0x00007ffb0d4cb000 	C:\Windows\system32\SHELL32.dll
0x00007ffb09bd0000 - 0x00007ffb09bf1000 	C:\Windows\SYSTEM32\USERENV.dll
0x00007ffb0b6a0000 - 0x00007ffb0b74a000 	C:\Windows\system32\ADVAPI32.dll
0x00007ffafba20000 - 0x00007ffafba3e000 	C:\Windows\SYSTEM32\MPR.dll
0x00007ffb0be60000 - 0x00007ffb0bfa0000 	C:\Windows\system32\RPCRT4.dll
0x00007ffb0ae20000 - 0x00007ffb0ae79000 	C:\Windows\SYSTEM32\sechost.dll
0x00007ffb0b930000 - 0x00007ffb0bb41000 	C:\Windows\SYSTEM32\combase.dll
0x00007ffb0b390000 - 0x00007ffb0b4e0000 	C:\Windows\system32\GDI32.dll
0x00007ffb0a600000 - 0x00007ffb0a615000 	C:\Windows\SYSTEM32\profapi.dll
0x00007ffb08e90000 - 0x00007ffb08f42000 	C:\Windows\SYSTEM32\SHCORE.dll
0x00007ffb0ac30000 - 0x00007ffb0ac66000 	C:\Windows\system32\IMM32.DLL
0x00007ffb0bcf0000 - 0x00007ffb0be42000 	C:\Windows\system32\MSCTF.dll
0x00007ffb08550000 - 0x00007ffb087cb000 	C:\Windows\WinSxS\amd64_microsoft.windows.common-controls_6595b64144ccf1df_6.0.9600.18006_none_623f33d3ecbe86e8\COMCTL32.dll
0x00000000609b0000 - 0x0000000060a82000 	C:\Program Files\Java\jdk1.8.0_73\jre\bin\msvcr100.dll
0x0000000060f10000 - 0x00000000617a0000 	C:\Program Files\Java\jdk1.8.0_73\jre\bin\server\jvm.dll
0x00007ffb01090000 - 0x00007ffb01099000 	C:\Windows\SYSTEM32\WSOCK32.dll
0x00007ffb07df0000 - 0x00007ffb07e12000 	C:\Windows\SYSTEM32\WINMM.dll
0x00007ffb07e20000 - 0x00007ffb07e2a000 	C:\Windows\SYSTEM32\VERSION.dll
0x00007ffb0b4e0000 - 0x00007ffb0b4e7000 	C:\Windows\system32\PSAPI.DLL
0x00007ffb0b0d0000 - 0x00007ffb0b12a000 	C:\Windows\system32\WS2_32.dll
0x00007ffb06fa0000 - 0x00007ffb06fca000 	C:\Windows\SYSTEM32\WINMMBASE.dll
0x00007ffb0be50000 - 0x00007ffb0be59000 	C:\Windows\system32\NSI.dll
0x00007ffb0a820000 - 0x00007ffb0a86f000 	C:\Windows\SYSTEM32\cfgmgr32.dll
0x00007ffb09420000 - 0x00007ffb09448000 	C:\Windows\SYSTEM32\DEVOBJ.dll
0x0000000060e20000 - 0x0000000060e2f000 	C:\Program Files\Java\jdk1.8.0_73\jre\bin\verify.dll
0x0000000060df0000 - 0x0000000060e19000 	C:\Program Files\Java\jdk1.8.0_73\jre\bin\java.dll
0x0000000060dd0000 - 0x0000000060de6000 	C:\Program Files\Java\jdk1.8.0_73\jre\bin\zip.dll

VM Arguments:
jvm_args: -Djava.awt.headless=true -Xmx1024M -Dfile.encoding=windows-1252 -Duser.country=DE -Duser.language=de -Duser.variant 
java_command: com.android.dx.command.Main --dex --force-jumbo --num-threads=4 --multi-dex --output F:\Programmieren\Android\Kassenautomat_master\Kassenautomat\Kassenautomat_DHBW_AS\app\build\intermediates\transforms\dex\debug\folders\1000\5\slice_0 F:\Programmieren\Android\Kassenautomat_master\Kassenautomat\Kassenautomat_DHBW_AS\app\build\intermediates\transforms\instantRunSlicer\debug\folders\1\5\slice_0
java_class_path (initial): C:\Users\Michael\AppData\Local\Android\sdk\build-tools\23.0.2\lib\dx.jar
Launcher Type: SUN_STANDARD

Environment Variables:
JAVA_HOME=C:\Program Files\Java\jdk1.8.0_73
PATH=C:\Python34\Lib\site-packages\PyQt4;C:\Python35\Lib\site-packages\PyQt5;C:\Python351\Lib\site-packages\PyQt5;C:\ProgramData\Oracle\Java\javapath;C:\Program Files (x86)\Intel\iCLS Client\;C:\Program Files\Intel\iCLS Client\;C:\Windows\system32;C:\Windows;C:\Windows\System32\Wbem;C:\Windows\System32\WindowsPowerShell\v1.0\;C:\Program Files (x86)\Intel\Intel(R) Management Engine Components\DAL;C:\Program Files\Intel\Intel(R) Management Engine Components\DAL;C:\Program Files (x86)\Intel\Intel(R) Management Engine Components\IPT;C:\Program Files\Intel\Intel(R) Management Engine Components\IPT;C:\Program Files (x86)\NVIDIA Corporation\PhysX\Common;C:\Program Files (x86)\Notepad++;C:\Program Files (x86)\Skype\Phone\;F:\Programmieren\Python\Python;C:\MinGW;C:\MinGW\bin;C:\LinuxUtils;C:\Program Files\swipl\bin;C:\Program Files\7-Zip;C:\Users\Michael\AppData\Local\GitHub\PortableGit_c7e0cbde92ba565cb218a521411d0e854079a28c\bin;C:\Users\Michael\AppData\Local\GitHub\PortableGit_c7e0cbde92ba565cb218a521411d0e854079a28c\cmd;C:\Program Files (x86)\Google\Cloud SDK\google-cloud-sdk\bin;C:\Python34\Lib\site-packages\PyQt5;C:\Program Files\Git\cmd;C:\Program Files (x86)\nodejs\;E:\InstallierteProgramme\VC\bin;C:\Program Files (x86)\CMake\bin;C:\Users\Michael\AppData\Local\atom\bin;C:\Program Files (x86)\Google\google_appengine\;C:\Users\Michael\AppData\Roaming\npm
USERNAME=Michael
OS=Windows_NT
PROCESSOR_IDENTIFIER=Intel64 Family 6 Model 94 Stepping 3, GenuineIntel



---------------  S Y S T E M  ---------------

OS: Windows 8.1 , 64 bit Build 9600 (6.3.9600.17415)

CPU:total 8 (4 cores per cpu, 2 threads per core) family 6 model 94 stepping 3, cmov, cx8, fxsr, mmx, sse, sse2, sse3, ssse3, sse4.1, sse4.2, popcnt, avx, avx2, aes, clmul, erms, rtm, 3dnowpref, lzcnt, ht, tsc, tscinvbit, bmi1, bmi2, adx

Memory: 4k page, physical 8281628k(871816k free), swap 11427356k(5188k free)

vm_info: Java HotSpot(TM) 64-Bit Server VM (25.73-b02) for windows-amd64 JRE (1.8.0_73-b02), built on Jan 29 2016 17:38:49 by "java_re" with MS VC++ 10.0 (VS2010)

time: Tue May 17 16:06:00 2016
elapsed time: 1 seconds (0d 0h 0m 1s)

