#
# There is insufficient memory for the Java Runtime Environment to continue.
# Native memory allocation (malloc) failed to allocate 122576 bytes for Chunk::new
# Possible reasons:
#   The system is out of physical RAM or swap space
#   In 32 bit mode, the process size limit was hit
# Possible solutions:
#   Reduce memory load on the system
#   Increase physical memory or swap space
#   Check if swap backing store is full
#   Use 64 bit Java on a 64 bit OS
#   Decrease Java heap size (-Xmx/-Xms)
#   Decrease number of Java threads
#   Decrease Java thread stack sizes (-Xss)
#   Set larger code cache with -XX:ReservedCodeCacheSize=
# This output file may be truncated or incomplete.
#
#  Out of Memory Error (allocation.cpp:390), pid=18000, tid=17788
#
# JRE version: Java(TM) SE Runtime Environment (8.0_73-b02) (build 1.8.0_73-b02)
# Java VM: Java HotSpot(TM) 64-Bit Server VM (25.73-b02 mixed mode windows-amd64 compressed oops)
# Failed to write core dump. Minidumps are not enabled by default on client versions of Windows
#

---------------  T H R E A D  ---------------

Current thread (0x0000000017419800):  JavaThread "C2 CompilerThread0" daemon [_thread_in_native, id=17788, stack(0x00000000179f0000,0x0000000017af0000)]

Stack: [0x00000000179f0000,0x0000000017af0000]
[error occurred during error reporting (printing stack bounds), id 0xc0000005]

Native frames: (J=compiled Java code, j=interpreted, Vv=VM code, C=native code)


Current CompileTask:
C2:   3135 1562       4       com.android.dx.ssa.SCCP::simulateBlock (54 bytes)


---------------  P R O C E S S  ---------------

Java Threads: ( => current thread )
  0x0000000017766800 JavaThread "pool-2-thread-4" [_thread_blocked, id=18192, stack(0x0000000018bf0000,0x0000000018cf0000)]
  0x0000000017765800 JavaThread "pool-2-thread-3" [_thread_blocked, id=12528, stack(0x0000000018af0000,0x0000000018bf0000)]
  0x0000000017763000 JavaThread "pool-2-thread-2" [_thread_blocked, id=15428, stack(0x00000000189f0000,0x0000000018af0000)]
  0x000000001775e000 JavaThread "pool-3-thread-1" [_thread_blocked, id=17504, stack(0x00000000188f0000,0x00000000189f0000)]
  0x0000000018043000 JavaThread "pool-2-thread-1" [_thread_blocked, id=17552, stack(0x00000000187f0000,0x00000000188f0000)]
  0x0000000017487000 JavaThread "Service Thread" daemon [_thread_blocked, id=17816, stack(0x0000000017df0000,0x0000000017ef0000)]
  0x000000001747f800 JavaThread "C1 CompilerThread3" daemon [_thread_blocked, id=12368, stack(0x0000000017cf0000,0x0000000017df0000)]
  0x0000000017478000 JavaThread "C2 CompilerThread2" daemon [_thread_in_native, id=14468, stack(0x0000000017bf0000,0x0000000017cf0000)]
  0x0000000017473000 JavaThread "C2 CompilerThread1" daemon [_thread_in_native, id=3548, stack(0x0000000017af0000,0x0000000017bf0000)]
=>0x0000000017419800 JavaThread "C2 CompilerThread0" daemon [_thread_in_native, id=17788, stack(0x00000000179f0000,0x0000000017af0000)]
  0x0000000017416000 JavaThread "Attach Listener" daemon [_thread_blocked, id=18380, stack(0x00000000178f0000,0x00000000179f0000)]
  0x0000000017415800 JavaThread "Signal Dispatcher" daemon [_thread_blocked, id=17904, stack(0x00000000177f0000,0x00000000178f0000)]
  0x00000000027da800 JavaThread "Finalizer" daemon [_thread_blocked, id=17948, stack(0x00000000171e0000,0x00000000172e0000)]
  0x00000000027d4000 JavaThread "Reference Handler" daemon [_thread_blocked, id=18332, stack(0x00000000170e0000,0x00000000171e0000)]
  0x000000000256e000 JavaThread "main" [_thread_in_Java, id=18324, stack(0x00000000025e0000,0x00000000026e0000)]

Other Threads:
  0x00000000152f9800 VMThread [stack: 0x0000000016fe0000,0x00000000170e0000] [id=16496]
  0x0000000017499800 WatcherThread [stack: 0x0000000017ef0000,0x0000000017ff0000] [id=15012]

VM state:not at safepoint (normal execution)

VM Mutex/Monitor currently owned by a thread: None

Heap:
 PSYoungGen      total 71680K, used 23391K [0x00000000eab00000, 0x00000000ef600000, 0x0000000100000000)
  eden space 66560K, 27% used [0x00000000eab00000,0x00000000ebcdee08,0x00000000eec00000)
  from space 5120K, 99% used [0x00000000ef100000,0x00000000ef5f9190,0x00000000ef600000)
  to   space 5120K, 0% used [0x00000000eec00000,0x00000000eec00000,0x00000000ef100000)
 ParOldGen       total 87552K, used 5385K [0x00000000c0000000, 0x00000000c5580000, 0x00000000eab00000)
  object space 87552K, 6% used [0x00000000c0000000,0x00000000c05425e0,0x00000000c5580000)
 Metaspace       used 6192K, capacity 7088K, committed 7296K, reserved 1056768K
  class space    used 602K, capacity 616K, committed 640K, reserved 1048576K

Card table byte_map: [0x0000000011ba0000,0x0000000011db0000] byte_map_base: 0x00000000115a0000

Marking Bits: (ParMarkBitMap*) 0x0000000061720600
 Begin Bits: [0x0000000012710000, 0x0000000013710000)
 End Bits:   [0x0000000013710000, 0x0000000014710000)

Polling page: 0x0000000002490000

CodeCache: size=245760Kb used=6630Kb max_used=6641Kb free=239130Kb
 bounds [0x00000000027e0000, 0x0000000002e70000, 0x00000000117e0000]
 total_blobs=1849 nmethods=1580 adapters=182
 compilation: enabled

Compilation events (10 events):
Event: 3.054 Thread 0x0000000017473000 nmethod 1487 0x0000000002e5d2d0 code [0x0000000002e5d460, 0x0000000002e5daf8]
Event: 3.054 Thread 0x0000000017473000 1561       4       com.android.dx.ssa.SsaBasicBlock::exitBlockFixup (58 bytes)
Event: 3.065 Thread 0x0000000017473000 nmethod 1561 0x0000000002e5ed90 code [0x0000000002e5ef00, 0x0000000002e5f678]
Event: 3.065 Thread 0x0000000017473000 1474       4       com.android.dx.ssa.Dominators$DfsWalker::visitBlock (59 bytes)
Event: 3.073 Thread 0x0000000017473000 nmethod 1474 0x0000000002e5c6d0 code [0x0000000002e5c840, 0x0000000002e5cdb8]
Event: 3.075 Thread 0x0000000017473000 1591       4       com.android.dx.dex.code.RopTranslator::getRegs (64 bytes)
Event: 3.084 Thread 0x0000000017473000 nmethod 1591 0x0000000002e5e210 code [0x0000000002e5e3a0, 0x0000000002e5e828]
Event: 3.085 Thread 0x0000000017473000 1592       4       com.android.dx.rop.type.Type::isIntlike (56 bytes)
Event: 3.086 Thread 0x0000000017473000 nmethod 1592 0x0000000002d8e390 code [0x0000000002d8e4c0, 0x0000000002d8e538]
Event: 3.086 Thread 0x0000000017473000 1593   !   4       com.android.dx.cf.code.BytecodeArray::parseInstruction (2764 bytes)

GC Heap History (4 events):
Event: 2.126 GC heap before
{Heap before GC invocations=1 (full 0):
 PSYoungGen      total 38400K, used 33280K [0x00000000eab00000, 0x00000000ed580000, 0x0000000100000000)
  eden space 33280K, 100% used [0x00000000eab00000,0x00000000ecb80000,0x00000000ecb80000)
  from space 5120K, 0% used [0x00000000ed080000,0x00000000ed080000,0x00000000ed580000)
  to   space 5120K, 0% used [0x00000000ecb80000,0x00000000ecb80000,0x00000000ed080000)
 ParOldGen       total 87552K, used 0K [0x00000000c0000000, 0x00000000c5580000, 0x00000000eab00000)
  object space 87552K, 0% used [0x00000000c0000000,0x00000000c0000000,0x00000000c5580000)
 Metaspace       used 5973K, capacity 6896K, committed 7040K, reserved 1056768K
  class space    used 601K, capacity 616K, committed 640K, reserved 1048576K
Event: 2.199 GC heap after
Heap after GC invocations=1 (full 0):
 PSYoungGen      total 38400K, used 5091K [0x00000000eab00000, 0x00000000ef600000, 0x0000000100000000)
  eden space 33280K, 0% used [0x00000000eab00000,0x00000000eab00000,0x00000000ecb80000)
  from space 5120K, 99% used [0x00000000ecb80000,0x00000000ed078ea8,0x00000000ed080000)
  to   space 5120K, 0% used [0x00000000ef100000,0x00000000ef100000,0x00000000ef600000)
 ParOldGen       total 87552K, used 918K [0x00000000c0000000, 0x00000000c5580000, 0x00000000eab00000)
  object space 87552K, 1% used [0x00000000c0000000,0x00000000c00e59f0,0x00000000c5580000)
 Metaspace       used 5973K, capacity 6896K, committed 7040K, reserved 1056768K
  class space    used 601K, capacity 616K, committed 640K, reserved 1048576K
}
Event: 2.834 GC heap before
{Heap before GC invocations=2 (full 0):
 PSYoungGen      total 38400K, used 38371K [0x00000000eab00000, 0x00000000ef600000, 0x0000000100000000)
  eden space 33280K, 100% used [0x00000000eab00000,0x00000000ecb80000,0x00000000ecb80000)
  from space 5120K, 99% used [0x00000000ecb80000,0x00000000ed078ea8,0x00000000ed080000)
  to   space 5120K, 0% used [0x00000000ef100000,0x00000000ef100000,0x00000000ef600000)
 ParOldGen       total 87552K, used 918K [0x00000000c0000000, 0x00000000c5580000, 0x00000000eab00000)
  object space 87552K, 1% used [0x00000000c0000000,0x00000000c00e59f0,0x00000000c5580000)
 Metaspace       used 6184K, capacity 7088K, committed 7296K, reserved 1056768K
  class space    used 602K, capacity 616K, committed 640K, reserved 1048576K
Event: 2.923 GC heap after
Heap after GC invocations=2 (full 0):
 PSYoungGen      total 71680K, used 5092K [0x00000000eab00000, 0x00000000ef600000, 0x0000000100000000)
  eden space 66560K, 0% used [0x00000000eab00000,0x00000000eab00000,0x00000000eec00000)
  from space 5120K, 99% used [0x00000000ef100000,0x00000000ef5f9190,0x00000000ef600000)
  to   space 5120K, 0% used [0x00000000eec00000,0x00000000eec00000,0x00000000ef100000)
 ParOldGen       total 87552K, used 5385K [0x00000000c0000000, 0x00000000c5580000, 0x00000000eab00000)
  object space 87552K, 6% used [0x00000000c0000000,0x00000000c05425e0,0x00000000c5580000)
 Metaspace       used 6184K, capacity 7088K, committed 7296K, reserved 1056768K
  class space    used 602K, capacity 616K, committed 640K, reserved 1048576K
}

Deoptimization events (10 events):
Event: 1.521 Thread 0x0000000017765800 Uncommon trap: reason=null_check action=make_not_entrant pc=0x0000000002aa7d60 method=com.android.dx.ssa.SsaRenamer.getLocalForNewReg(I)Lcom/android/dx/rop/code/LocalItem; @ 19
Event: 2.467 Thread 0x0000000018043000 Uncommon trap: reason=bimorphic action=maybe_recompile pc=0x0000000002c81ecc method=com.android.dx.cf.code.BytecodeArray.parseInstruction(ILcom/android/dx/cf/code/BytecodeArray$Visitor;)I @ 2484
Event: 2.468 Thread 0x0000000018043000 Uncommon trap: reason=bimorphic action=maybe_recompile pc=0x0000000002c81ecc method=com.android.dx.cf.code.BytecodeArray.parseInstruction(ILcom/android/dx/cf/code/BytecodeArray$Visitor;)I @ 2484
Event: 2.563 Thread 0x000000000256e000 Uncommon trap: reason=unstable_if action=reinterpret pc=0x0000000002d6d678 method=com.android.dx.rop.cst.StdConstantPool.set(ILcom/android/dx/rop/cst/Constant;)V @ 12
Event: 2.654 Thread 0x0000000017763000 Uncommon trap: reason=uninitialized action=reinterpret pc=0x0000000002c82820 method=com.android.dx.cf.code.BytecodeArray.parseInstruction(ILcom/android/dx/cf/code/BytecodeArray$Visitor;)I @ 1095
Event: 2.698 Thread 0x0000000017763000 Uncommon trap: reason=unstable_if action=reinterpret pc=0x0000000002a5f89c method=com.android.dx.rop.cst.Constant.compareTo(Lcom/android/dx/rop/cst/Constant;)I @ 12
Event: 2.753 Thread 0x0000000017765800 Uncommon trap: reason=unstable_if action=reinterpret pc=0x0000000002d09c34 method=com.android.dx.ssa.SCCP.simulateStmt(Lcom/android/dx/ssa/SsaInsn;)V @ 53
Event: 2.760 Thread 0x0000000017763000 Uncommon trap: reason=unstable_if action=reinterpret pc=0x0000000002dc058c method=com.android.dx.ssa.SsaRenamer$BlockRenamer.process()V @ 90
Event: 2.925 Thread 0x0000000017763000 Uncommon trap: reason=unstable_if action=reinterpret pc=0x0000000002d7edf8 method=com.android.dx.ssa.SCCP.simulateBranch(Lcom/android/dx/ssa/SsaInsn;)V @ 64
Event: 2.945 Thread 0x0000000017765800 Uncommon trap: reason=bimorphic action=maybe_recompile pc=0x0000000002bdadb4 method=java.util.HashMap.putVal(ILjava/lang/Object;Ljava/lang/Object;ZZ)Ljava/lang/Object; @ 203

Internal exceptions (3 events):
Event: 0.039 Thread 0x000000000256e000 Exception <a 'java/lang/NoSuchMethodError': Method sun.misc.Unsafe.defineClass(Ljava/lang/String;[BII)Ljava/lang/Class; name or signature does not match> (0x00000000eab0dd58) thrown at [D:\re\puppet\workspace\8-2-build-windows-amd64-cygwin\jdk8u73\6086\hotê“®â¯9¤?
Event: 0.040 Thread 0x000000000256e000 Exception <a 'java/lang/NoSuchMethodError': Method sun.misc.Unsafe.prefetchRead(Ljava/lang/Object;J)V name or signature does not match> (0x00000000eab0e040) thrown at [D:\re\puppet\workspace\8-2-build-windows-amd64-cygwin\jdk8u73\6086\hotspot\src\share\vm\:¾?.Vø?
Event: 1.521 Thread 0x0000000017765800 Implicit null exception at 0x0000000002aa5ac1 to 0x0000000002aa7d1d

Events (10 events):
Event: 2.760 Thread 0x0000000017763000 DEOPT PACKING pc=0x0000000002dc058c sp=0x0000000018aee850
Event: 2.760 Thread 0x0000000017763000 DEOPT UNPACKING pc=0x000000000282582a sp=0x0000000018aee830 mode 2
Event: 2.773 Executing VM operation: ParallelGCFailedAllocation
Event: 2.923 Executing VM operation: ParallelGCFailedAllocation done
Event: 2.925 Thread 0x0000000017763000 Uncommon trap: trap_request=0xffffff65 fr.pc=0x0000000002d7edf8
Event: 2.925 Thread 0x0000000017763000 DEOPT PACKING pc=0x0000000002d7edf8 sp=0x0000000018aee760
Event: 2.925 Thread 0x0000000017763000 DEOPT UNPACKING pc=0x000000000282582a sp=0x0000000018aee700 mode 2
Event: 2.945 Thread 0x0000000017765800 Uncommon trap: trap_request=0xffffffc6 fr.pc=0x0000000002bdadb4
Event: 2.945 Thread 0x0000000017765800 DEOPT PACKING pc=0x0000000002bdadb4 sp=0x0000000018bee520
Event: 2.945 Thread 0x0000000017765800 DEOPT UNPACKING pc=0x000000000282582a sp=0x0000000018bee4a8 mode 2


Dynamic libraries:
0x00007ff7563b0000 - 0x00007ff7563e7000 	C:\Program Files\Java\jdk1.8.0_73\bin\java.exe
0x00007ffb0d4d0000 - 0x00007ffb0d67d000 	C:\Windows\SYSTEM32\ntdll.dll
0x00007ffb0b130000 - 0x00007ffb0b26e000 	C:\Windows\system32\KERNEL32.DLL
0x00007ffb0a700000 - 0x00007ffb0a815000 	C:\Windows\system32\KERNELBASE.dll
0x00007ffb091b0000 - 0x00007ffb0923e000 	C:\Windows\system32\apphelp.dll
0x00007ffae3030000 - 0x00007ffae3083000 	C:\Windows\AppPatch\AppPatch64\AcGenral.DLL
0x00007ffb0ab60000 - 0x00007ffb0ac0a000 	C:\Windows\system32\msvcrt.dll
0x00007ffb0a6d0000 - 0x00007ffb0a6fe000 	C:\Windows\system32\SspiCli.dll
0x00007ffb0ae80000 - 0x00007ffb0aed4000 	C:\Windows\system32\SHLWAPI.dll
0x00007ffb0af50000 - 0x00007ffb0b0c7000 	C:\Windows\system32\USER32.dll
0x00007ffb0bb50000 - 0x00007ffb0bce4000 	C:\Windows\system32\ole32.dll
0x00007ffb0bfa0000 - 0x00007ffb0d4cb000 	C:\Windows\system32\SHELL32.dll
0x00007ffb09bd0000 - 0x00007ffb09bf1000 	C:\Windows\SYSTEM32\USERENV.dll
0x00007ffb0b6a0000 - 0x00007ffb0b74a000 	C:\Windows\system32\ADVAPI32.dll
0x00007ffafba20000 - 0x00007ffafba3e000 	C:\Windows\SYSTEM32\MPR.dll
0x00007ffb0be60000 - 0x00007ffb0bfa0000 	C:\Windows\system32\RPCRT4.dll
0x00007ffb0ae20000 - 0x00007ffb0ae79000 	C:\Windows\SYSTEM32\sechost.dll
0x00007ffb0b930000 - 0x00007ffb0bb41000 	C:\Windows\SYSTEM32\combase.dll
0x00007ffb0b390000 - 0x00007ffb0b4e0000 	C:\Windows\system32\GDI32.dll
0x00007ffb0a600000 - 0x00007ffb0a615000 	C:\Windows\SYSTEM32\profapi.dll
0x00007ffb08e90000 - 0x00007ffb08f42000 	C:\Windows\SYSTEM32\SHCORE.dll
0x00007ffb0ac30000 - 0x00007ffb0ac66000 	C:\Windows\system32\IMM32.DLL
0x00007ffb0bcf0000 - 0x00007ffb0be42000 	C:\Windows\system32\MSCTF.dll
0x00007ffb08550000 - 0x00007ffb087cb000 	C:\Windows\WinSxS\amd64_microsoft.windows.common-controls_6595b64144ccf1df_6.0.9600.18006_none_623f33d3ecbe86e8\COMCTL32.dll
0x00000000609b0000 - 0x0000000060a82000 	C:\Program Files\Java\jdk1.8.0_73\jre\bin\msvcr100.dll
0x0000000060f10000 - 0x00000000617a0000 	C:\Program Files\Java\jdk1.8.0_73\jre\bin\server\jvm.dll
0x00007ffb01090000 - 0x00007ffb01099000 	C:\Windows\SYSTEM32\WSOCK32.dll
0x00007ffb07df0000 - 0x00007ffb07e12000 	C:\Windows\SYSTEM32\WINMM.dll
0x00007ffb07e20000 - 0x00007ffb07e2a000 	C:\Windows\SYSTEM32\VERSION.dll
0x00007ffb0b4e0000 - 0x00007ffb0b4e7000 	C:\Windows\system32\PSAPI.DLL
0x00007ffb0b0d0000 - 0x00007ffb0b12a000 	C:\Windows\system32\WS2_32.dll
0x00007ffb06fa0000 - 0x00007ffb06fca000 	C:\Windows\SYSTEM32\WINMMBASE.dll
0x00007ffb0be50000 - 0x00007ffb0be59000 	C:\Windows\system32\NSI.dll
0x00007ffb0a820000 - 0x00007ffb0a86f000 	C:\Windows\SYSTEM32\cfgmgr32.dll
0x00007ffb09420000 - 0x00007ffb09448000 	C:\Windows\SYSTEM32\DEVOBJ.dll
0x0000000060e20000 - 0x0000000060e2f000 	C:\Program Files\Java\jdk1.8.0_73\jre\bin\verify.dll
0x0000000060df0000 - 0x0000000060e19000 	C:\Program Files\Java\jdk1.8.0_73\jre\bin\java.dll
0x0000000060dd0000 - 0x0000000060de6000 	C:\Program Files\Java\jdk1.8.0_73\jre\bin\zip.dll

VM Arguments:
jvm_args: -Djava.awt.headless=true -Xmx1024M -Dfile.encoding=windows-1252 -Duser.country=DE -Duser.language=de -Duser.variant 
java_command: com.android.dx.command.Main --dex --force-jumbo --num-threads=4 --multi-dex --output F:\Programmieren\Android\Kassenautomat_master\Kassenautomat\Kassenautomat_DHBW_AS\app\build\intermediates\transforms\dex\debug\folders\1000\10\com.android.support-appcompat-v7-23.0.1_501a209c68801004c6a712e08c2dded66d94cb04 F:\Programmieren\Android\Kassenautomat_master\Kassenautomat\Kassenautomat_DHBW_AS\app\build\intermediates\exploded-aar\com.android.support\appcompat-v7\23.0.1\jars\classes.jar
java_class_path (initial): C:\Users\Michael\AppData\Local\Android\sdk\build-tools\23.0.2\lib\dx.jar
Launcher Type: SUN_STANDARD

Environment Variables:
JAVA_HOME=C:\Program Files\Java\jdk1.8.0_73
PATH=C:\Python34\Lib\site-packages\PyQt4;C:\Python35\Lib\site-packages\PyQt5;C:\Python351\Lib\site-packages\PyQt5;C:\ProgramData\Oracle\Java\javapath;C:\Program Files (x86)\Intel\iCLS Client\;C:\Program Files\Intel\iCLS Client\;C:\Windows\system32;C:\Windows;C:\Windows\System32\Wbem;C:\Windows\System32\WindowsPowerShell\v1.0\;C:\Program Files (x86)\Intel\Intel(R) Management Engine Components\DAL;C:\Program Files\Intel\Intel(R) Management Engine Components\DAL;C:\Program Files (x86)\Intel\Intel(R) Management Engine Components\IPT;C:\Program Files\Intel\Intel(R) Management Engine Components\IPT;C:\Program Files (x86)\NVIDIA Corporation\PhysX\Common;C:\Program Files (x86)\Notepad++;C:\Program Files (x86)\Skype\Phone\;F:\Programmieren\Python\Python;C:\MinGW;C:\MinGW\bin;C:\LinuxUtils;C:\Program Files\swipl\bin;C:\Program Files\7-Zip;C:\Users\Michael\AppData\Local\GitHub\PortableGit_c7e0cbde92ba565cb218a521411d0e854079a28c\bin;C:\Users\Michael\AppData\Local\GitHub\PortableGit_c7e0cbde92ba565cb218a521411d0e854079a28c\cmd;C:\Program Files (x86)\Google\Cloud SDK\google-cloud-sdk\bin;C:\Python34\Lib\site-packages\PyQt5;C:\Program Files\Git\cmd;C:\Program Files (x86)\nodejs\;E:\InstallierteProgramme\VC\bin;C:\Program Files (x86)\CMake\bin;C:\Users\Michael\AppData\Local\atom\bin;C:\Program Files (x86)\Google\google_appengine\;C:\Users\Michael\AppData\Roaming\npm
USERNAME=Michael
OS=Windows_NT
PROCESSOR_IDENTIFIER=Intel64 Family 6 Model 94 Stepping 3, GenuineIntel



---------------  S Y S T E M  ---------------

OS: Windows 8.1 , 64 bit Build 9600 (6.3.9600.17415)

CPU:total 8 (4 cores per cpu, 2 threads per core) family 6 model 94 stepping 3, cmov, cx8, fxsr, mmx, sse, sse2, sse3, ssse3, sse4.1, sse4.2, popcnt, avx, avx2, aes, clmul, erms, rtm, 3dnowpref, lzcnt, ht, tsc, tscinvbit, bmi1, bmi2, adx

Memory: 4k page, physical 8281628k(1253828k free), swap 11427356k(3204k free)

vm_info: Java HotSpot(TM) 64-Bit Server VM (25.73-b02) for windows-amd64 JRE (1.8.0_73-b02), built on Jan 29 2016 17:38:49 by "java_re" with MS VC++ 10.0 (VS2010)

time: Tue May 17 05:24:58 2016
elapsed time: 3 seconds (0d 0h 0m 3s)

