#
# A fatal error has been detected by the Java Runtime Environment:
#
#  EXCEPTION_STACK_OVERFLOW (0xc00000fd) at pc=0x00000000611219a7, pid=17484, tid=16240
#
# JRE version: Java(TM) SE Runtime Environment (8.0_73-b02) (build 1.8.0_73-b02)
# Java VM: Java HotSpot(TM) 64-Bit Server VM (25.73-b02 mixed mode windows-amd64 compressed oops)
# Problematic frame:
# V  [jvm.dll+0x2119a7]
#
# Failed to write core dump. Minidumps are not enabled by default on client versions of Windows
#
# If you would like to submit a bug report, please visit:
#   http://bugreport.java.com/bugreport/crash.jsp
#

---------------  T H R E A D  ---------------

Current thread (0x0000000017668800):  JavaThread "pool-2-thread-2" [_thread_in_vm, id=16240, stack(0x0000000018180000,0x0000000018280000)]

siginfo: ExceptionCode=0xc00000fd, ExceptionInformation=0x0000000000000001 0x000000001827b700 

Registers:
RAX=0x000000001827b700, RBX=0x0000000000000005, RCX=0x0000000000004000, RDX=0x0000000000000006
RSP=0x000000001827f700, RBP=0x0000000000000000, RSI=0x000000001827f700, RDI=0x0000000000000005
R8 =0x0000000000000006, R9 =0x00000000175a34f0, R10=0x00000000148ad508, R11=0x000000001818a148
R12=0x00000000175a34f0, R13=0x0000000017668800, R14=0x000000001827f7c8, R15=0x00000000148ad508
RIP=0x00000000611219a7, EFLAGS=0x0000000000010206

Top of Stack: (sp=0x000000001827f700)
0x000000001827f700:   000000001766d9c0 0000000060a04e7e
0x000000001827f710:   0000000017668800 00000000175a34f0
0x000000001827f720:   00000000ffffffff 00000000611228d7
0x000000001827f730:   000000001827f830 00000000148ad508
0x000000001827f740:   0000000017668800 0000000060fcf603
0x000000001827f750:   000000001827f790 0000000017668800
0x000000001827f760:   000000001827f820 0000000017668800
0x000000001827f770:   00000000148ad508 0000000017668800
0x000000001827f780:   00000000027610e0 0000000017668800
0x000000001827f790:   00000000148ad508 0000000017668800
0x000000001827f7a0:   00000000148ad508 0000000017668800
0x000000001827f7b0:   0000000000000001 00000000148ad508
0x000000001827f7c0:   0000000017668800 000000001740a610
0x000000001827f7d0:   0000000017668800 0000000060fd0aed
0x000000001827f7e0:   000000001827fae8 00000001000069a0
0x000000001827f7f0:   00000001000069a0 0000000000000000 

Instructions: (pc=0x00000000611219a7)
0x0000000061121987:   48 89 6c 24 30 33 ed 66 90 e8 5b 37 08 00 ff c3
0x0000000061121997:   48 63 c8 48 8b c6 48 0f af cf 48 ff c7 48 2b c1
0x00000000611219a7:   89 28 48 63 c3 48 3b 05 dd ac 58 00 7e db 48 8b
0x00000000611219b7:   6c 24 30 48 8b 5c 24 38 48 8b 74 24 40 48 83 c4 


Register to memory mapping:

RAX=0x000000001827b700 is pointing into the stack for thread: 0x0000000017668800
RBX=0x0000000000000005 is an unknown value
RCX=0x0000000000004000 is an unknown value
RDX=0x0000000000000006 is an unknown value
RSP=0x000000001827f700 is pointing into the stack for thread: 0x0000000017668800
RBP=0x0000000000000000 is an unknown value
RSI=0x000000001827f700 is pointing into the stack for thread: 0x0000000017668800
RDI=0x0000000000000005 is an unknown value
R8 =0x0000000000000006 is an unknown value
R9 =0x00000000175a34f0 is an unknown value
R10={method} {0x00000000148ad510} 'run' '()V' in 'java/lang/Thread'
R11=0x000000001818a148 is pointing into the stack for thread: 0x0000000017668800
R12=0x00000000175a34f0 is an unknown value
R13=0x0000000017668800 is a thread
R14=0x000000001827f7c8 is pointing into the stack for thread: 0x0000000017668800
R15={method} {0x00000000148ad510} 'run' '()V' in 'java/lang/Thread'


Stack: [0x0000000018180000,0x0000000018280000],  sp=0x000000001827f700,  free space=1021k
Native frames: (J=compiled Java code, j=interpreted, Vv=VM code, C=native code)


---------------  P R O C E S S  ---------------

Java Threads: ( => current thread )
  0x0000000017674800 JavaThread "pool-2-thread-4" [_thread_blocked, id=15004, stack(0x0000000018380000,0x0000000018480000)]
  0x0000000017672000 JavaThread "pool-2-thread-3" [_thread_blocked, id=16784, stack(0x0000000018280000,0x0000000018380000)]
=>0x0000000017668800 JavaThread "pool-2-thread-2" [_thread_in_vm, id=16240, stack(0x0000000018180000,0x0000000018280000)]
  0x00000000175ae000 JavaThread "pool-3-thread-1" [_thread_blocked, id=15516, stack(0x0000000018080000,0x0000000018180000)]
  0x00000000175ad000 JavaThread "pool-2-thread-1" [_thread_blocked, id=15600, stack(0x0000000017f80000,0x0000000018080000)]
  0x0000000017414800 JavaThread "Service Thread" daemon [_thread_blocked, id=16316, stack(0x0000000017d80000,0x0000000017e80000)]
  0x000000001740d800 JavaThread "C1 CompilerThread3" daemon [_thread_blocked, id=16576, stack(0x0000000017c80000,0x0000000017d80000)]
  0x0000000017409800 JavaThread "C2 CompilerThread2" daemon [_thread_blocked, id=13352, stack(0x0000000017b80000,0x0000000017c80000)]
  0x0000000017402800 JavaThread "C2 CompilerThread1" daemon [_thread_blocked, id=11528, stack(0x0000000017a80000,0x0000000017b80000)]
  0x00000000173a8800 JavaThread "C2 CompilerThread0" daemon [_thread_blocked, id=14656, stack(0x0000000017980000,0x0000000017a80000)]
  0x00000000173a5800 JavaThread "Attach Listener" daemon [_thread_blocked, id=17040, stack(0x0000000017880000,0x0000000017980000)]
  0x00000000173a4800 JavaThread "Signal Dispatcher" daemon [_thread_blocked, id=16772, stack(0x0000000017780000,0x0000000017880000)]
  0x0000000002749800 JavaThread "Finalizer" daemon [_thread_blocked, id=16496, stack(0x0000000017170000,0x0000000017270000)]
  0x000000001526d800 JavaThread "Reference Handler" daemon [_thread_blocked, id=13244, stack(0x0000000017070000,0x0000000017170000)]
  0x000000000254e000 JavaThread "main" [_thread_in_vm, id=17336, stack(0x0000000002550000,0x0000000002650000)]

Other Threads:
  0x0000000015269000 VMThread [stack: 0x0000000016f70000,0x0000000017070000] [id=14900]
  0x000000001741f000 WatcherThread [stack: 0x0000000017e80000,0x0000000017f80000] [id=17424]

VM state:not at safepoint (normal execution)

VM Mutex/Monitor currently owned by a thread: None

Heap:
 PSYoungGen      total 38400K, used 8660K [0x00000000eab00000, 0x00000000ed580000, 0x0000000100000000)
  eden space 33280K, 26% used [0x00000000eab00000,0x00000000eb375248,0x00000000ecb80000)
  from space 5120K, 0% used [0x00000000ed080000,0x00000000ed080000,0x00000000ed580000)
  to   space 5120K, 0% used [0x00000000ecb80000,0x00000000ecb80000,0x00000000ed080000)
 ParOldGen       total 87552K, used 0K [0x00000000c0000000, 0x00000000c5580000, 0x00000000eab00000)
  object space 87552K, 0% used [0x00000000c0000000,0x00000000c0000000,0x00000000c5580000)
 Metaspace       used 4655K, capacity 5744K, committed 6016K, reserved 1056768K
  class space    used 511K, capacity 552K, committed 640K, reserved 1048576K

Card table byte_map: [0x0000000011b10000,0x0000000011d20000] byte_map_base: 0x0000000011510000

Marking Bits: (ParMarkBitMap*) 0x0000000061720600
 Begin Bits: [0x0000000012680000, 0x0000000013680000)
 End Bits:   [0x0000000013680000, 0x0000000014680000)

Polling page: 0x0000000000d10000

CodeCache: size=245760Kb used=1719Kb max_used=1719Kb free=244040Kb
 bounds [0x0000000002750000, 0x00000000029c0000, 0x0000000011750000]
 total_blobs=539 nmethods=274 adapters=178
 compilation: enabled

Compilation events (10 events):
Event: 1.505 Thread 0x000000001740d800  266       3       java.lang.String::compareTo (78 bytes)
Event: 1.506 Thread 0x000000001740d800 nmethod 266 0x00000000028f9b90 code [0x00000000028f9d00, 0x00000000028fa050]
Event: 1.506 Thread 0x000000001740d800  264       3       java.util.zip.ZipEntry::<init> (43 bytes)
Event: 1.507 Thread 0x000000001740d800 nmethod 264 0x00000000028fa290 code [0x00000000028fa3e0, 0x00000000028fa5f0]
Event: 1.507 Thread 0x000000001740d800  265   !   3       java.lang.ClassLoader::getPackage (118 bytes)
Event: 1.509 Thread 0x000000001740d800 nmethod 265 0x00000000028fa690 code [0x00000000028fa860, 0x00000000028fb368]
Event: 1.511 Thread 0x000000001740d800  267       3       java.util.TreeMap::parentOf (13 bytes)
Event: 1.511 Thread 0x000000001740d800 nmethod 267 0x00000000028fb750 code [0x00000000028fb8a0, 0x00000000028fba30]
Event: 1.511 Thread 0x000000001740d800  268       1       com.android.dx.rop.cst.CstType::getClassType (5 bytes)
Event: 1.511 Thread 0x000000001740d800 nmethod 268 0x00000000028fbad0 code [0x00000000028fbc20, 0x00000000028fbd30]

GC Heap History (0 events):
No events

Deoptimization events (0 events):
No events

Internal exceptions (2 events):
Event: 0.435 Thread 0x000000000254e000 Exception <a 'java/lang/NoSuchMethodError': Method sun.misc.Unsafe.defineClass(Ljava/lang/String;[BII)Ljava/lang/Class; name or signature does not match> (0x00000000eab0de70) thrown at [D:\re\puppet\workspace\8-2-build-windows-amd64-cygwin\jdk8u73\6086\hotÊÃ.ÇÃ’€?
Event: 0.435 Thread 0x000000000254e000 Exception <a 'java/lang/NoSuchMethodError': Method sun.misc.Unsafe.prefetchRead(Ljava/lang/Object;J)V name or signature does not match> (0x00000000eab0e158) thrown at [D:\re\puppet\workspace\8-2-build-windows-amd64-cygwin\jdk8u73\6086\hotspot\src\share\vm\

Events (10 events):
Event: 1.511 loading class com/android/dx/dex/file/EncodedField
Event: 1.511 loading class com/android/dx/dex/file/EncodedField done
Event: 1.511 loading class com/android/dx/rop/code/RegisterSpecList
Event: 1.511 loading class com/android/dx/rop/code/RegisterSpecList done
Event: 1.512 loading class com/android/dx/dex/file/EncodedMember
Event: 1.512 loading class com/android/dx/dex/file/EncodedMember done
Event: 1.512 loading class com/android/dx/rop/code/BasicBlock
Event: 1.512 loading class com/android/dx/rop/code/BasicBlock done
Event: 1.512 loading class com/android/dx/dex/file/FieldAnnotationStruct
Event: 1.512 loading class com/android/dx/dex/file/FieldAnnotationStruct done


Dynamic libraries:
0x00007ff7563b0000 - 0x00007ff7563e7000 	C:\Program Files\Java\jdk1.8.0_73\bin\java.exe
0x00007ffb0d4d0000 - 0x00007ffb0d67d000 	C:\Windows\SYSTEM32\ntdll.dll
0x00007ffb0b130000 - 0x00007ffb0b26e000 	C:\Windows\system32\KERNEL32.DLL
0x00007ffb0a700000 - 0x00007ffb0a815000 	C:\Windows\system32\KERNELBASE.dll
0x00007ffb091b0000 - 0x00007ffb0923e000 	C:\Windows\system32\apphelp.dll
0x00007ffae3030000 - 0x00007ffae3083000 	C:\Windows\AppPatch\AppPatch64\AcGenral.DLL
0x00007ffb0ab60000 - 0x00007ffb0ac0a000 	C:\Windows\system32\msvcrt.dll
0x00007ffb0a6d0000 - 0x00007ffb0a6fe000 	C:\Windows\system32\SspiCli.dll
0x00007ffb0ae80000 - 0x00007ffb0aed4000 	C:\Windows\system32\SHLWAPI.dll
0x00007ffb0af50000 - 0x00007ffb0b0c7000 	C:\Windows\system32\USER32.dll
0x00007ffb0bb50000 - 0x00007ffb0bce4000 	C:\Windows\system32\ole32.dll
0x00007ffb0bfa0000 - 0x00007ffb0d4cb000 	C:\Windows\system32\SHELL32.dll
0x00007ffb09bd0000 - 0x00007ffb09bf1000 	C:\Windows\SYSTEM32\USERENV.dll
0x00007ffb0b6a0000 - 0x00007ffb0b74a000 	C:\Windows\system32\ADVAPI32.dll
0x00007ffafba20000 - 0x00007ffafba3e000 	C:\Windows\SYSTEM32\MPR.dll
0x00007ffb0be60000 - 0x00007ffb0bfa0000 	C:\Windows\system32\RPCRT4.dll
0x00007ffb0ae20000 - 0x00007ffb0ae79000 	C:\Windows\SYSTEM32\sechost.dll
0x00007ffb0b930000 - 0x00007ffb0bb41000 	C:\Windows\SYSTEM32\combase.dll
0x00007ffb0b390000 - 0x00007ffb0b4e0000 	C:\Windows\system32\GDI32.dll
0x00007ffb0a600000 - 0x00007ffb0a615000 	C:\Windows\SYSTEM32\profapi.dll
0x00007ffb08e90000 - 0x00007ffb08f42000 	C:\Windows\SYSTEM32\SHCORE.dll
0x00007ffb0ac30000 - 0x00007ffb0ac66000 	C:\Windows\system32\IMM32.DLL
0x00007ffb0bcf0000 - 0x00007ffb0be42000 	C:\Windows\system32\MSCTF.dll
0x00007ffb08550000 - 0x00007ffb087cb000 	C:\Windows\WinSxS\amd64_microsoft.windows.common-controls_6595b64144ccf1df_6.0.9600.18006_none_623f33d3ecbe86e8\COMCTL32.dll
0x00000000609b0000 - 0x0000000060a82000 	C:\Program Files\Java\jdk1.8.0_73\jre\bin\msvcr100.dll
0x0000000060f10000 - 0x00000000617a0000 	C:\Program Files\Java\jdk1.8.0_73\jre\bin\server\jvm.dll
0x00007ffb01090000 - 0x00007ffb01099000 	C:\Windows\SYSTEM32\WSOCK32.dll
0x00007ffb07df0000 - 0x00007ffb07e12000 	C:\Windows\SYSTEM32\WINMM.dll
0x00007ffb07e20000 - 0x00007ffb07e2a000 	C:\Windows\SYSTEM32\VERSION.dll
0x00007ffb0b4e0000 - 0x00007ffb0b4e7000 	C:\Windows\system32\PSAPI.DLL
0x00007ffb0b0d0000 - 0x00007ffb0b12a000 	C:\Windows\system32\WS2_32.dll
0x00007ffb06fa0000 - 0x00007ffb06fca000 	C:\Windows\SYSTEM32\WINMMBASE.dll
0x00007ffb0be50000 - 0x00007ffb0be59000 	C:\Windows\system32\NSI.dll
0x00007ffb0a820000 - 0x00007ffb0a86f000 	C:\Windows\SYSTEM32\cfgmgr32.dll
0x00007ffb09420000 - 0x00007ffb09448000 	C:\Windows\SYSTEM32\DEVOBJ.dll
0x0000000060e20000 - 0x0000000060e2f000 	C:\Program Files\Java\jdk1.8.0_73\jre\bin\verify.dll
0x0000000060df0000 - 0x0000000060e19000 	C:\Program Files\Java\jdk1.8.0_73\jre\bin\java.dll
0x0000000060dd0000 - 0x0000000060de6000 	C:\Program Files\Java\jdk1.8.0_73\jre\bin\zip.dll

VM Arguments:
jvm_args: -Djava.awt.headless=true -Xmx1024M -Dfile.encoding=windows-1252 -Duser.country=DE -Duser.language=de -Duser.variant 
java_command: com.android.dx.command.Main --dex --force-jumbo --num-threads=4 --multi-dex --output F:\Programmieren\Android\Kassenautomat_master\Kassenautomat\Kassenautomat_DHBW_AS\app\build\intermediates\transforms\dex\debug\folders\1000\10\hamcrest-core-1.3_a29f4d38dacfed83d25ecb3aeb682a0a16a65f49 C:\Users\Michael\.gradle\caches\modules-2\files-2.1\org.hamcrest\hamcrest-core\1.3\42a25dc3219429f0e5d060061f71acb49bf010a0\hamcrest-core-1.3.jar
java_class_path (initial): C:\Users\Michael\AppData\Local\Android\sdk\build-tools\23.0.2\lib\dx.jar
Launcher Type: SUN_STANDARD

Environment Variables:
JAVA_HOME=C:\Program Files\Java\jdk1.8.0_73
PATH=C:\Python34\Lib\site-packages\PyQt4;C:\Python35\Lib\site-packages\PyQt5;C:\Python351\Lib\site-packages\PyQt5;C:\ProgramData\Oracle\Java\javapath;C:\Program Files (x86)\Intel\iCLS Client\;C:\Program Files\Intel\iCLS Client\;C:\Windows\system32;C:\Windows;C:\Windows\System32\Wbem;C:\Windows\System32\WindowsPowerShell\v1.0\;C:\Program Files (x86)\Intel\Intel(R) Management Engine Components\DAL;C:\Program Files\Intel\Intel(R) Management Engine Components\DAL;C:\Program Files (x86)\Intel\Intel(R) Management Engine Components\IPT;C:\Program Files\Intel\Intel(R) Management Engine Components\IPT;C:\Program Files (x86)\NVIDIA Corporation\PhysX\Common;C:\Program Files (x86)\Notepad++;C:\Program Files (x86)\Skype\Phone\;F:\Programmieren\Python\Python;C:\MinGW;C:\MinGW\bin;C:\LinuxUtils;C:\Program Files\swipl\bin;C:\Program Files\7-Zip;C:\Users\Michael\AppData\Local\GitHub\PortableGit_c7e0cbde92ba565cb218a521411d0e854079a28c\bin;C:\Users\Michael\AppData\Local\GitHub\PortableGit_c7e0cbde92ba565cb218a521411d0e854079a28c\cmd;C:\Program Files (x86)\Google\Cloud SDK\google-cloud-sdk\bin;C:\Python34\Lib\site-packages\PyQt5;C:\Program Files\Git\cmd;C:\Program Files (x86)\nodejs\;E:\InstallierteProgramme\VC\bin;C:\Program Files (x86)\CMake\bin;C:\Users\Michael\AppData\Local\atom\bin;C:\Program Files (x86)\Google\google_appengine\;C:\Users\Michael\AppData\Roaming\npm
USERNAME=Michael
OS=Windows_NT
PROCESSOR_IDENTIFIER=Intel64 Family 6 Model 94 Stepping 3, GenuineIntel



---------------  S Y S T E M  ---------------

OS: Windows 8.1 , 64 bit Build 9600 (6.3.9600.17415)

CPU:total 8 (4 cores per cpu, 2 threads per core) family 6 model 94 stepping 3, cmov, cx8, fxsr, mmx, sse, sse2, sse3, ssse3, sse4.1, sse4.2, popcnt, avx, avx2, aes, clmul, erms, rtm, 3dnowpref, lzcnt, ht, tsc, tscinvbit, bmi1, bmi2, adx

Memory: 4k page, physical 8281628k(1210112k free), swap 11427356k(9128k free)

vm_info: Java HotSpot(TM) 64-Bit Server VM (25.73-b02) for windows-amd64 JRE (1.8.0_73-b02), built on Jan 29 2016 17:38:49 by "java_re" with MS VC++ 10.0 (VS2010)

time: Tue May 17 05:24:47 2016
elapsed time: 1 seconds (0d 0h 0m 1s)

