#
# There is insufficient memory for the Java Runtime Environment to continue.
# Native memory allocation (malloc) failed to allocate 438656 bytes for Chunk::new
# Possible reasons:
#   The system is out of physical RAM or swap space
#   In 32 bit mode, the process size limit was hit
# Possible solutions:
#   Reduce memory load on the system
#   Increase physical memory or swap space
#   Check if swap backing store is full
#   Use 64 bit Java on a 64 bit OS
#   Decrease Java heap size (-Xmx/-Xms)
#   Decrease number of Java threads
#   Decrease Java thread stack sizes (-Xss)
#   Set larger code cache with -XX:ReservedCodeCacheSize=
# This output file may be truncated or incomplete.
#
#  Out of Memory Error (allocation.cpp:390), pid=908, tid=9072
#
# JRE version: Java(TM) SE Runtime Environment (8.0_73-b02) (build 1.8.0_73-b02)
# Java VM: Java HotSpot(TM) 64-Bit Server VM (25.73-b02 mixed mode windows-amd64 compressed oops)
# Failed to write core dump. Minidumps are not enabled by default on client versions of Windows
#

---------------  T H R E A D  ---------------

Current thread (0x0000000016ec9800):  JavaThread "C2 CompilerThread0" daemon [_thread_in_native, id=9072, stack(0x00000000174a0000,0x00000000175a0000)]

Stack: [0x00000000174a0000,0x00000000175a0000]
[error occurred during error reporting (printing stack bounds), id 0xc0000005]

Native frames: (J=compiled Java code, j=interpreted, Vv=VM code, C=native code)


Current CompileTask:
C2:   5838 2362 %     4       com.android.dx.ssa.back.FirstFitLocalCombiningAllocator::handleNormalUnassociated @ 10 (99 bytes)


---------------  P R O C E S S  ---------------

Java Threads: ( => current thread )
  0x0000000017214000 JavaThread "pool-2-thread-4" [_thread_in_vm, id=7892, stack(0x00000000186a0000,0x00000000187a0000)]
  0x0000000017213800 JavaThread "pool-2-thread-3" [_thread_blocked, id=4136, stack(0x00000000185a0000,0x00000000186a0000)]
  0x0000000017212000 JavaThread "pool-2-thread-2" [_thread_blocked, id=8320, stack(0x00000000184a0000,0x00000000185a0000)]
  0x0000000017ab2800 JavaThread "pool-3-thread-1" [_thread_blocked, id=9380, stack(0x00000000183a0000,0x00000000184a0000)]
  0x0000000017299800 JavaThread "pool-2-thread-1" [_thread_blocked, id=7500, stack(0x00000000182a0000,0x00000000183a0000)]
  0x0000000016f72800 JavaThread "Service Thread" daemon [_thread_blocked, id=4084, stack(0x00000000178a0000,0x00000000179a0000)]
  0x0000000016f28000 JavaThread "C1 CompilerThread3" daemon [_thread_in_vm, id=1148, stack(0x00000000177a0000,0x00000000178a0000)]
  0x0000000016f2b000 JavaThread "C2 CompilerThread2" daemon [_thread_in_native, id=6228, stack(0x00000000176a0000,0x00000000177a0000)]
  0x0000000016ee8800 JavaThread "C2 CompilerThread1" daemon [_thread_in_native, id=8032, stack(0x00000000175a0000,0x00000000176a0000)]
=>0x0000000016ec9800 JavaThread "C2 CompilerThread0" daemon [_thread_in_native, id=9072, stack(0x00000000174a0000,0x00000000175a0000)]
  0x0000000016ec6000 JavaThread "Attach Listener" daemon [_thread_blocked, id=7608, stack(0x00000000173a0000,0x00000000174a0000)]
  0x0000000016ec5800 JavaThread "Signal Dispatcher" daemon [_thread_blocked, id=10224, stack(0x00000000172a0000,0x00000000173a0000)]
  0x000000000228a800 JavaThread "Finalizer" daemon [_thread_blocked, id=9856, stack(0x0000000016c90000,0x0000000016d90000)]
  0x0000000002284000 JavaThread "Reference Handler" daemon [_thread_blocked, id=8700, stack(0x0000000016b90000,0x0000000016c90000)]
  0x00000000008de000 JavaThread "main" [_thread_blocked, id=3128, stack(0x0000000002090000,0x0000000002190000)]

Other Threads:
  0x0000000014da9800 VMThread [stack: 0x0000000016a90000,0x0000000016b90000] [id=8392]
  0x0000000016f75000 WatcherThread [stack: 0x00000000179a0000,0x0000000017aa0000] [id=10136]

VM state:not at safepoint (normal execution)

VM Mutex/Monitor currently owned by a thread: None

Heap:
 PSYoungGen      total 150016K, used 21702K [0x00000000eab00000, 0x00000000f5200000, 0x0000000100000000)
  eden space 131072K, 2% used [0x00000000eab00000,0x00000000eadb77a0,0x00000000f2b00000)
  from space 18944K, 99% used [0x00000000f2b00000,0x00000000f3d7a438,0x00000000f3d80000)
  to   space 16896K, 0% used [0x00000000f3d80000,0x00000000f3d80000,0x00000000f4e00000)
 ParOldGen       total 87552K, used 41300K [0x00000000c0000000, 0x00000000c5580000, 0x00000000eab00000)
  object space 87552K, 47% used [0x00000000c0000000,0x00000000c28552a0,0x00000000c5580000)
 Metaspace       used 6424K, capacity 7216K, committed 7296K, reserved 1056768K
  class space    used 603K, capacity 616K, committed 640K, reserved 1048576K

Card table byte_map: [0x0000000011650000,0x0000000011860000] byte_map_base: 0x0000000011050000

Marking Bits: (ParMarkBitMap*) 0x00000000598e0600
 Begin Bits: [0x00000000121c0000, 0x00000000131c0000)
 End Bits:   [0x00000000131c0000, 0x00000000141c0000)

Polling page: 0x0000000000860000

CodeCache: size=245760Kb used=9850Kb max_used=9861Kb free=235909Kb
 bounds [0x0000000002290000, 0x0000000002c40000, 0x0000000011290000]
 total_blobs=2544 nmethods=2274 adapters=182
 compilation: enabled

Compilation events (10 events):
Event: 5.335 Thread 0x0000000016f28000 2358   !   3       com.android.dx.cf.attrib.AttLineNumberTable::<init> (43 bytes)
Event: 5.335 Thread 0x0000000016f28000 nmethod 2358 0x0000000002c25910 code [0x0000000002c25ac0, 0x0000000002c25fb8]
Event: 5.361 Thread 0x0000000016f2b000 2359       4       com.android.dx.dex.code.RopTranslator::pickOrder (400 bytes)
Event: 5.364 Thread 0x0000000016f28000 2360       3       com.android.dx.rop.code.CstInsn::contentEquals (31 bytes)
Event: 5.365 Thread 0x0000000016f28000 nmethod 2360 0x0000000002c251d0 code [0x0000000002c25360, 0x0000000002c257f8]
Event: 5.368 Thread 0x0000000016f28000 2361       3       com.android.dx.ssa.ConstCollector::run (236 bytes)
Event: 5.371 Thread 0x0000000016f28000 nmethod 2361 0x0000000002c2ba90 code [0x0000000002c2c040, 0x0000000002c2f678]
Event: 5.375 Thread 0x0000000016ec9800 2362 %     4       com.android.dx.ssa.back.FirstFitLocalCombiningAllocator::handleNormalUnassociated @ 10 (99 bytes)
Event: 5.822 Thread 0x0000000016f2b000 nmethod 2359 0x0000000002c35850 code [0x0000000002c35a80, 0x0000000002c37528]
Event: 5.822 Thread 0x0000000016f2b000 2364       4       com.android.dx.ssa.SsaMethod::convertRopToSsaBlocks (103 bytes)

GC Heap History (10 events):
Event: 1.166 GC heap before
{Heap before GC invocations=3 (full 0):
 PSYoungGen      total 38400K, used 38383K [0x00000000eab00000, 0x00000000ef600000, 0x0000000100000000)
  eden space 33280K, 100% used [0x00000000eab00000,0x00000000ecb80000,0x00000000ecb80000)
  from space 5120K, 99% used [0x00000000ed080000,0x00000000ed57be78,0x00000000ed580000)
  to   space 5120K, 0% used [0x00000000ecb80000,0x00000000ecb80000,0x00000000ed080000)
 ParOldGen       total 87552K, used 4488K [0x00000000c0000000, 0x00000000c5580000, 0x00000000eab00000)
  object space 87552K, 5% used [0x00000000c0000000,0x00000000c0462040,0x00000000c5580000)
 Metaspace       used 6165K, capacity 7024K, committed 7296K, reserved 1056768K
  class space    used 602K, capacity 616K, committed 640K, reserved 1048576K
Event: 1.176 GC heap after
Heap after GC invocations=3 (full 0):
 PSYoungGen      total 38400K, used 5098K [0x00000000eab00000, 0x00000000ef600000, 0x0000000100000000)
  eden space 33280K, 0% used [0x00000000eab00000,0x00000000eab00000,0x00000000ecb80000)
  from space 5120K, 99% used [0x00000000ecb80000,0x00000000ed07ab38,0x00000000ed080000)
  to   space 5120K, 0% used [0x00000000ef100000,0x00000000ef100000,0x00000000ef600000)
 ParOldGen       total 87552K, used 9990K [0x00000000c0000000, 0x00000000c5580000, 0x00000000eab00000)
  object space 87552K, 11% used [0x00000000c0000000,0x00000000c09c1bd0,0x00000000c5580000)
 Metaspace       used 6165K, capacity 7024K, committed 7296K, reserved 1056768K
  class space    used 602K, capacity 616K, committed 640K, reserved 1048576K
}
Event: 1.263 GC heap before
{Heap before GC invocations=4 (full 0):
 PSYoungGen      total 38400K, used 38378K [0x00000000eab00000, 0x00000000ef600000, 0x0000000100000000)
  eden space 33280K, 100% used [0x00000000eab00000,0x00000000ecb80000,0x00000000ecb80000)
  from space 5120K, 99% used [0x00000000ecb80000,0x00000000ed07ab38,0x00000000ed080000)
  to   space 5120K, 0% used [0x00000000ef100000,0x00000000ef100000,0x00000000ef600000)
 ParOldGen       total 87552K, used 9990K [0x00000000c0000000, 0x00000000c5580000, 0x00000000eab00000)
  object space 87552K, 11% used [0x00000000c0000000,0x00000000c09c1bd0,0x00000000c5580000)
 Metaspace       used 6199K, capacity 7088K, committed 7296K, reserved 1056768K
  class space    used 602K, capacity 616K, committed 640K, reserved 1048576K
Event: 1.281 GC heap after
Heap after GC invocations=4 (full 0):
 PSYoungGen      total 71680K, used 5098K [0x00000000eab00000, 0x00000000ef600000, 0x0000000100000000)
  eden space 66560K, 0% used [0x00000000eab00000,0x00000000eab00000,0x00000000eec00000)
  from space 5120K, 99% used [0x00000000ef100000,0x00000000ef5fab38,0x00000000ef600000)
  to   space 5120K, 0% used [0x00000000eec00000,0x00000000eec00000,0x00000000ef100000)
 ParOldGen       total 87552K, used 15657K [0x00000000c0000000, 0x00000000c5580000, 0x00000000eab00000)
  object space 87552K, 17% used [0x00000000c0000000,0x00000000c0f4a508,0x00000000c5580000)
 Metaspace       used 6199K, capacity 7088K, committed 7296K, reserved 1056768K
  class space    used 602K, capacity 616K, committed 640K, reserved 1048576K
}
Event: 1.492 GC heap before
{Heap before GC invocations=5 (full 0):
 PSYoungGen      total 71680K, used 71658K [0x00000000eab00000, 0x00000000ef600000, 0x0000000100000000)
  eden space 66560K, 100% used [0x00000000eab00000,0x00000000eec00000,0x00000000eec00000)
  from space 5120K, 99% used [0x00000000ef100000,0x00000000ef5fab38,0x00000000ef600000)
  to   space 5120K, 0% used [0x00000000eec00000,0x00000000eec00000,0x00000000ef100000)
 ParOldGen       total 87552K, used 15657K [0x00000000c0000000, 0x00000000c5580000, 0x00000000eab00000)
  object space 87552K, 17% used [0x00000000c0000000,0x00000000c0f4a508,0x00000000c5580000)
 Metaspace       used 6317K, capacity 7152K, committed 7296K, reserved 1056768K
  class space    used 602K, capacity 616K, committed 640K, reserved 1048576K
Event: 1.518 GC heap after
Heap after GC invocations=5 (full 0):
 PSYoungGen      total 71680K, used 5098K [0x00000000eab00000, 0x00000000f4e00000, 0x0000000100000000)
  eden space 66560K, 0% used [0x00000000eab00000,0x00000000eab00000,0x00000000eec00000)
  from space 5120K, 99% used [0x00000000eec00000,0x00000000ef0fab38,0x00000000ef100000)
  to   space 16896K, 0% used [0x00000000f3d80000,0x00000000f3d80000,0x00000000f4e00000)
 ParOldGen       total 87552K, used 25936K [0x00000000c0000000, 0x00000000c5580000, 0x00000000eab00000)
  object space 87552K, 29% used [0x00000000c0000000,0x00000000c1954188,0x00000000c5580000)
 Metaspace       used 6317K, capacity 7152K, committed 7296K, reserved 1056768K
  class space    used 602K, capacity 616K, committed 640K, reserved 1048576K
}
Event: 1.692 GC heap before
{Heap before GC invocations=6 (full 0):
 PSYoungGen      total 71680K, used 71658K [0x00000000eab00000, 0x00000000f4e00000, 0x0000000100000000)
  eden space 66560K, 100% used [0x00000000eab00000,0x00000000eec00000,0x00000000eec00000)
  from space 5120K, 99% used [0x00000000eec00000,0x00000000ef0fab38,0x00000000ef100000)
  to   space 16896K, 0% used [0x00000000f3d80000,0x00000000f3d80000,0x00000000f4e00000)
 ParOldGen       total 87552K, used 25936K [0x00000000c0000000, 0x00000000c5580000, 0x00000000eab00000)
  object space 87552K, 29% used [0x00000000c0000000,0x00000000c1954188,0x00000000c5580000)
 Metaspace       used 6362K, capacity 7152K, committed 7296K, reserved 1056768K
  class space    used 602K, capacity 616K, committed 640K, reserved 1048576K
Event: 1.724 GC heap after
Heap after GC invocations=6 (full 0):
 PSYoungGen      total 147968K, used 15758K [0x00000000eab00000, 0x00000000f5200000, 0x0000000100000000)
  eden space 131072K, 0% used [0x00000000eab00000,0x00000000eab00000,0x00000000f2b00000)
  from space 16896K, 93% used [0x00000000f3d80000,0x00000000f4ce38c0,0x00000000f4e00000)
  to   space 18944K, 0% used [0x00000000f2b00000,0x00000000f2b00000,0x00000000f3d80000)
 ParOldGen       total 87552K, used 25936K [0x00000000c0000000, 0x00000000c5580000, 0x00000000eab00000)
  object space 87552K, 29% used [0x00000000c0000000,0x00000000c1954188,0x00000000c5580000)
 Metaspace       used 6362K, capacity 7152K, committed 7296K, reserved 1056768K
  class space    used 602K, capacity 616K, committed 640K, reserved 1048576K
}
Event: 5.379 GC heap before
{Heap before GC invocations=7 (full 0):
 PSYoungGen      total 147968K, used 146830K [0x00000000eab00000, 0x00000000f5200000, 0x0000000100000000)
  eden space 131072K, 100% used [0x00000000eab00000,0x00000000f2b00000,0x00000000f2b00000)
  from space 16896K, 93% used [0x00000000f3d80000,0x00000000f4ce38c0,0x00000000f4e00000)
  to   space 18944K, 0% used [0x00000000f2b00000,0x00000000f2b00000,0x00000000f3d80000)
 ParOldGen       total 87552K, used 25936K [0x00000000c0000000, 0x00000000c5580000, 0x00000000eab00000)
  object space 87552K, 29% used [0x00000000c0000000,0x00000000c1954188,0x00000000c5580000)
 Metaspace       used 6424K, capacity 7216K, committed 7296K, reserved 1056768K
  class space    used 603K, capacity 616K, committed 640K, reserved 1048576K
Event: 5.820 GC heap after
Heap after GC invocations=7 (full 0):
 PSYoungGen      total 150016K, used 18921K [0x00000000eab00000, 0x00000000f5200000, 0x0000000100000000)
  eden space 131072K, 0% used [0x00000000eab00000,0x00000000eab00000,0x00000000f2b00000)
  from space 18944K, 99% used [0x00000000f2b00000,0x00000000f3d7a438,0x00000000f3d80000)
  to   space 16896K, 0% used [0x00000000f3d80000,0x00000000f3d80000,0x00000000f4e00000)
 ParOldGen       total 87552K, used 41300K [0x00000000c0000000, 0x00000000c5580000, 0x00000000eab00000)
  object space 87552K, 47% used [0x00000000c0000000,0x00000000c28552a0,0x00000000c5580000)
 Metaspace       used 6424K, capacity 7216K, committed 7296K, reserved 1056768K
  class space    used 603K, capacity 616K, committed 640K, reserved 1048576K
}

Deoptimization events (10 events):
Event: 1.152 Thread 0x0000000017299800 Uncommon trap: reason=unstable_if action=reinterpret pc=0x0000000002675e9c method=com.android.dx.ssa.SsaMethod.updateOneDefinition(Lcom/android/dx/ssa/SsaInsn;Lcom/android/dx/rop/code/RegisterSpec;)V @ 4
Event: 1.260 Thread 0x0000000017214000 Uncommon trap: reason=unstable_if action=reinterpret pc=0x0000000002643f3c method=com.android.dx.util.IntList.binarysearch(I)I @ 105
Event: 1.417 Thread 0x0000000017299800 Uncommon trap: reason=unstable_if action=reinterpret pc=0x00000000027b50f0 method=com.android.dx.ssa.SCCP.simulateStmt(Lcom/android/dx/ssa/SsaInsn;)V @ 53
Event: 1.423 Thread 0x0000000017299800 Uncommon trap: reason=unstable_if action=reinterpret pc=0x000000000284bb20 method=com.android.dx.ssa.SCCP.simulateBranch(Lcom/android/dx/ssa/SsaInsn;)V @ 64
Event: 1.659 Thread 0x0000000017299800 Uncommon trap: reason=bimorphic action=maybe_recompile pc=0x000000000297c2ac method=com.android.dx.cf.code.BytecodeArray.parseInstruction(ILcom/android/dx/cf/code/BytecodeArray$Visitor;)I @ 1161
Event: 1.659 Thread 0x0000000017299800 Uncommon trap: reason=bimorphic action=maybe_recompile pc=0x000000000297c2ac method=com.android.dx.cf.code.BytecodeArray.parseInstruction(ILcom/android/dx/cf/code/BytecodeArray$Visitor;)I @ 1161
Event: 1.660 Thread 0x0000000017213800 Uncommon trap: reason=bimorphic action=maybe_recompile pc=0x000000000297b5b8 method=com.android.dx.cf.code.BytecodeArray.parseInstruction(ILcom/android/dx/cf/code/BytecodeArray$Visitor;)I @ 1501
Event: 1.660 Thread 0x0000000017213800 Uncommon trap: reason=bimorphic action=maybe_recompile pc=0x000000000297b5b8 method=com.android.dx.cf.code.BytecodeArray.parseInstruction(ILcom/android/dx/cf/code/BytecodeArray$Visitor;)I @ 1501
Event: 2.803 Thread 0x0000000017214000 Uncommon trap: reason=unstable_if action=reinterpret pc=0x0000000002a39c00 method=com.android.dx.cf.code.BytecodeArray.parseInstruction(ILcom/android/dx/cf/code/BytecodeArray$Visitor;)I @ 1261
Event: 5.258 Thread 0x00000000008de000 Uncommon trap: reason=unstable_if action=reinterpret pc=0x0000000002be34a0 method=com.android.dx.cf.direct.StdAttributeFactory.parse0(Lcom/android/dx/cf/direct/DirectClassFile;ILjava/lang/String;IILcom/android/dx/cf/iface/ParseObserver;)Lcom/android/dx/cf/

Internal exceptions (4 events):
Event: 0.047 Thread 0x00000000008de000 Exception <a 'java/lang/NoSuchMethodError': Method sun.misc.Unsafe.defineClass(Ljava/lang/String;[BII)Ljava/lang/Class; name or signature does not match> (0x00000000eab0dd50) thrown at [D:\re\puppet\workspace\8-2-build-windows-amd64-cygwin\jdk8u73\6086\hotB(TÜN¨?
Event: 0.047 Thread 0x00000000008de000 Exception <a 'java/lang/NoSuchMethodError': Method sun.misc.Unsafe.prefetchRead(Ljava/lang/Object;J)V name or signature does not match> (0x00000000eab0e038) thrown at [D:\re\puppet\workspace\8-2-build-windows-amd64-cygwin\jdk8u73\6086\hotspot\src\share\vm\’Ø`ï“ê?
Event: 0.830 Thread 0x0000000017299800 Implicit null exception at 0x0000000002573c22 to 0x0000000002573d29
Event: 1.018 Thread 0x00000000008de000 Implicit null exception at 0x0000000002578102 to 0x000000000257a285

Events (10 events):
Event: 3.819 Thread 0x0000000017213800 DEOPT UNPACKING pc=0x00000000022d787f sp=0x000000001869e590 mode 0
Event: 4.138 Executing VM operation: EnableBiasedLocking
Event: 4.138 Executing VM operation: EnableBiasedLocking done
Event: 5.258 Thread 0x00000000008de000 Uncommon trap: trap_request=0xffffff65 fr.pc=0x0000000002be34a0
Event: 5.258 Thread 0x00000000008de000 DEOPT PACKING pc=0x0000000002be34a0 sp=0x000000000218e2f0
Event: 5.258 Thread 0x00000000008de000 DEOPT UNPACKING pc=0x00000000022d582a sp=0x000000000218e298 mode 2
Event: 5.361 Thread 0x0000000017214000 DEOPT PACKING pc=0x00000000028a8b63 sp=0x000000001879ef90
Event: 5.361 Thread 0x0000000017214000 DEOPT UNPACKING pc=0x00000000022d787f sp=0x000000001879ece8 mode 0
Event: 5.379 Executing VM operation: ParallelGCFailedAllocation
Event: 5.820 Executing VM operation: ParallelGCFailedAllocation done


Dynamic libraries:
0x00007ff65bdf0000 - 0x00007ff65be27000 	C:\Program Files\Java\jdk1.8.0_73\bin\java.exe
0x00007ffd18820000 - 0x00007ffd189cd000 	C:\Windows\SYSTEM32\ntdll.dll
0x00007ffd163a0000 - 0x00007ffd164de000 	C:\Windows\system32\KERNEL32.DLL
0x00007ffd15a20000 - 0x00007ffd15b35000 	C:\Windows\system32\KERNELBASE.dll
0x00007ffd14500000 - 0x00007ffd1458e000 	C:\Windows\system32\apphelp.dll
0x00007ffcf92e0000 - 0x00007ffcf9333000 	C:\Windows\AppPatch\AppPatch64\AcGenral.DLL
0x00007ffd18080000 - 0x00007ffd1812a000 	C:\Windows\system32\msvcrt.dll
0x00007ffd15e80000 - 0x00007ffd15eae000 	C:\Windows\system32\SspiCli.dll
0x00007ffd187c0000 - 0x00007ffd18814000 	C:\Windows\system32\SHLWAPI.dll
0x00007ffd184c0000 - 0x00007ffd18637000 	C:\Windows\system32\USER32.dll
0x00007ffd18130000 - 0x00007ffd182c4000 	C:\Windows\system32\ole32.dll
0x00007ffd16860000 - 0x00007ffd17d8b000 	C:\Windows\system32\SHELL32.dll
0x00007ffd15100000 - 0x00007ffd15121000 	C:\Windows\SYSTEM32\USERENV.dll
0x00007ffd16140000 - 0x00007ffd161ea000 	C:\Windows\system32\ADVAPI32.dll
0x00007ffd0f440000 - 0x00007ffd0f45e000 	C:\Windows\SYSTEM32\MPR.dll
0x00007ffd16260000 - 0x00007ffd163a0000 	C:\Windows\system32\RPCRT4.dll
0x00007ffd18690000 - 0x00007ffd186e9000 	C:\Windows\SYSTEM32\sechost.dll
0x00007ffd16640000 - 0x00007ffd16851000 	C:\Windows\SYSTEM32\combase.dll
0x00007ffd17f30000 - 0x00007ffd18080000 	C:\Windows\system32\GDI32.dll
0x00007ffd15950000 - 0x00007ffd15965000 	C:\Windows\SYSTEM32\profapi.dll
0x00007ffd14440000 - 0x00007ffd144f2000 	C:\Windows\SYSTEM32\SHCORE.dll
0x00007ffd18640000 - 0x00007ffd18676000 	C:\Windows\system32\IMM32.DLL
0x00007ffd164e0000 - 0x00007ffd16632000 	C:\Windows\system32\MSCTF.dll
0x00007ffd13890000 - 0x00007ffd13b0b000 	C:\Windows\WinSxS\amd64_microsoft.windows.common-controls_6595b64144ccf1df_6.0.9600.18006_none_623f33d3ecbe86e8\COMCTL32.dll
0x0000000058cf0000 - 0x0000000058dc2000 	C:\Program Files\Java\jdk1.8.0_73\jre\bin\msvcr100.dll
0x00000000590d0000 - 0x0000000059960000 	C:\Program Files\Java\jdk1.8.0_73\jre\bin\server\jvm.dll
0x00007ffd0c3f0000 - 0x00007ffd0c3f9000 	C:\Windows\SYSTEM32\WSOCK32.dll
0x00007ffd13200000 - 0x00007ffd13222000 	C:\Windows\SYSTEM32\WINMM.dll
0x00007ffd12fc0000 - 0x00007ffd12fca000 	C:\Windows\SYSTEM32\VERSION.dll
0x00007ffd187b0000 - 0x00007ffd187b7000 	C:\Windows\system32\PSAPI.DLL
0x00007ffd17e60000 - 0x00007ffd17eba000 	C:\Windows\system32\WS2_32.dll
0x00007ffd12fd0000 - 0x00007ffd12ffa000 	C:\Windows\SYSTEM32\WINMMBASE.dll
0x00007ffd182d0000 - 0x00007ffd182d9000 	C:\Windows\system32\NSI.dll
0x00007ffd15e30000 - 0x00007ffd15e7f000 	C:\Windows\SYSTEM32\cfgmgr32.dll
0x00007ffd14770000 - 0x00007ffd14798000 	C:\Windows\SYSTEM32\DEVOBJ.dll
0x0000000059b70000 - 0x0000000059b7f000 	C:\Program Files\Java\jdk1.8.0_73\jre\bin\verify.dll
0x0000000059b40000 - 0x0000000059b69000 	C:\Program Files\Java\jdk1.8.0_73\jre\bin\java.dll
0x0000000059b20000 - 0x0000000059b36000 	C:\Program Files\Java\jdk1.8.0_73\jre\bin\zip.dll

VM Arguments:
jvm_args: -Djava.awt.headless=true -Xmx1024M -Dfile.encoding=windows-1252 -Duser.country=DE -Duser.language=de -Duser.variant 
java_command: com.android.dx.command.Main --dex --force-jumbo --num-threads=4 --multi-dex --output F:\Programmieren\Android\Kassenautomat_master\Kassenautomat\Kassenautomat_DHBW_AS\app\build\intermediates\transforms\dex\debug\folders\1000\10\com.android.support-support-v4-23.0.1_459a3b866dc96c9f4d8a2a54550dabf49a218374 F:\Programmieren\Android\Kassenautomat_master\Kassenautomat\Kassenautomat_DHBW_AS\app\build\intermediates\exploded-aar\com.android.support\support-v4\23.0.1\jars\classes.jar
java_class_path (initial): C:\Users\Michael\AppData\Local\Android\sdk\build-tools\23.0.2\lib\dx.jar
Launcher Type: SUN_STANDARD

Environment Variables:
JAVA_HOME=C:\Program Files\Java\jdk1.8.0_73
PATH=C:\Python34\Lib\site-packages\PyQt4;C:\Python35\Lib\site-packages\PyQt5;C:\Python351\Lib\site-packages\PyQt5;C:\ProgramData\Oracle\Java\javapath;C:\Program Files (x86)\Intel\iCLS Client\;C:\Program Files\Intel\iCLS Client\;C:\Windows\system32;C:\Windows;C:\Windows\System32\Wbem;C:\Windows\System32\WindowsPowerShell\v1.0\;C:\Program Files (x86)\Intel\Intel(R) Management Engine Components\DAL;C:\Program Files\Intel\Intel(R) Management Engine Components\DAL;C:\Program Files (x86)\Intel\Intel(R) Management Engine Components\IPT;C:\Program Files\Intel\Intel(R) Management Engine Components\IPT;C:\Program Files (x86)\NVIDIA Corporation\PhysX\Common;C:\Program Files (x86)\Notepad++;C:\Program Files (x86)\Skype\Phone\;F:\Programmieren\Python\Python;C:\MinGW;C:\MinGW\bin;C:\LinuxUtils;C:\Program Files\swipl\bin;C:\Program Files\7-Zip;C:\Users\Michael\AppData\Local\GitHub\PortableGit_c7e0cbde92ba565cb218a521411d0e854079a28c\bin;C:\Users\Michael\AppData\Local\GitHub\PortableGit_c7e0cbde92ba565cb218a521411d0e854079a28c\cmd;C:\Program Files (x86)\Google\Cloud SDK\google-cloud-sdk\bin;C:\Python34\Lib\site-packages\PyQt5;C:\Program Files\Git\cmd;C:\Program Files (x86)\nodejs\;E:\InstallierteProgramme\VC\bin;C:\Program Files (x86)\CMake\bin;C:\Users\Michael\AppData\Local\atom\bin;C:\Program Files (x86)\Google\google_appengine\;C:\Users\Michael\AppData\Roaming\npm
USERNAME=Michael
OS=Windows_NT
PROCESSOR_IDENTIFIER=Intel64 Family 6 Model 94 Stepping 3, GenuineIntel



---------------  S Y S T E M  ---------------

OS: Windows 8.1 , 64 bit Build 9600 (6.3.9600.17415)

CPU:total 8 (4 cores per cpu, 2 threads per core) family 6 model 94 stepping 3, cmov, cx8, fxsr, mmx, sse, sse2, sse3, ssse3, sse4.1, sse4.2, popcnt, avx, avx2, aes, clmul, erms, rtm, 3dnowpref, lzcnt, ht, tsc, tscinvbit, bmi1, bmi2, adx

Memory: 4k page, physical 8281628k(925108k free), swap 11427356k(5144k free)

vm_info: Java HotSpot(TM) 64-Bit Server VM (25.73-b02) for windows-amd64 JRE (1.8.0_73-b02), built on Jan 29 2016 17:38:49 by "java_re" with MS VC++ 10.0 (VS2010)

time: Thu May 12 10:58:35 2016
elapsed time: 5 seconds (0d 0h 0m 5s)

