#
# There is insufficient memory for the Java Runtime Environment to continue.
# Native memory allocation (malloc) failed to allocate 1168656 bytes for Chunk::new
# Possible reasons:
#   The system is out of physical RAM or swap space
#   In 32 bit mode, the process size limit was hit
# Possible solutions:
#   Reduce memory load on the system
#   Increase physical memory or swap space
#   Check if swap backing store is full
#   Use 64 bit Java on a 64 bit OS
#   Decrease Java heap size (-Xmx/-Xms)
#   Decrease number of Java threads
#   Decrease Java thread stack sizes (-Xss)
#   Set larger code cache with -XX:ReservedCodeCacheSize=
# This output file may be truncated or incomplete.
#
#  Out of Memory Error (allocation.cpp:390), pid=9884, tid=5816
#
# JRE version: Java(TM) SE Runtime Environment (8.0_73-b02) (build 1.8.0_73-b02)
# Java VM: Java HotSpot(TM) 64-Bit Server VM (25.73-b02 mixed mode windows-amd64 compressed oops)
# Failed to write core dump. Minidumps are not enabled by default on client versions of Windows
#

---------------  T H R E A D  ---------------

Current thread (0x0000000017934800):  JavaThread "C2 CompilerThread1" daemon [_thread_in_native, id=5816, stack(0x0000000018010000,0x0000000018110000)]

Stack: [0x0000000018010000,0x0000000018110000]
[error occurred during error reporting (printing stack bounds), id 0xc0000005]

Native frames: (J=compiled Java code, j=interpreted, Vv=VM code, C=native code)


Current CompileTask:
C2:   6508 2416       4       com.android.dx.cf.code.Simulator$SimVisitor::visitConstant (332 bytes)


---------------  P R O C E S S  ---------------

Java Threads: ( => current thread )
  0x0000000018527800 JavaThread "pool-2-thread-4" [_thread_blocked, id=7760, stack(0x0000000019110000,0x0000000019210000)]
  0x0000000017c2a800 JavaThread "pool-2-thread-3" [_thread_blocked, id=6752, stack(0x0000000019010000,0x0000000019110000)]
  0x0000000017c28000 JavaThread "pool-2-thread-2" [_thread_blocked, id=8636, stack(0x0000000018f10000,0x0000000019010000)]
  0x0000000017c2d800 JavaThread "pool-3-thread-1" [_thread_blocked, id=5236, stack(0x0000000018e10000,0x0000000018f10000)]
  0x0000000017bf9800 JavaThread "pool-2-thread-1" [_thread_blocked, id=1240, stack(0x0000000018d10000,0x0000000018e10000)]
  0x000000001793d800 JavaThread "Service Thread" daemon [_thread_blocked, id=5564, stack(0x0000000018310000,0x0000000018410000)]
  0x0000000017949000 JavaThread "C1 CompilerThread3" daemon [_thread_blocked, id=5328, stack(0x0000000018210000,0x0000000018310000)]
  0x000000001793a800 JavaThread "C2 CompilerThread2" daemon [_thread_in_native, id=6612, stack(0x0000000018110000,0x0000000018210000)]
=>0x0000000017934800 JavaThread "C2 CompilerThread1" daemon [_thread_in_native, id=5816, stack(0x0000000018010000,0x0000000018110000)]
  0x0000000017944800 JavaThread "C2 CompilerThread0" daemon [_thread_in_native, id=9208, stack(0x0000000017f10000,0x0000000018010000)]
  0x0000000017941000 JavaThread "Attach Listener" daemon [_thread_blocked, id=8744, stack(0x0000000017e10000,0x0000000017f10000)]
  0x0000000017940000 JavaThread "Signal Dispatcher" daemon [_thread_blocked, id=7576, stack(0x0000000017d10000,0x0000000017e10000)]
  0x0000000002d19800 JavaThread "Finalizer" daemon [_thread_blocked, id=9016, stack(0x0000000017700000,0x0000000017800000)]
  0x000000001583d800 JavaThread "Reference Handler" daemon [_thread_blocked, id=8124, stack(0x0000000017600000,0x0000000017700000)]
  0x0000000002abe000 JavaThread "main" [_thread_blocked, id=4696, stack(0x0000000002b20000,0x0000000002c20000)]

Other Threads:
  0x0000000015839000 VMThread [stack: 0x0000000017500000,0x0000000017600000] [id=2064]
  0x00000000179df000 WatcherThread [stack: 0x0000000018410000,0x0000000018510000] [id=4644]

VM state:not at safepoint (normal execution)

VM Mutex/Monitor currently owned by a thread: None

Heap:
 PSYoungGen      total 285184K, used 34961K [0x00000000eab00000, 0x00000000ff000000, 0x0000000100000000)
  eden space 259072K, 3% used [0x00000000eab00000,0x00000000eb3a5950,0x00000000fa800000)
  from space 26112K, 99% used [0x00000000fc880000,0x00000000fe1fede0,0x00000000fe200000)
  to   space 33280K, 0% used [0x00000000fa800000,0x00000000fa800000,0x00000000fc880000)
 ParOldGen       total 87552K, used 37636K [0x00000000c0000000, 0x00000000c5580000, 0x00000000eab00000)
  object space 87552K, 42% used [0x00000000c0000000,0x00000000c24c1160,0x00000000c5580000)
 Metaspace       used 6495K, capacity 7192K, committed 7424K, reserved 1056768K
  class space    used 620K, capacity 656K, committed 768K, reserved 1048576K

Card table byte_map: [0x00000000120e0000,0x00000000122f0000] byte_map_base: 0x0000000011ae0000

Marking Bits: (ParMarkBitMap*) 0x00000000598e0600
 Begin Bits: [0x0000000012c50000, 0x0000000013c50000)
 End Bits:   [0x0000000013c50000, 0x0000000014c50000)

Polling page: 0x00000000012d0000

CodeCache: size=245760Kb used=10150Kb max_used=10164Kb free=235609Kb
 bounds [0x0000000002d20000, 0x0000000003720000, 0x0000000011d20000]
 total_blobs=2545 nmethods=2275 adapters=182
 compilation: enabled

Compilation events (10 events):
Event: 6.405 Thread 0x0000000017934800 nmethod 2384 0x0000000003709c10 code [0x0000000003709fe0, 0x000000000370d5c8]
Event: 6.405 Thread 0x0000000017934800 2420 %     4       com.android.dx.ssa.back.IdenticalBlockCombiner::process @ 253 (323 bytes)
Event: 6.415 Thread 0x000000001793a800 nmethod 2411 0x0000000003705710 code [0x0000000003705980, 0x0000000003707580]
Event: 6.415 Thread 0x000000001793a800 2415       4       com.android.dx.ssa.back.LivenessAnalyzer::constructInterferenceGraph (47 bytes)
Event: 6.429 Thread 0x0000000017934800 nmethod 2420% 0x00000000036e6810 code [0x00000000036e69c0, 0x00000000036e73c8]
Event: 6.429 Thread 0x0000000017934800 2418       4       com.android.dx.ssa.back.FirstFitLocalCombiningAllocator::addMapping (76 bytes)
Event: 6.465 Thread 0x0000000017934800 nmethod 2418 0x0000000003714f90 code [0x0000000003715180, 0x0000000003716548]
Event: 6.465 Thread 0x0000000017934800 2423       4       com.android.dx.util.LabeledList::rebuildLabelToIndex (46 bytes)
Event: 6.469 Thread 0x0000000017934800 nmethod 2423 0x00000000036e82d0 code [0x00000000036e8420, 0x00000000036e8678]
Event: 6.470 Thread 0x0000000017934800 2416       4       com.android.dx.cf.code.Simulator$SimVisitor::visitConstant (332 bytes)

GC Heap History (10 events):
Event: 1.283 GC heap before
{Heap before GC invocations=2 (full 0):
 PSYoungGen      total 38400K, used 38388K [0x00000000eab00000, 0x00000000ef600000, 0x0000000100000000)
  eden space 33280K, 100% used [0x00000000eab00000,0x00000000ecb80000,0x00000000ecb80000)
  from space 5120K, 99% used [0x00000000ecb80000,0x00000000ed07d3d0,0x00000000ed080000)
  to   space 5120K, 0% used [0x00000000ef100000,0x00000000ef100000,0x00000000ef600000)
 ParOldGen       total 87552K, used 1199K [0x00000000c0000000, 0x00000000c5580000, 0x00000000eab00000)
  object space 87552K, 1% used [0x00000000c0000000,0x00000000c012bc38,0x00000000c5580000)
 Metaspace       used 6061K, capacity 6960K, committed 7040K, reserved 1056768K
  class space    used 598K, capacity 616K, committed 640K, reserved 1048576K
Event: 1.357 GC heap after
Heap after GC invocations=2 (full 0):
 PSYoungGen      total 71680K, used 5119K [0x00000000eab00000, 0x00000000ef600000, 0x0000000100000000)
  eden space 66560K, 0% used [0x00000000eab00000,0x00000000eab00000,0x00000000eec00000)
  from space 5120K, 99% used [0x00000000ef100000,0x00000000ef5fff68,0x00000000ef600000)
  to   space 5120K, 0% used [0x00000000eec00000,0x00000000eec00000,0x00000000ef100000)
 ParOldGen       total 87552K, used 5604K [0x00000000c0000000, 0x00000000c5580000, 0x00000000eab00000)
  object space 87552K, 6% used [0x00000000c0000000,0x00000000c05791b8,0x00000000c5580000)
 Metaspace       used 6061K, capacity 6960K, committed 7040K, reserved 1056768K
  class space    used 598K, capacity 616K, committed 640K, reserved 1048576K
}
Event: 1.855 GC heap before
{Heap before GC invocations=3 (full 0):
 PSYoungGen      total 71680K, used 71679K [0x00000000eab00000, 0x00000000ef600000, 0x0000000100000000)
  eden space 66560K, 100% used [0x00000000eab00000,0x00000000eec00000,0x00000000eec00000)
  from space 5120K, 99% used [0x00000000ef100000,0x00000000ef5fff68,0x00000000ef600000)
  to   space 5120K, 0% used [0x00000000eec00000,0x00000000eec00000,0x00000000ef100000)
 ParOldGen       total 87552K, used 5606K [0x00000000c0000000, 0x00000000c5580000, 0x00000000eab00000)
  object space 87552K, 6% used [0x00000000c0000000,0x00000000c0579938,0x00000000c5580000)
 Metaspace       used 6183K, capacity 7024K, committed 7296K, reserved 1056768K
  class space    used 598K, capacity 616K, committed 640K, reserved 1048576K
Event: 1.997 GC heap after
Heap after GC invocations=3 (full 0):
 PSYoungGen      total 71680K, used 5109K [0x00000000eab00000, 0x00000000f3700000, 0x0000000100000000)
  eden space 66560K, 0% used [0x00000000eab00000,0x00000000eab00000,0x00000000eec00000)
  from space 5120K, 99% used [0x00000000eec00000,0x00000000ef0fd4f0,0x00000000ef100000)
  to   space 5120K, 0% used [0x00000000f3200000,0x00000000f3200000,0x00000000f3700000)
 ParOldGen       total 87552K, used 14375K [0x00000000c0000000, 0x00000000c5580000, 0x00000000eab00000)
  object space 87552K, 16% used [0x00000000c0000000,0x00000000c0e09e78,0x00000000c5580000)
 Metaspace       used 6183K, capacity 7024K, committed 7296K, reserved 1056768K
  class space    used 598K, capacity 616K, committed 640K, reserved 1048576K
}
Event: 1.999 GC heap before
{Heap before GC invocations=4 (full 0):
 PSYoungGen      total 71680K, used 5588K [0x00000000eab00000, 0x00000000f3700000, 0x0000000100000000)
  eden space 66560K, 0% used [0x00000000eab00000,0x00000000eab77ca8,0x00000000eec00000)
  from space 5120K, 99% used [0x00000000eec00000,0x00000000ef0fd4f0,0x00000000ef100000)
  to   space 5120K, 0% used [0x00000000f3200000,0x00000000f3200000,0x00000000f3700000)
 ParOldGen       total 87552K, used 14375K [0x00000000c0000000, 0x00000000c5580000, 0x00000000eab00000)
  object space 87552K, 16% used [0x00000000c0000000,0x00000000c0e09e78,0x00000000c5580000)
 Metaspace       used 6183K, capacity 7024K, committed 7296K, reserved 1056768K
  class space    used 598K, capacity 616K, committed 640K, reserved 1048576K
Event: 2.034 GC heap after
Heap after GC invocations=4 (full 0):
 PSYoungGen      total 138240K, used 5116K [0x00000000eab00000, 0x00000000f3700000, 0x0000000100000000)
  eden space 133120K, 0% used [0x00000000eab00000,0x00000000eab00000,0x00000000f2d00000)
  from space 5120K, 99% used [0x00000000f3200000,0x00000000f36ff038,0x00000000f3700000)
  to   space 5120K, 0% used [0x00000000f2d00000,0x00000000f2d00000,0x00000000f3200000)
 ParOldGen       total 87552K, used 14431K [0x00000000c0000000, 0x00000000c5580000, 0x00000000eab00000)
  object space 87552K, 16% used [0x00000000c0000000,0x00000000c0e17e78,0x00000000c5580000)
 Metaspace       used 6183K, capacity 7024K, committed 7296K, reserved 1056768K
  class space    used 598K, capacity 616K, committed 640K, reserved 1048576K
}
Event: 4.054 GC heap before
{Heap before GC invocations=5 (full 0):
 PSYoungGen      total 138240K, used 138236K [0x00000000eab00000, 0x00000000f3700000, 0x0000000100000000)
  eden space 133120K, 100% used [0x00000000eab00000,0x00000000f2d00000,0x00000000f2d00000)
  from space 5120K, 99% used [0x00000000f3200000,0x00000000f36ff038,0x00000000f3700000)
  to   space 5120K, 0% used [0x00000000f2d00000,0x00000000f2d00000,0x00000000f3200000)
 ParOldGen       total 87552K, used 14431K [0x00000000c0000000, 0x00000000c5580000, 0x00000000eab00000)
  object space 87552K, 16% used [0x00000000c0000000,0x00000000c0e17e78,0x00000000c5580000)
 Metaspace       used 6292K, capacity 7088K, committed 7296K, reserved 1056768K
  class space    used 599K, capacity 616K, committed 640K, reserved 1048576K
Event: 4.149 GC heap after
Heap after GC invocations=5 (full 0):
 PSYoungGen      total 138240K, used 5116K [0x00000000eab00000, 0x00000000fe200000, 0x0000000100000000)
  eden space 133120K, 0% used [0x00000000eab00000,0x00000000eab00000,0x00000000f2d00000)
  from space 5120K, 99% used [0x00000000f2d00000,0x00000000f31ff160,0x00000000f3200000)
  to   space 26112K, 0% used [0x00000000fc880000,0x00000000fc880000,0x00000000fe200000)
 ParOldGen       total 87552K, used 35304K [0x00000000c0000000, 0x00000000c5580000, 0x00000000eab00000)
  object space 87552K, 40% used [0x00000000c0000000,0x00000000c227a268,0x00000000c5580000)
 Metaspace       used 6292K, capacity 7088K, committed 7296K, reserved 1056768K
  class space    used 599K, capacity 616K, committed 640K, reserved 1048576K
}
Event: 6.127 GC heap before
{Heap before GC invocations=6 (full 0):
 PSYoungGen      total 138240K, used 138236K [0x00000000eab00000, 0x00000000fe200000, 0x0000000100000000)
  eden space 133120K, 100% used [0x00000000eab00000,0x00000000f2d00000,0x00000000f2d00000)
  from space 5120K, 99% used [0x00000000f2d00000,0x00000000f31ff160,0x00000000f3200000)
  to   space 26112K, 0% used [0x00000000fc880000,0x00000000fc880000,0x00000000fe200000)
 ParOldGen       total 87552K, used 35304K [0x00000000c0000000, 0x00000000c5580000, 0x00000000eab00000)
  object space 87552K, 40% used [0x00000000c0000000,0x00000000c227a268,0x00000000c5580000)
 Metaspace       used 6493K, capacity 7192K, committed 7424K, reserved 1056768K
  class space    used 620K, capacity 656K, committed 768K, reserved 1048576K
Event: 6.267 GC heap after
Heap after GC invocations=6 (full 0):
 PSYoungGen      total 285184K, used 26107K [0x00000000eab00000, 0x00000000ff000000, 0x0000000100000000)
  eden space 259072K, 0% used [0x00000000eab00000,0x00000000eab00000,0x00000000fa800000)
  from space 26112K, 99% used [0x00000000fc880000,0x00000000fe1fede0,0x00000000fe200000)
  to   space 33280K, 0% used [0x00000000fa800000,0x00000000fa800000,0x00000000fc880000)
 ParOldGen       total 87552K, used 37636K [0x00000000c0000000, 0x00000000c5580000, 0x00000000eab00000)
  object space 87552K, 42% used [0x00000000c0000000,0x00000000c24c1160,0x00000000c5580000)
 Metaspace       used 6493K, capacity 7192K, committed 7424K, reserved 1056768K
  class space    used 620K, capacity 656K, committed 768K, reserved 1048576K
}

Deoptimization events (10 events):
Event: 4.598 Thread 0x0000000017c2a800 Uncommon trap: reason=unstable_if action=reinterpret pc=0x000000000314c514 method=java.util.HashMap.putVal(ILjava/lang/Object;Ljava/lang/Object;ZZ)Ljava/lang/Object; @ 162
Event: 4.626 Thread 0x0000000002abe000 Uncommon trap: reason=bimorphic action=maybe_recompile pc=0x0000000003320310 method=com.android.dx.rop.code.RegisterSpec.withSimpleType()Lcom/android/dx/rop/code/RegisterSpec; @ 21
Event: 4.626 Thread 0x0000000017c2a800 Uncommon trap: reason=unstable_if action=reinterpret pc=0x0000000003553fa4 method=java.util.HashMap.getNode(ILjava/lang/Object;)Ljava/util/HashMap$Node; @ 84
Event: 4.628 Thread 0x0000000002abe000 Uncommon trap: reason=bimorphic action=maybe_recompile pc=0x0000000003320310 method=com.android.dx.rop.code.RegisterSpec.withSimpleType()Lcom/android/dx/rop/code/RegisterSpec; @ 21
Event: 4.640 Thread 0x0000000017bf9800 Uncommon trap: reason=unstable_if action=reinterpret pc=0x00000000035c71d0 method=com.android.dx.ssa.Dominators.run()V @ 346
Event: 4.695 Thread 0x0000000017c2a800 Uncommon trap: reason=unstable_if action=reinterpret pc=0x000000000338699c method=com.android.dx.ssa.LiteralOpUpgrader$1.visitNonMoveInsn(Lcom/android/dx/ssa/NormalSsaInsn;)V @ 55
Event: 4.696 Thread 0x0000000017c2a800 Uncommon trap: reason=unstable_if action=reinterpret pc=0x0000000003145e1c method=com.android.dx.ssa.SsaMethod.updateOneDefinition(Lcom/android/dx/ssa/SsaInsn;Lcom/android/dx/rop/code/RegisterSpec;)V @ 4
Event: 4.798 Thread 0x0000000017c2a800 Uncommon trap: reason=bimorphic action=maybe_recompile pc=0x0000000003320310 method=com.android.dx.rop.code.RegisterSpec.withSimpleType()Lcom/android/dx/rop/code/RegisterSpec; @ 21
Event: 5.069 Thread 0x0000000018527800 Uncommon trap: reason=unstable_if action=reinterpret pc=0x000000000344c600 method=com.android.dx.dex.code.OutputFinisher.hasLocalInfo(Lcom/android/dx/dex/code/DalvInsn;)Z @ 24
Event: 5.254 Thread 0x0000000017c2a800 Uncommon trap: reason=unstable_if action=reinterpret pc=0x00000000030619e4 method=com.android.dx.dex.code.OutputFinisher.hasLocalInfo(Lcom/android/dx/dex/code/DalvInsn;)Z @ 24

Internal exceptions (7 events):
Event: 0.035 Thread 0x0000000002abe000 Exception <a 'java/lang/NoSuchMethodError': Method sun.misc.Unsafe.defineClass(Ljava/lang/String;[BII)Ljava/lang/Class; name or signature does not match> (0x00000000eab0dcf8) thrown at [D:\re\puppet\workspace\8-2-build-windows-amd64-cygwin\jdk8u73\6086\hotÎxn¢?
Event: 0.035 Thread 0x0000000002abe000 Exception <a 'java/lang/NoSuchMethodError': Method sun.misc.Unsafe.prefetchRead(Ljava/lang/Object;J)V name or signature does not match> (0x00000000eab0dfe0) thrown at [D:\re\puppet\workspace\8-2-build-windows-amd64-cygwin\jdk8u73\6086\hotspot\src\share\vm\-OÂêó?
Event: 1.245 Thread 0x0000000002abe000 Implicit null exception at 0x000000000316280c to 0x0000000003164755
Event: 3.757 Thread 0x0000000017c2a800 Implicit null exception at 0x00000000034d6a2c to 0x00000000034db4b9
Event: 4.620 Thread 0x0000000017c2a800 Exception <a 'java/lang/ArrayIndexOutOfBoundsException': 18> (0x00000000eecb32b0) thrown at [D:\re\puppet\workspace\8-2-build-windows-amd64-cygwin\jdk8u73\6086\hotspot\src\share\vm\interpreter\interpreterRuntime.cpp, line 366]
Event: 4.621 Thread 0x0000000017c2a800 Exception <a 'java/lang/ArrayIndexOutOfBoundsException': 145> (0x00000000eecb4e30) thrown at [D:\re\puppet\workspace\8-2-build-windows-amd64-cygwin\jdk8u73\6086\hotspot\src\share\vm\interpreter\interpreterRuntime.cpp, line 366]
Event: 4.622 Thread 0x0000000017c2a800 Exception <a 'java/lang/ArrayIndexOutOfBoundsException'> (0x00000000eecb6118) thrown at [D:\re\puppet\workspace\8-2-build-windows-amd64-cygwin\jdk8u73\6086\hotspot\src\share\vm\runtime\sharedRuntime.cpp, line 605]

Events (10 events):
Event: 5.376 Thread 0x0000000017c28000 DEOPT PACKING pc=0x00000000035f6a85 sp=0x000000001900e730
Event: 5.376 Thread 0x0000000017c28000 DEOPT UNPACKING pc=0x0000000002d6787f sp=0x000000001900e570 mode 0
Event: 6.096 Thread 0x0000000018527800 DEOPT PACKING pc=0x0000000003139a17 sp=0x000000001920e720
Event: 6.096 Thread 0x0000000018527800 DEOPT UNPACKING pc=0x0000000002d6787f sp=0x000000001920e508 mode 0
Event: 6.127 Executing VM operation: ParallelGCFailedAllocation
Event: 6.267 Executing VM operation: ParallelGCFailedAllocation done
Event: 6.410 loading class com/android/dx/cf/iface/ParseObserver
Event: 6.410 loading class com/android/dx/cf/iface/ParseObserver done
Event: 6.478 Thread 0x0000000017c2a800 DEOPT PACKING pc=0x00000000035f6a6e sp=0x000000001910e980
Event: 6.478 Thread 0x0000000017c2a800 DEOPT UNPACKING pc=0x0000000002d6787f sp=0x000000001910e7c0 mode 0


Dynamic libraries:
0x00007ff65bdf0000 - 0x00007ff65be27000 	C:\Program Files\Java\jdk1.8.0_73\bin\java.exe
0x00007ffd18820000 - 0x00007ffd189cd000 	C:\Windows\SYSTEM32\ntdll.dll
0x00007ffd163a0000 - 0x00007ffd164de000 	C:\Windows\system32\KERNEL32.DLL
0x00007ffd15a20000 - 0x00007ffd15b35000 	C:\Windows\system32\KERNELBASE.dll
0x00007ffd14500000 - 0x00007ffd1458e000 	C:\Windows\system32\apphelp.dll
0x00007ffcf92e0000 - 0x00007ffcf9333000 	C:\Windows\AppPatch\AppPatch64\AcGenral.DLL
0x00007ffd18080000 - 0x00007ffd1812a000 	C:\Windows\system32\msvcrt.dll
0x00007ffd15e80000 - 0x00007ffd15eae000 	C:\Windows\system32\SspiCli.dll
0x00007ffd187c0000 - 0x00007ffd18814000 	C:\Windows\system32\SHLWAPI.dll
0x00007ffd184c0000 - 0x00007ffd18637000 	C:\Windows\system32\USER32.dll
0x00007ffd18130000 - 0x00007ffd182c4000 	C:\Windows\system32\ole32.dll
0x00007ffd16860000 - 0x00007ffd17d8b000 	C:\Windows\system32\SHELL32.dll
0x00007ffd15100000 - 0x00007ffd15121000 	C:\Windows\SYSTEM32\USERENV.dll
0x00007ffd16140000 - 0x00007ffd161ea000 	C:\Windows\system32\ADVAPI32.dll
0x00007ffd0f440000 - 0x00007ffd0f45e000 	C:\Windows\SYSTEM32\MPR.dll
0x00007ffd16260000 - 0x00007ffd163a0000 	C:\Windows\system32\RPCRT4.dll
0x00007ffd18690000 - 0x00007ffd186e9000 	C:\Windows\SYSTEM32\sechost.dll
0x00007ffd16640000 - 0x00007ffd16851000 	C:\Windows\SYSTEM32\combase.dll
0x00007ffd17f30000 - 0x00007ffd18080000 	C:\Windows\system32\GDI32.dll
0x00007ffd15950000 - 0x00007ffd15965000 	C:\Windows\SYSTEM32\profapi.dll
0x00007ffd14440000 - 0x00007ffd144f2000 	C:\Windows\SYSTEM32\SHCORE.dll
0x00007ffd18640000 - 0x00007ffd18676000 	C:\Windows\system32\IMM32.DLL
0x00007ffd164e0000 - 0x00007ffd16632000 	C:\Windows\system32\MSCTF.dll
0x00007ffd13890000 - 0x00007ffd13b0b000 	C:\Windows\WinSxS\amd64_microsoft.windows.common-controls_6595b64144ccf1df_6.0.9600.18006_none_623f33d3ecbe86e8\COMCTL32.dll
0x0000000058cf0000 - 0x0000000058dc2000 	C:\Program Files\Java\jdk1.8.0_73\jre\bin\msvcr100.dll
0x00000000590d0000 - 0x0000000059960000 	C:\Program Files\Java\jdk1.8.0_73\jre\bin\server\jvm.dll
0x00007ffd0c3f0000 - 0x00007ffd0c3f9000 	C:\Windows\SYSTEM32\WSOCK32.dll
0x00007ffd13200000 - 0x00007ffd13222000 	C:\Windows\SYSTEM32\WINMM.dll
0x00007ffd12fc0000 - 0x00007ffd12fca000 	C:\Windows\SYSTEM32\VERSION.dll
0x00007ffd187b0000 - 0x00007ffd187b7000 	C:\Windows\system32\PSAPI.DLL
0x00007ffd17e60000 - 0x00007ffd17eba000 	C:\Windows\system32\WS2_32.dll
0x00007ffd12fd0000 - 0x00007ffd12ffa000 	C:\Windows\SYSTEM32\WINMMBASE.dll
0x00007ffd182d0000 - 0x00007ffd182d9000 	C:\Windows\system32\NSI.dll
0x00007ffd15e30000 - 0x00007ffd15e7f000 	C:\Windows\SYSTEM32\cfgmgr32.dll
0x00007ffd14770000 - 0x00007ffd14798000 	C:\Windows\SYSTEM32\DEVOBJ.dll
0x0000000059b70000 - 0x0000000059b7f000 	C:\Program Files\Java\jdk1.8.0_73\jre\bin\verify.dll
0x0000000059b40000 - 0x0000000059b69000 	C:\Program Files\Java\jdk1.8.0_73\jre\bin\java.dll
0x0000000059b20000 - 0x0000000059b36000 	C:\Program Files\Java\jdk1.8.0_73\jre\bin\zip.dll

VM Arguments:
jvm_args: -Djava.awt.headless=true -Xmx1024M -Dfile.encoding=windows-1252 -Duser.country=DE -Duser.language=de -Duser.variant 
java_command: com.android.dx.command.Main --dex --force-jumbo --num-threads=4 --multi-dex --output F:\Programmieren\Android\Kassenautomat_master\Kassenautomat\Kassenautomat_DHBW_AS\app\build\intermediates\transforms\dex\debug\folders\1000\10\mockito-core-1.9.5_183ac4d3cd7debbc71de2c9f6b667e1e2a717c19 C:\Users\Michael\.gradle\caches\modules-2\files-2.1\org.mockito\mockito-core\1.9.5\c3264abeea62c4d2f367e21484fbb40c7e256393\mockito-core-1.9.5.jar
java_class_path (initial): C:\Users\Michael\AppData\Local\Android\sdk\build-tools\23.0.2\lib\dx.jar
Launcher Type: SUN_STANDARD

Environment Variables:
JAVA_HOME=C:\Program Files\Java\jdk1.8.0_73
PATH=C:\Python34\Lib\site-packages\PyQt4;C:\Python35\Lib\site-packages\PyQt5;C:\Python351\Lib\site-packages\PyQt5;C:\ProgramData\Oracle\Java\javapath;C:\Program Files (x86)\Intel\iCLS Client\;C:\Program Files\Intel\iCLS Client\;C:\Windows\system32;C:\Windows;C:\Windows\System32\Wbem;C:\Windows\System32\WindowsPowerShell\v1.0\;C:\Program Files (x86)\Intel\Intel(R) Management Engine Components\DAL;C:\Program Files\Intel\Intel(R) Management Engine Components\DAL;C:\Program Files (x86)\Intel\Intel(R) Management Engine Components\IPT;C:\Program Files\Intel\Intel(R) Management Engine Components\IPT;C:\Program Files (x86)\NVIDIA Corporation\PhysX\Common;C:\Program Files (x86)\Notepad++;C:\Program Files (x86)\Skype\Phone\;F:\Programmieren\Python\Python;C:\MinGW;C:\MinGW\bin;C:\LinuxUtils;C:\Program Files\swipl\bin;C:\Program Files\7-Zip;C:\Users\Michael\AppData\Local\GitHub\PortableGit_c7e0cbde92ba565cb218a521411d0e854079a28c\bin;C:\Users\Michael\AppData\Local\GitHub\PortableGit_c7e0cbde92ba565cb218a521411d0e854079a28c\cmd;C:\Program Files (x86)\Google\Cloud SDK\google-cloud-sdk\bin;C:\Python34\Lib\site-packages\PyQt5;C:\Program Files\Git\cmd;C:\Program Files (x86)\nodejs\;E:\InstallierteProgramme\VC\bin;C:\Program Files (x86)\CMake\bin;C:\Users\Michael\AppData\Local\atom\bin;C:\Program Files (x86)\Google\google_appengine\;C:\Users\Michael\AppData\Roaming\npm
USERNAME=Michael
OS=Windows_NT
PROCESSOR_IDENTIFIER=Intel64 Family 6 Model 94 Stepping 3, GenuineIntel



---------------  S Y S T E M  ---------------

OS: Windows 8.1 , 64 bit Build 9600 (6.3.9600.17415)

CPU:total 8 (4 cores per cpu, 2 threads per core) family 6 model 94 stepping 3, cmov, cx8, fxsr, mmx, sse, sse2, sse3, ssse3, sse4.1, sse4.2, popcnt, avx, avx2, aes, clmul, erms, rtm, 3dnowpref, lzcnt, ht, tsc, tscinvbit, bmi1, bmi2, adx

Memory: 4k page, physical 8281628k(1066604k free), swap 11427356k(4732k free)

vm_info: Java HotSpot(TM) 64-Bit Server VM (25.73-b02) for windows-amd64 JRE (1.8.0_73-b02), built on Jan 29 2016 17:38:49 by "java_re" with MS VC++ 10.0 (VS2010)

time: Thu May 12 10:58:24 2016
elapsed time: 6 seconds (0d 0h 0m 6s)

