#
# There is insufficient memory for the Java Runtime Environment to continue.
# Native memory allocation (malloc) failed to allocate 1048576 bytes for AllocateHeap
# Possible reasons:
#   The system is out of physical RAM or swap space
#   In 32 bit mode, the process size limit was hit
# Possible solutions:
#   Reduce memory load on the system
#   Increase physical memory or swap space
#   Check if swap backing store is full
#   Use 64 bit Java on a 64 bit OS
#   Decrease Java heap size (-Xmx/-Xms)
#   Decrease number of Java threads
#   Decrease Java thread stack sizes (-Xss)
#   Set larger code cache with -XX:ReservedCodeCacheSize=
# This output file may be truncated or incomplete.
#
#  Out of Memory Error (memory/allocation.inline.hpp:61), pid=124, tid=4348
#
# JRE version:  (8.0_73-b02) (build )
# Java VM: Java HotSpot(TM) 64-Bit Server VM (25.73-b02 mixed mode windows-amd64 compressed oops)
# Failed to write core dump. Minidumps are not enabled by default on client versions of Windows
#

---------------  T H R E A D  ---------------

Current thread (0x000000000298e000):  JavaThread "Unknown thread" [_thread_in_vm, id=4348, stack(0x0000000002990000,0x0000000002a90000)]

Stack: [0x0000000002990000,0x0000000002a90000]
[error occurred during error reporting (printing stack bounds), id 0xc0000005]

Native frames: (J=compiled Java code, j=interpreted, Vv=VM code, C=native code)


---------------  P R O C E S S  ---------------

Java Threads: ( => current thread )

Other Threads:

=>0x000000000298e000 (exited) JavaThread "Unknown thread" [_thread_in_vm, id=4348, stack(0x0000000002990000,0x0000000002a90000)]

VM state:not at safepoint (normal execution)

VM Mutex/Monitor currently owned by a thread: None

Heap:
 PSYoungGen      total 38400K, used 665K [0x00000000eab00000, 0x00000000ed580000, 0x0000000100000000)
  eden space 33280K, 2% used [0x00000000eab00000,0x00000000eaba6670,0x00000000ecb80000)
  from space 5120K, 0% used [0x00000000ed080000,0x00000000ed080000,0x00000000ed580000)
  to   space 5120K, 0% used [0x00000000ecb80000,0x00000000ecb80000,0x00000000ed080000)
 ParOldGen       total 87552K, used 0K [0x00000000c0000000, 0x00000000c5580000, 0x00000000eab00000)
  object space 87552K, 0% used [0x00000000c0000000,0x00000000c0000000,0x00000000c5580000)
 Metaspace       used 769K, capacity 4480K, committed 4480K, reserved 1056768K
  class space    used 75K, capacity 384K, committed 384K, reserved 1048576K

Card table byte_map: [0x0000000011f60000,0x0000000012170000] byte_map_base: 0x0000000011960000

Marking Bits: (ParMarkBitMap*) 0x00000000598e0600
 Begin Bits: [0x0000000012ad0000, 0x0000000013ad0000)
 End Bits:   [0x0000000013ad0000, 0x0000000014ad0000)

Polling page: 0x00000000010b0000

CodeCache: size=245760Kb used=328Kb max_used=328Kb free=245431Kb
 bounds [0x0000000002ba0000, 0x0000000002e10000, 0x0000000011ba0000]
 total_blobs=57 nmethods=0 adapters=37
 compilation: enabled

Compilation events (0 events):
No events

GC Heap History (0 events):
No events

Deoptimization events (0 events):
No events

Internal exceptions (0 events):
No events

Events (10 events):
Event: 0.105 loading class java/lang/Short
Event: 0.105 loading class java/lang/Short done
Event: 0.105 loading class java/lang/Integer
Event: 0.105 loading class java/lang/Integer done
Event: 0.105 loading class java/lang/Long
Event: 0.105 loading class java/lang/Long done
Event: 0.106 loading class java/lang/NullPointerException
Event: 0.106 loading class java/lang/NullPointerException done
Event: 0.106 loading class java/lang/ArithmeticException
Event: 0.106 loading class java/lang/ArithmeticException done


Dynamic libraries:
0x00007ff65bdf0000 - 0x00007ff65be27000 	C:\Program Files\Java\jdk1.8.0_73\bin\java.exe
0x00007ffd18820000 - 0x00007ffd189cd000 	C:\Windows\SYSTEM32\ntdll.dll
0x00007ffd163a0000 - 0x00007ffd164de000 	C:\Windows\system32\KERNEL32.DLL
0x00007ffd15a20000 - 0x00007ffd15b35000 	C:\Windows\system32\KERNELBASE.dll
0x00007ffd14500000 - 0x00007ffd1458e000 	C:\Windows\system32\apphelp.dll
0x00007ffcf92e0000 - 0x00007ffcf9333000 	C:\Windows\AppPatch\AppPatch64\AcGenral.DLL
0x00007ffd18080000 - 0x00007ffd1812a000 	C:\Windows\system32\msvcrt.dll
0x00007ffd15e80000 - 0x00007ffd15eae000 	C:\Windows\system32\SspiCli.dll
0x00007ffd187c0000 - 0x00007ffd18814000 	C:\Windows\system32\SHLWAPI.dll
0x00007ffd184c0000 - 0x00007ffd18637000 	C:\Windows\system32\USER32.dll
0x00007ffd18130000 - 0x00007ffd182c4000 	C:\Windows\system32\ole32.dll
0x00007ffd16860000 - 0x00007ffd17d8b000 	C:\Windows\system32\SHELL32.dll
0x00007ffd15100000 - 0x00007ffd15121000 	C:\Windows\SYSTEM32\USERENV.dll
0x00007ffd16140000 - 0x00007ffd161ea000 	C:\Windows\system32\ADVAPI32.dll
0x00007ffd0f440000 - 0x00007ffd0f45e000 	C:\Windows\SYSTEM32\MPR.dll
0x00007ffd16260000 - 0x00007ffd163a0000 	C:\Windows\system32\RPCRT4.dll
0x00007ffd18690000 - 0x00007ffd186e9000 	C:\Windows\SYSTEM32\sechost.dll
0x00007ffd16640000 - 0x00007ffd16851000 	C:\Windows\SYSTEM32\combase.dll
0x00007ffd17f30000 - 0x00007ffd18080000 	C:\Windows\system32\GDI32.dll
0x00007ffd15950000 - 0x00007ffd15965000 	C:\Windows\SYSTEM32\profapi.dll
0x00007ffd14440000 - 0x00007ffd144f2000 	C:\Windows\SYSTEM32\SHCORE.dll
0x00007ffd18640000 - 0x00007ffd18676000 	C:\Windows\system32\IMM32.DLL
0x00007ffd164e0000 - 0x00007ffd16632000 	C:\Windows\system32\MSCTF.dll
0x00007ffd13890000 - 0x00007ffd13b0b000 	C:\Windows\WinSxS\amd64_microsoft.windows.common-controls_6595b64144ccf1df_6.0.9600.18006_none_623f33d3ecbe86e8\COMCTL32.dll
0x0000000058cf0000 - 0x0000000058dc2000 	C:\Program Files\Java\jdk1.8.0_73\jre\bin\msvcr100.dll
0x00000000590d0000 - 0x0000000059960000 	C:\Program Files\Java\jdk1.8.0_73\jre\bin\server\jvm.dll
0x00007ffd0c3f0000 - 0x00007ffd0c3f9000 	C:\Windows\SYSTEM32\WSOCK32.dll
0x00007ffd13200000 - 0x00007ffd13222000 	C:\Windows\SYSTEM32\WINMM.dll
0x00007ffd12fc0000 - 0x00007ffd12fca000 	C:\Windows\SYSTEM32\VERSION.dll
0x00007ffd187b0000 - 0x00007ffd187b7000 	C:\Windows\system32\PSAPI.DLL
0x00007ffd17e60000 - 0x00007ffd17eba000 	C:\Windows\system32\WS2_32.dll
0x00007ffd12fd0000 - 0x00007ffd12ffa000 	C:\Windows\SYSTEM32\WINMMBASE.dll
0x00007ffd182d0000 - 0x00007ffd182d9000 	C:\Windows\system32\NSI.dll
0x00007ffd15e30000 - 0x00007ffd15e7f000 	C:\Windows\SYSTEM32\cfgmgr32.dll
0x00007ffd14770000 - 0x00007ffd14798000 	C:\Windows\SYSTEM32\DEVOBJ.dll
0x0000000059b70000 - 0x0000000059b7f000 	C:\Program Files\Java\jdk1.8.0_73\jre\bin\verify.dll
0x0000000059b40000 - 0x0000000059b69000 	C:\Program Files\Java\jdk1.8.0_73\jre\bin\java.dll
0x0000000059b20000 - 0x0000000059b36000 	C:\Program Files\Java\jdk1.8.0_73\jre\bin\zip.dll

VM Arguments:
jvm_args: -Djava.awt.headless=true -Xmx1024M -Dfile.encoding=windows-1252 -Duser.country=DE -Duser.language=de -Duser.variant 
java_command: com.android.dx.command.Main --dex --force-jumbo --num-threads=4 --multi-dex --output F:\Programmieren\Android\Kassenautomat_master\Kassenautomat\Kassenautomat_DHBW_AS\app\build\intermediates\transforms\dex\debug\folders\1000\10\hamcrest-core-1.3_a29f4d38dacfed83d25ecb3aeb682a0a16a65f49 C:\Users\Michael\.gradle\caches\modules-2\files-2.1\org.hamcrest\hamcrest-core\1.3\42a25dc3219429f0e5d060061f71acb49bf010a0\hamcrest-core-1.3.jar
java_class_path (initial): C:\Users\Michael\AppData\Local\Android\sdk\build-tools\23.0.2\lib\dx.jar
Launcher Type: SUN_STANDARD

Environment Variables:
JAVA_HOME=C:\Program Files\Java\jdk1.8.0_73
PATH=C:\Python34\Lib\site-packages\PyQt4;C:\Python35\Lib\site-packages\PyQt5;C:\Python351\Lib\site-packages\PyQt5;C:\ProgramData\Oracle\Java\javapath;C:\Program Files (x86)\Intel\iCLS Client\;C:\Program Files\Intel\iCLS Client\;C:\Windows\system32;C:\Windows;C:\Windows\System32\Wbem;C:\Windows\System32\WindowsPowerShell\v1.0\;C:\Program Files (x86)\Intel\Intel(R) Management Engine Components\DAL;C:\Program Files\Intel\Intel(R) Management Engine Components\DAL;C:\Program Files (x86)\Intel\Intel(R) Management Engine Components\IPT;C:\Program Files\Intel\Intel(R) Management Engine Components\IPT;C:\Program Files (x86)\NVIDIA Corporation\PhysX\Common;C:\Program Files (x86)\Notepad++;C:\Program Files (x86)\Skype\Phone\;F:\Programmieren\Python\Python;C:\MinGW;C:\MinGW\bin;C:\LinuxUtils;C:\Program Files\swipl\bin;C:\Program Files\7-Zip;C:\Users\Michael\AppData\Local\GitHub\PortableGit_c7e0cbde92ba565cb218a521411d0e854079a28c\bin;C:\Users\Michael\AppData\Local\GitHub\PortableGit_c7e0cbde92ba565cb218a521411d0e854079a28c\cmd;C:\Program Files (x86)\Google\Cloud SDK\google-cloud-sdk\bin;C:\Python34\Lib\site-packages\PyQt5;C:\Program Files\Git\cmd;C:\Program Files (x86)\nodejs\;E:\InstallierteProgramme\VC\bin;C:\Program Files (x86)\CMake\bin;C:\Users\Michael\AppData\Local\atom\bin;C:\Program Files (x86)\Google\google_appengine\;C:\Users\Michael\AppData\Roaming\npm
USERNAME=Michael
OS=Windows_NT
PROCESSOR_IDENTIFIER=Intel64 Family 6 Model 94 Stepping 3, GenuineIntel



---------------  S Y S T E M  ---------------

OS: Windows 8.1 , 64 bit Build 9600 (6.3.9600.17415)

CPU:total 8 (4 cores per cpu, 2 threads per core) family 6 model 94 stepping 3, cmov, cx8, fxsr, mmx, sse, sse2, sse3, ssse3, sse4.1, sse4.2, popcnt, avx, avx2, aes, clmul, erms, rtm, 3dnowpref, lzcnt, ht, tsc, tscinvbit, bmi1, bmi2, adx

Memory: 4k page, physical 8281628k(1047876k free), swap 11427356k(2936k free)

vm_info: Java HotSpot(TM) 64-Bit Server VM (25.73-b02) for windows-amd64 JRE (1.8.0_73-b02), built on Jan 29 2016 17:38:49 by "java_re" with MS VC++ 10.0 (VS2010)

time: Thu May 12 10:58:54 2016
elapsed time: 0 seconds (0d 0h 0m 0s)

