#
# There is insufficient memory for the Java Runtime Environment to continue.
# Native memory allocation (malloc) failed to allocate 32744 bytes for ChunkPool::allocate
# Possible reasons:
#   The system is out of physical RAM or swap space
#   In 32 bit mode, the process size limit was hit
# Possible solutions:
#   Reduce memory load on the system
#   Increase physical memory or swap space
#   Check if swap backing store is full
#   Use 64 bit Java on a 64 bit OS
#   Decrease Java heap size (-Xmx/-Xms)
#   Decrease number of Java threads
#   Decrease Java thread stack sizes (-Xss)
#   Set larger code cache with -XX:ReservedCodeCacheSize=
# This output file may be truncated or incomplete.
#
#  Out of Memory Error (allocation.cpp:273), pid=19004, tid=18268
#
# JRE version: Java(TM) SE Runtime Environment (8.0_73-b02) (build 1.8.0_73-b02)
# Java VM: Java HotSpot(TM) 64-Bit Server VM (25.73-b02 mixed mode windows-amd64 compressed oops)
# Failed to write core dump. Minidumps are not enabled by default on client versions of Windows
#

---------------  T H R E A D  ---------------

Current thread (0x000000001786b800):  JavaThread "C2 CompilerThread2" daemon [_thread_in_native, id=18268, stack(0x0000000017fe0000,0x00000000180e0000)]

Stack: [0x0000000017fe0000,0x00000000180e0000]
[error occurred during error reporting (printing stack bounds), id 0xc0000005]

Native frames: (J=compiled Java code, j=interpreted, Vv=VM code, C=native code)


Current CompileTask:
C2:   5795 1788   !   4       com.android.dx.cf.code.Ropper::processBlock (1101 bytes)


---------------  P R O C E S S  ---------------

Java Threads: ( => current thread )
  0x0000000018474800 JavaThread "pool-2-thread-4" [_thread_blocked, id=19052, stack(0x0000000018fe0000,0x00000000190e0000)]
  0x0000000017acb000 JavaThread "pool-2-thread-3" [_thread_blocked, id=19124, stack(0x0000000018ee0000,0x0000000018fe0000)]
  0x0000000017ac8000 JavaThread "pool-2-thread-2" [_thread_blocked, id=19120, stack(0x0000000018de0000,0x0000000018ee0000)]
  0x0000000017b49000 JavaThread "pool-3-thread-1" [_thread_blocked, id=19116, stack(0x0000000018ce0000,0x0000000018de0000)]
  0x0000000017b61800 JavaThread "pool-2-thread-1" [_thread_in_Java, id=19112, stack(0x0000000018be0000,0x0000000018ce0000)]
  0x000000001787f000 JavaThread "Service Thread" daemon [_thread_blocked, id=19228, stack(0x00000000181e0000,0x00000000182e0000)]
  0x000000001786f800 JavaThread "C1 CompilerThread3" daemon [_thread_blocked, id=16612, stack(0x00000000180e0000,0x00000000181e0000)]
=>0x000000001786b800 JavaThread "C2 CompilerThread2" daemon [_thread_in_native, id=18268, stack(0x0000000017fe0000,0x00000000180e0000)]
  0x000000001780e800 JavaThread "C2 CompilerThread1" daemon [_thread_in_native, id=16188, stack(0x0000000017ee0000,0x0000000017fe0000)]
  0x0000000017814800 JavaThread "C2 CompilerThread0" daemon [_thread_in_native, id=14776, stack(0x0000000017de0000,0x0000000017ee0000)]
  0x0000000017811800 JavaThread "Attach Listener" daemon [_thread_blocked, id=18548, stack(0x0000000017ce0000,0x0000000017de0000)]
  0x0000000017810800 JavaThread "Signal Dispatcher" daemon [_thread_blocked, id=18472, stack(0x0000000017be0000,0x0000000017ce0000)]
  0x0000000002afa000 JavaThread "Finalizer" daemon [_thread_blocked, id=14808, stack(0x00000000175d0000,0x00000000176d0000)]
  0x000000001570d800 JavaThread "Reference Handler" daemon [_thread_blocked, id=15672, stack(0x00000000174d0000,0x00000000175d0000)]
  0x0000000002bee000 JavaThread "main" [_thread_in_Java, id=18540, stack(0x00000000028f0000,0x00000000029f0000)]

Other Threads:
  0x0000000015709800 VMThread [stack: 0x00000000173d0000,0x00000000174d0000] [id=18996]
  0x0000000017874800 WatcherThread [stack: 0x00000000182e0000,0x00000000183e0000] [id=18984]

VM state:not at safepoint (normal execution)

VM Mutex/Monitor currently owned by a thread: None

Heap:
 PSYoungGen      total 71680K, used 57475K [0x00000000eab00000, 0x00000000ef600000, 0x0000000100000000)
  eden space 66560K, 78% used [0x00000000eab00000,0x00000000ede26460,0x00000000eec00000)
  from space 5120K, 99% used [0x00000000ef100000,0x00000000ef5faa90,0x00000000ef600000)
  to   space 5120K, 0% used [0x00000000eec00000,0x00000000eec00000,0x00000000ef100000)
 ParOldGen       total 87552K, used 2431K [0x00000000c0000000, 0x00000000c5580000, 0x00000000eab00000)
  object space 87552K, 2% used [0x00000000c0000000,0x00000000c025fdd8,0x00000000c5580000)
 Metaspace       used 6326K, capacity 7152K, committed 7296K, reserved 1056768K
  class space    used 605K, capacity 616K, committed 640K, reserved 1048576K

Card table byte_map: [0x0000000011fb0000,0x00000000121c0000] byte_map_base: 0x00000000119b0000

Marking Bits: (ParMarkBitMap*) 0x0000000061720600
 Begin Bits: [0x0000000012b20000, 0x0000000013b20000)
 End Bits:   [0x0000000013b20000, 0x0000000014b20000)

Polling page: 0x0000000001090000

CodeCache: size=245760Kb used=7955Kb max_used=7973Kb free=237804Kb
 bounds [0x0000000002bf0000, 0x00000000033d0000, 0x0000000011bf0000]
 total_blobs=2112 nmethods=1842 adapters=182
 compilation: enabled

Compilation events (10 events):
Event: 5.528 Thread 0x000000001786b800 nmethod 1794 0x00000000033b5950 code [0x00000000033b5ba0, 0x00000000033b6d60]
Event: 5.528 Thread 0x000000001786b800 1795       4       com.android.dx.ssa.SsaMethod::forEachBlockDepthFirst (194 bytes)
Event: 5.623 Thread 0x000000001786f800 1862       3       com.android.dx.rop.code.Rops::opIfNe (17 bytes)
Event: 5.623 Thread 0x000000001786f800 nmethod 1862 0x00000000033a6dd0 code [0x00000000033a6f40, 0x00000000033a70c8]
Event: 5.700 Thread 0x000000001786b800 nmethod 1795 0x00000000033b9a10 code [0x00000000033b9c40, 0x00000000033bb308]
Event: 5.700 Thread 0x000000001786b800 1863       4       com.android.dx.ssa.MoveParamCombiner$1::visitNonMoveInsn (213 bytes)
Event: 5.720 Thread 0x000000001786f800 1864       3       com.android.dx.rop.code.PlainInsn::<init> (13 bytes)
Event: 5.720 Thread 0x000000001786f800 nmethod 1864 0x00000000033a58d0 code [0x00000000033a5ac0, 0x00000000033a6478]
Event: 5.770 Thread 0x000000001786b800 nmethod 1863 0x00000000033bd610 code [0x00000000033bd900, 0x00000000033bf290]
Event: 5.770 Thread 0x000000001786b800 1788   !   4       com.android.dx.cf.code.Ropper::processBlock (1101 bytes)

GC Heap History (4 events):
Event: 1.988 GC heap before
{Heap before GC invocations=1 (full 0):
 PSYoungGen      total 38400K, used 33280K [0x00000000eab00000, 0x00000000ed580000, 0x0000000100000000)
  eden space 33280K, 100% used [0x00000000eab00000,0x00000000ecb80000,0x00000000ecb80000)
  from space 5120K, 0% used [0x00000000ed080000,0x00000000ed080000,0x00000000ed580000)
  to   space 5120K, 0% used [0x00000000ecb80000,0x00000000ecb80000,0x00000000ed080000)
 ParOldGen       total 87552K, used 0K [0x00000000c0000000, 0x00000000c5580000, 0x00000000eab00000)
  object space 87552K, 0% used [0x00000000c0000000,0x00000000c0000000,0x00000000c5580000)
 Metaspace       used 5577K, capacity 6576K, committed 6784K, reserved 1056768K
  class space    used 593K, capacity 616K, committed 640K, reserved 1048576K
Event: 2.210 GC heap after
Heap after GC invocations=1 (full 0):
 PSYoungGen      total 38400K, used 4194K [0x00000000eab00000, 0x00000000ef600000, 0x0000000100000000)
  eden space 33280K, 0% used [0x00000000eab00000,0x00000000eab00000,0x00000000ecb80000)
  from space 5120K, 81% used [0x00000000ecb80000,0x00000000ecf98898,0x00000000ed080000)
  to   space 5120K, 0% used [0x00000000ef100000,0x00000000ef100000,0x00000000ef600000)
 ParOldGen       total 87552K, used 0K [0x00000000c0000000, 0x00000000c5580000, 0x00000000eab00000)
  object space 87552K, 0% used [0x00000000c0000000,0x00000000c0000000,0x00000000c5580000)
 Metaspace       used 5577K, capacity 6576K, committed 6784K, reserved 1056768K
  class space    used 593K, capacity 616K, committed 640K, reserved 1048576K
}
Event: 3.863 GC heap before
{Heap before GC invocations=2 (full 0):
 PSYoungGen      total 38400K, used 37474K [0x00000000eab00000, 0x00000000ef600000, 0x0000000100000000)
  eden space 33280K, 100% used [0x00000000eab00000,0x00000000ecb80000,0x00000000ecb80000)
  from space 5120K, 81% used [0x00000000ecb80000,0x00000000ecf98898,0x00000000ed080000)
  to   space 5120K, 0% used [0x00000000ef100000,0x00000000ef100000,0x00000000ef600000)
 ParOldGen       total 87552K, used 0K [0x00000000c0000000, 0x00000000c5580000, 0x00000000eab00000)
  object space 87552K, 0% used [0x00000000c0000000,0x00000000c0000000,0x00000000c5580000)
 Metaspace       used 6221K, capacity 7088K, committed 7296K, reserved 1056768K
  class space    used 603K, capacity 616K, committed 640K, reserved 1048576K
Event: 4.178 GC heap after
Heap after GC invocations=2 (full 0):
 PSYoungGen      total 71680K, used 5098K [0x00000000eab00000, 0x00000000ef600000, 0x0000000100000000)
  eden space 66560K, 0% used [0x00000000eab00000,0x00000000eab00000,0x00000000eec00000)
  from space 5120K, 99% used [0x00000000ef100000,0x00000000ef5faa90,0x00000000ef600000)
  to   space 5120K, 0% used [0x00000000eec00000,0x00000000eec00000,0x00000000ef100000)
 ParOldGen       total 87552K, used 2431K [0x00000000c0000000, 0x00000000c5580000, 0x00000000eab00000)
  object space 87552K, 2% used [0x00000000c0000000,0x00000000c025fdd8,0x00000000c5580000)
 Metaspace       used 6221K, capacity 7088K, committed 7296K, reserved 1056768K
  class space    used 603K, capacity 616K, committed 640K, reserved 1048576K
}

Deoptimization events (10 events):
Event: 3.333 Thread 0x0000000017b61800 Uncommon trap: reason=null_check action=make_not_entrant pc=0x00000000030bc320 method=com.android.dx.ssa.SsaRenamer.getLocalForNewReg(I)Lcom/android/dx/rop/code/LocalItem; @ 19
Event: 3.654 Thread 0x0000000017acb000 Uncommon trap: reason=unstable_if action=reinterpret pc=0x0000000003124c34 method=com.android.dx.ssa.LiteralOpUpgrader$1.visitNonMoveInsn(Lcom/android/dx/ssa/NormalSsaInsn;)V @ 151
Event: 3.746 Thread 0x0000000017b61800 Uncommon trap: reason=unstable_if action=reinterpret pc=0x0000000003173b44 method=com.android.dx.ssa.SCCP.simulateStmt(Lcom/android/dx/ssa/SsaInsn;)V @ 53
Event: 3.783 Thread 0x0000000002bee000 Uncommon trap: reason=unloaded action=reinterpret pc=0x00000000030c0688 method=com.android.dx.cf.cst.ConstantPoolParser.parse0(ILjava/util/BitSet;)Lcom/android/dx/rop/cst/Constant; @ 176
Event: 4.492 Thread 0x0000000017acb000 Uncommon trap: reason=uninitialized action=reinterpret pc=0x000000000324acd4 method=com.android.dx.cf.code.BytecodeArray.parseInstruction(ILcom/android/dx/cf/code/BytecodeArray$Visitor;)I @ 1063
Event: 4.860 Thread 0x0000000017b61800 Uncommon trap: reason=unstable_if action=reinterpret pc=0x000000000311da4c method=com.android.dx.ssa.MoveParamCombiner$1.visitNonMoveInsn(Lcom/android/dx/ssa/NormalSsaInsn;)V @ 27
Event: 5.011 Thread 0x0000000018474800 Uncommon trap: reason=unstable_if action=reinterpret pc=0x0000000003333fb0 method=com.android.dx.rop.code.LocalVariableExtractor.processBlock(I)V @ 195
Event: 5.312 Thread 0x0000000017acb000 Uncommon trap: reason=unstable_if action=reinterpret pc=0x000000000322b4ac method=com.android.dx.ssa.InterferenceRegisterMapper.interferes(III)Z @ 69
Event: 5.332 Thread 0x0000000017acb000 Uncommon trap: reason=bimorphic action=maybe_recompile pc=0x0000000002e742a8 method=java.util.HashMap.getNode(ILjava/lang/Object;)Ljava/util/HashMap$Node; @ 126
Event: 5.332 Thread 0x0000000017acb000 Uncommon trap: reason=class_check action=maybe_recompile pc=0x0000000003116004 method=java.util.HashMap.putVal(ILjava/lang/Object;Ljava/lang/Object;ZZ)Ljava/lang/Object; @ 203

Internal exceptions (4 events):
Event: 0.170 Thread 0x0000000002bee000 Exception <a 'java/lang/NoSuchMethodError': Method sun.misc.Unsafe.defineClass(Ljava/lang/String;[BII)Ljava/lang/Class; name or signature does not match> (0x00000000eab0dd90) thrown at [D:\re\puppet\workspace\8-2-build-windows-amd64-cygwin\jdk8u73\6086\hotýQÇWô¶Å?
Event: 0.170 Thread 0x0000000002bee000 Exception <a 'java/lang/NoSuchMethodError': Method sun.misc.Unsafe.prefetchRead(Ljava/lang/Object;J)V name or signature does not match> (0x00000000eab0e078) thrown at [D:\re\puppet\workspace\8-2-build-windows-amd64-cygwin\jdk8u73\6086\hotspot\src\share\vm\þp5B2@
Event: 3.008 Thread 0x0000000017b61800 Implicit null exception at 0x00000000030acca6 to 0x00000000030ad785
Event: 3.333 Thread 0x0000000017b61800 Implicit null exception at 0x00000000030bb5c9 to 0x00000000030bc2d5

Events (10 events):
Event: 5.332 Thread 0x0000000017acb000 DEOPT UNPACKING pc=0x0000000002c3582a sp=0x0000000018fdeaf0 mode 2
Event: 5.332 Thread 0x0000000017acb000 Uncommon trap: trap_request=0xffffffde fr.pc=0x0000000003116004
Event: 5.332 Thread 0x0000000017acb000 DEOPT PACKING pc=0x0000000003116004 sp=0x0000000018fdeb40
Event: 5.332 Thread 0x0000000017acb000 DEOPT UNPACKING pc=0x0000000002c3582a sp=0x0000000018fdeac8 mode 2
Event: 5.412 loading class com/android/dx/cf/attrib/AttAnnotationDefault
Event: 5.412 loading class com/android/dx/cf/attrib/AttAnnotationDefault done
Event: 5.428 Thread 0x0000000017acb000 DEOPT PACKING pc=0x00000000030ea95a sp=0x0000000018fdec00
Event: 5.428 Thread 0x0000000017acb000 DEOPT UNPACKING pc=0x0000000002c3787f sp=0x0000000018fde938 mode 0
Event: 5.717 Thread 0x0000000017ac8000 DEOPT PACKING pc=0x0000000002f47dbd sp=0x0000000018edea90
Event: 5.717 Thread 0x0000000017ac8000 DEOPT UNPACKING pc=0x0000000002c3787f sp=0x0000000018ede830 mode 0


Dynamic libraries:
0x00007ff7563b0000 - 0x00007ff7563e7000 	C:\Program Files\Java\jdk1.8.0_73\bin\java.exe
0x00007ffb0d4d0000 - 0x00007ffb0d67d000 	C:\Windows\SYSTEM32\ntdll.dll
0x00007ffb0b130000 - 0x00007ffb0b26e000 	C:\Windows\system32\KERNEL32.DLL
0x00007ffb0a700000 - 0x00007ffb0a815000 	C:\Windows\system32\KERNELBASE.dll
0x00007ffb091b0000 - 0x00007ffb0923e000 	C:\Windows\system32\apphelp.dll
0x00007ffaed3c0000 - 0x00007ffaed413000 	C:\Windows\AppPatch\AppPatch64\AcGenral.DLL
0x00007ffb0ab60000 - 0x00007ffb0ac0a000 	C:\Windows\system32\msvcrt.dll
0x00007ffb0a6d0000 - 0x00007ffb0a6fe000 	C:\Windows\system32\SspiCli.dll
0x00007ffb0ae80000 - 0x00007ffb0aed4000 	C:\Windows\system32\SHLWAPI.dll
0x00007ffb0af50000 - 0x00007ffb0b0c7000 	C:\Windows\system32\USER32.dll
0x00007ffb0bb50000 - 0x00007ffb0bce4000 	C:\Windows\system32\ole32.dll
0x00007ffb0bfa0000 - 0x00007ffb0d4cb000 	C:\Windows\system32\SHELL32.dll
0x00007ffb09bd0000 - 0x00007ffb09bf1000 	C:\Windows\SYSTEM32\USERENV.dll
0x00007ffb0b6a0000 - 0x00007ffb0b74a000 	C:\Windows\system32\ADVAPI32.dll
0x00007ffafba20000 - 0x00007ffafba3e000 	C:\Windows\SYSTEM32\MPR.dll
0x00007ffb0be60000 - 0x00007ffb0bfa0000 	C:\Windows\system32\RPCRT4.dll
0x00007ffb0ae20000 - 0x00007ffb0ae79000 	C:\Windows\SYSTEM32\sechost.dll
0x00007ffb0b930000 - 0x00007ffb0bb41000 	C:\Windows\SYSTEM32\combase.dll
0x00007ffb0b390000 - 0x00007ffb0b4e0000 	C:\Windows\system32\GDI32.dll
0x00007ffb0a600000 - 0x00007ffb0a615000 	C:\Windows\SYSTEM32\profapi.dll
0x00007ffb08e90000 - 0x00007ffb08f42000 	C:\Windows\SYSTEM32\SHCORE.dll
0x00007ffb0ac30000 - 0x00007ffb0ac66000 	C:\Windows\system32\IMM32.DLL
0x00007ffb0bcf0000 - 0x00007ffb0be42000 	C:\Windows\system32\MSCTF.dll
0x00007ffb08550000 - 0x00007ffb087cb000 	C:\Windows\WinSxS\amd64_microsoft.windows.common-controls_6595b64144ccf1df_6.0.9600.18006_none_623f33d3ecbe86e8\COMCTL32.dll
0x00000000609b0000 - 0x0000000060a82000 	C:\Program Files\Java\jdk1.8.0_73\jre\bin\msvcr100.dll
0x0000000060f10000 - 0x00000000617a0000 	C:\Program Files\Java\jdk1.8.0_73\jre\bin\server\jvm.dll
0x00007ffb01090000 - 0x00007ffb01099000 	C:\Windows\SYSTEM32\WSOCK32.dll
0x00007ffb07df0000 - 0x00007ffb07e12000 	C:\Windows\SYSTEM32\WINMM.dll
0x00007ffb07e20000 - 0x00007ffb07e2a000 	C:\Windows\SYSTEM32\VERSION.dll
0x00007ffb0b4e0000 - 0x00007ffb0b4e7000 	C:\Windows\system32\PSAPI.DLL
0x00007ffb0b0d0000 - 0x00007ffb0b12a000 	C:\Windows\system32\WS2_32.dll
0x00007ffb06fa0000 - 0x00007ffb06fca000 	C:\Windows\SYSTEM32\WINMMBASE.dll
0x00007ffb0be50000 - 0x00007ffb0be59000 	C:\Windows\system32\NSI.dll
0x00007ffb0a820000 - 0x00007ffb0a86f000 	C:\Windows\SYSTEM32\cfgmgr32.dll
0x00007ffb09420000 - 0x00007ffb09448000 	C:\Windows\SYSTEM32\DEVOBJ.dll
0x0000000060e20000 - 0x0000000060e2f000 	C:\Program Files\Java\jdk1.8.0_73\jre\bin\verify.dll
0x0000000060df0000 - 0x0000000060e19000 	C:\Program Files\Java\jdk1.8.0_73\jre\bin\java.dll
0x0000000060dd0000 - 0x0000000060de6000 	C:\Program Files\Java\jdk1.8.0_73\jre\bin\zip.dll

VM Arguments:
jvm_args: -Djava.awt.headless=true -Xmx1024M -Dfile.encoding=windows-1252 -Duser.country=DE -Duser.language=de -Duser.variant 
java_command: com.android.dx.command.Main --dex --force-jumbo --num-threads=4 --multi-dex --output F:\Programmieren\Android\Kassenautomat_master\Kassenautomat\Kassenautomat_DHBW_AS\app\build\intermediates\transforms\dex\debug\folders\1000\10\com.android.support.test.espresso-espresso-core-2.2.1_addc30ae0d3ba8dfaf6f7e586aca434517ffd48e F:\Programmieren\Android\Kassenautomat_master\Kassenautomat\Kassenautomat_DHBW_AS\app\build\intermediates\exploded-aar\com.android.support.test.espresso\espresso-core\2.2.1\jars\classes.jar
java_class_path (initial): C:\Users\Michael\AppData\Local\Android\sdk\build-tools\23.0.2\lib\dx.jar
Launcher Type: SUN_STANDARD

Environment Variables:
JAVA_HOME=C:\Program Files\Java\jdk1.8.0_73
PATH=C:\Python34\Lib\site-packages\PyQt4;C:\Python35\Lib\site-packages\PyQt5;C:\Python351\Lib\site-packages\PyQt5;C:\ProgramData\Oracle\Java\javapath;C:\Program Files (x86)\Intel\iCLS Client\;C:\Program Files\Intel\iCLS Client\;C:\Windows\system32;C:\Windows;C:\Windows\System32\Wbem;C:\Windows\System32\WindowsPowerShell\v1.0\;C:\Program Files (x86)\Intel\Intel(R) Management Engine Components\DAL;C:\Program Files\Intel\Intel(R) Management Engine Components\DAL;C:\Program Files (x86)\Intel\Intel(R) Management Engine Components\IPT;C:\Program Files\Intel\Intel(R) Management Engine Components\IPT;C:\Program Files (x86)\NVIDIA Corporation\PhysX\Common;C:\Program Files (x86)\Notepad++;C:\Program Files (x86)\Skype\Phone\;F:\Programmieren\Python\Python;C:\MinGW;C:\MinGW\bin;C:\LinuxUtils;C:\Program Files\swipl\bin;C:\Program Files\7-Zip;C:\Users\Michael\AppData\Local\GitHub\PortableGit_c7e0cbde92ba565cb218a521411d0e854079a28c\bin;C:\Users\Michael\AppData\Local\GitHub\PortableGit_c7e0cbde92ba565cb218a521411d0e854079a28c\cmd;C:\Program Files (x86)\Google\Cloud SDK\google-cloud-sdk\bin;C:\Python34\Lib\site-packages\PyQt5;C:\Program Files\Git\cmd;C:\Program Files (x86)\nodejs\;E:\InstallierteProgramme\VC\bin;C:\Program Files (x86)\CMake\bin;C:\Users\Michael\AppData\Local\atom\bin;C:\Program Files (x86)\Google\google_appengine\;C:\Users\Michael\AppData\Roaming\npm
USERNAME=Michael
OS=Windows_NT
PROCESSOR_IDENTIFIER=Intel64 Family 6 Model 94 Stepping 3, GenuineIntel



---------------  S Y S T E M  ---------------

OS: Windows 8.1 , 64 bit Build 9600 (6.3.9600.17415)

CPU:total 8 (4 cores per cpu, 2 threads per core) family 6 model 94 stepping 3, cmov, cx8, fxsr, mmx, sse, sse2, sse3, ssse3, sse4.1, sse4.2, popcnt, avx, avx2, aes, clmul, erms, rtm, 3dnowpref, lzcnt, ht, tsc, tscinvbit, bmi1, bmi2, adx

Memory: 4k page, physical 8281628k(779248k free), swap 11427356k(3100k free)

vm_info: Java HotSpot(TM) 64-Bit Server VM (25.73-b02) for windows-amd64 JRE (1.8.0_73-b02), built on Jan 29 2016 17:38:49 by "java_re" with MS VC++ 10.0 (VS2010)

time: Tue May 17 13:14:42 2016
elapsed time: 5 seconds (0d 0h 0m 5s)

