#
# There is insufficient memory for the Java Runtime Environment to continue.
# Native memory allocation (malloc) failed to allocate 369136 bytes for Chunk::new
# Possible reasons:
#   The system is out of physical RAM or swap space
#   In 32 bit mode, the process size limit was hit
# Possible solutions:
#   Reduce memory load on the system
#   Increase physical memory or swap space
#   Check if swap backing store is full
#   Use 64 bit Java on a 64 bit OS
#   Decrease Java heap size (-Xmx/-Xms)
#   Decrease number of Java threads
#   Decrease Java thread stack sizes (-Xss)
#   Set larger code cache with -XX:ReservedCodeCacheSize=
# This output file may be truncated or incomplete.
#
#  Out of Memory Error (allocation.cpp:390), pid=17792, tid=17980
#
# JRE version: Java(TM) SE Runtime Environment (8.0_73-b02) (build 1.8.0_73-b02)
# Java VM: Java HotSpot(TM) 64-Bit Server VM (25.73-b02 mixed mode windows-amd64 compressed oops)
# Failed to write core dump. Minidumps are not enabled by default on client versions of Windows
#

---------------  T H R E A D  ---------------

Current thread (0x0000000016ed0800):  JavaThread "C2 CompilerThread1" daemon [_thread_in_native, id=17980, stack(0x00000000175a0000,0x00000000176a0000)]

Stack: [0x00000000175a0000,0x00000000176a0000]
[error occurred during error reporting (printing stack bounds), id 0xc0000005]

Native frames: (J=compiled Java code, j=interpreted, Vv=VM code, C=native code)


Current CompileTask:
C2:   5346 2107       4       com.android.dx.ssa.DeadCodeRemover::run (194 bytes)


---------------  P R O C E S S  ---------------

Java Threads: ( => current thread )
  0x0000000017aca800 JavaThread "pool-2-thread-4" [_thread_blocked, id=18124, stack(0x00000000186a0000,0x00000000187a0000)]
  0x0000000017c0c000 JavaThread "pool-2-thread-3" [_thread_blocked, id=18116, stack(0x00000000185a0000,0x00000000186a0000)]
  0x0000000017c04800 JavaThread "pool-2-thread-2" [_thread_blocked, id=18112, stack(0x00000000184a0000,0x00000000185a0000)]
  0x0000000017aac800 JavaThread "pool-3-thread-1" [_thread_blocked, id=18108, stack(0x00000000183a0000,0x00000000184a0000)]
  0x0000000017236800 JavaThread "pool-2-thread-1" [_thread_blocked, id=18104, stack(0x00000000182a0000,0x00000000183a0000)]
  0x0000000016f6e000 JavaThread "Service Thread" daemon [_thread_blocked, id=18000, stack(0x00000000178a0000,0x00000000179a0000)]
  0x0000000016ede000 JavaThread "C1 CompilerThread3" daemon [_thread_blocked, id=17988, stack(0x00000000177a0000,0x00000000178a0000)]
  0x0000000016ed6000 JavaThread "C2 CompilerThread2" daemon [_thread_in_native, id=17984, stack(0x00000000176a0000,0x00000000177a0000)]
=>0x0000000016ed0800 JavaThread "C2 CompilerThread1" daemon [_thread_in_native, id=17980, stack(0x00000000175a0000,0x00000000176a0000)]
  0x0000000016ec8000 JavaThread "C2 CompilerThread0" daemon [_thread_in_native, id=17976, stack(0x00000000174a0000,0x00000000175a0000)]
  0x0000000016ec4000 JavaThread "Attach Listener" daemon [_thread_blocked, id=17972, stack(0x00000000173a0000,0x00000000174a0000)]
  0x0000000016ec3800 JavaThread "Signal Dispatcher" daemon [_thread_blocked, id=17968, stack(0x00000000172a0000,0x00000000173a0000)]
  0x000000000229a800 JavaThread "Finalizer" daemon [_thread_blocked, id=17920, stack(0x0000000016c90000,0x0000000016d90000)]
  0x0000000002293800 JavaThread "Reference Handler" daemon [_thread_blocked, id=17916, stack(0x0000000016b90000,0x0000000016c90000)]
  0x000000000209e000 JavaThread "main" [_thread_blocked, id=17832, stack(0x00000000020a0000,0x00000000021a0000)]

Other Threads:
  0x0000000014db9000 VMThread [stack: 0x0000000016a90000,0x0000000016b90000] [id=17912]
  0x0000000016f74000 WatcherThread [stack: 0x00000000179a0000,0x0000000017aa0000] [id=18016]

VM state:not at safepoint (normal execution)

VM Mutex/Monitor currently owned by a thread: None

Heap:
 PSYoungGen      total 138240K, used 73283K [0x00000000eab00000, 0x00000000f3700000, 0x0000000100000000)
  eden space 133120K, 51% used [0x00000000eab00000,0x00000000eed98620,0x00000000f2d00000)
  from space 5120K, 99% used [0x00000000f2d00000,0x00000000f31f89b0,0x00000000f3200000)
  to   space 5120K, 0% used [0x00000000f3200000,0x00000000f3200000,0x00000000f3700000)
 ParOldGen       total 87552K, used 49813K [0x00000000c0000000, 0x00000000c5580000, 0x00000000eab00000)
  object space 87552K, 56% used [0x00000000c0000000,0x00000000c30a57f0,0x00000000c5580000)
 Metaspace       used 6494K, capacity 7192K, committed 7424K, reserved 1056768K
  class space    used 620K, capacity 656K, committed 768K, reserved 1048576K

Card table byte_map: [0x0000000011660000,0x0000000011870000] byte_map_base: 0x0000000011060000

Marking Bits: (ParMarkBitMap*) 0x0000000061720600
 Begin Bits: [0x00000000121d0000, 0x00000000131d0000)
 End Bits:   [0x00000000131d0000, 0x00000000141d0000)

Polling page: 0x0000000000710000

CodeCache: size=245760Kb used=8820Kb max_used=8830Kb free=236939Kb
 bounds [0x00000000022a0000, 0x0000000002b50000, 0x00000000112a0000]
 total_blobs=2305 nmethods=2035 adapters=182
 compilation: enabled

Compilation events (10 events):
Event: 5.067 Thread 0x0000000016ede000 2140       1       com.android.dx.rop.code.Insn$BaseVisitor::visitThrowingInsn (1 bytes)
Event: 5.068 Thread 0x0000000016ede000 nmethod 2140 0x0000000002af4610 code [0x0000000002af4760, 0x0000000002af4870]
Event: 5.089 Thread 0x0000000016ed0800 nmethod 2106 0x0000000002b22c90 code [0x0000000002b22ec0, 0x0000000002b24390]
Event: 5.089 Thread 0x0000000016ed0800 2107       4       com.android.dx.ssa.DeadCodeRemover::run (194 bytes)
Event: 5.094 Thread 0x0000000016ede000 2141       2       java.util.concurrent.locks.AbstractQueuedSynchronizer$ConditionObject::await (98 bytes)
Event: 5.094 Thread 0x0000000016ede000 nmethod 2141 0x0000000002af8410 code [0x0000000002af8620, 0x0000000002af8d08]
Event: 5.104 Thread 0x0000000016ede000 2143       2       java.util.concurrent.locks.AbstractQueuedSynchronizer$Node::<init> (15 bytes)
Event: 5.104 Thread 0x0000000016ede000 nmethod 2143 0x0000000002b228d0 code [0x0000000002b22a20, 0x0000000002b22b90]
Event: 5.129 Thread 0x0000000016ede000 2144       2       java.util.concurrent.locks.AbstractQueuedSynchronizer::transferForSignal (45 bytes)
Event: 5.129 Thread 0x0000000016ede000 nmethod 2144 0x0000000002af7450 code [0x0000000002af75c0, 0x0000000002af7818]

GC Heap History (10 events):
Event: 1.145 GC heap before
{Heap before GC invocations=1 (full 0):
 PSYoungGen      total 38400K, used 33280K [0x00000000eab00000, 0x00000000ed580000, 0x0000000100000000)
  eden space 33280K, 100% used [0x00000000eab00000,0x00000000ecb80000,0x00000000ecb80000)
  from space 5120K, 0% used [0x00000000ed080000,0x00000000ed080000,0x00000000ed580000)
  to   space 5120K, 0% used [0x00000000ecb80000,0x00000000ecb80000,0x00000000ed080000)
 ParOldGen       total 87552K, used 74K [0x00000000c0000000, 0x00000000c5580000, 0x00000000eab00000)
  object space 87552K, 0% used [0x00000000c0000000,0x00000000c0012bb0,0x00000000c5580000)
 Metaspace       used 5951K, capacity 6896K, committed 7040K, reserved 1056768K
  class space    used 597K, capacity 616K, committed 640K, reserved 1048576K
Event: 1.172 GC heap after
Heap after GC invocations=1 (full 0):
 PSYoungGen      total 38400K, used 5106K [0x00000000eab00000, 0x00000000ef600000, 0x0000000100000000)
  eden space 33280K, 0% used [0x00000000eab00000,0x00000000eab00000,0x00000000ecb80000)
  from space 5120K, 99% used [0x00000000ecb80000,0x00000000ed07c9a0,0x00000000ed080000)
  to   space 5120K, 0% used [0x00000000ef100000,0x00000000ef100000,0x00000000ef600000)
 ParOldGen       total 87552K, used 862K [0x00000000c0000000, 0x00000000c5580000, 0x00000000eab00000)
  object space 87552K, 0% used [0x00000000c0000000,0x00000000c00d7b58,0x00000000c5580000)
 Metaspace       used 5951K, capacity 6896K, committed 7040K, reserved 1056768K
  class space    used 597K, capacity 616K, committed 640K, reserved 1048576K
}
Event: 1.545 GC heap before
{Heap before GC invocations=2 (full 0):
 PSYoungGen      total 38400K, used 38386K [0x00000000eab00000, 0x00000000ef600000, 0x0000000100000000)
  eden space 33280K, 100% used [0x00000000eab00000,0x00000000ecb80000,0x00000000ecb80000)
  from space 5120K, 99% used [0x00000000ecb80000,0x00000000ed07c9a0,0x00000000ed080000)
  to   space 5120K, 0% used [0x00000000ef100000,0x00000000ef100000,0x00000000ef600000)
 ParOldGen       total 87552K, used 865K [0x00000000c0000000, 0x00000000c5580000, 0x00000000eab00000)
  object space 87552K, 0% used [0x00000000c0000000,0x00000000c00d8490,0x00000000c5580000)
 Metaspace       used 6087K, capacity 6960K, committed 7040K, reserved 1056768K
  class space    used 598K, capacity 616K, committed 640K, reserved 1048576K
Event: 1.561 GC heap after
Heap after GC invocations=2 (full 0):
 PSYoungGen      total 71680K, used 5116K [0x00000000eab00000, 0x00000000ef600000, 0x0000000100000000)
  eden space 66560K, 0% used [0x00000000eab00000,0x00000000eab00000,0x00000000eec00000)
  from space 5120K, 99% used [0x00000000ef100000,0x00000000ef5ff120,0x00000000ef600000)
  to   space 5120K, 0% used [0x00000000eec00000,0x00000000eec00000,0x00000000ef100000)
 ParOldGen       total 87552K, used 6602K [0x00000000c0000000, 0x00000000c5580000, 0x00000000eab00000)
  object space 87552K, 7% used [0x00000000c0000000,0x00000000c0672a38,0x00000000c5580000)
 Metaspace       used 6087K, capacity 6960K, committed 7040K, reserved 1056768K
  class space    used 598K, capacity 616K, committed 640K, reserved 1048576K
}
Event: 2.503 GC heap before
{Heap before GC invocations=3 (full 0):
 PSYoungGen      total 71680K, used 71676K [0x00000000eab00000, 0x00000000ef600000, 0x0000000100000000)
  eden space 66560K, 100% used [0x00000000eab00000,0x00000000eec00000,0x00000000eec00000)
  from space 5120K, 99% used [0x00000000ef100000,0x00000000ef5ff120,0x00000000ef600000)
  to   space 5120K, 0% used [0x00000000eec00000,0x00000000eec00000,0x00000000ef100000)
 ParOldGen       total 87552K, used 6602K [0x00000000c0000000, 0x00000000c5580000, 0x00000000eab00000)
  object space 87552K, 7% used [0x00000000c0000000,0x00000000c0672a38,0x00000000c5580000)
 Metaspace       used 6215K, capacity 7088K, committed 7296K, reserved 1056768K
  class space    used 598K, capacity 616K, committed 640K, reserved 1048576K
Event: 2.583 GC heap after
Heap after GC invocations=3 (full 0):
 PSYoungGen      total 71680K, used 5092K [0x00000000eab00000, 0x00000000f3700000, 0x0000000100000000)
  eden space 66560K, 0% used [0x00000000eab00000,0x00000000eab00000,0x00000000eec00000)
  from space 5120K, 99% used [0x00000000eec00000,0x00000000ef0f90c0,0x00000000ef100000)
  to   space 5120K, 0% used [0x00000000f3200000,0x00000000f3200000,0x00000000f3700000)
 ParOldGen       total 87552K, used 17021K [0x00000000c0000000, 0x00000000c5580000, 0x00000000eab00000)
  object space 87552K, 19% used [0x00000000c0000000,0x00000000c109f768,0x00000000c5580000)
 Metaspace       used 6215K, capacity 7088K, committed 7296K, reserved 1056768K
  class space    used 598K, capacity 616K, committed 640K, reserved 1048576K
}
Event: 3.054 GC heap before
{Heap before GC invocations=4 (full 0):
 PSYoungGen      total 71680K, used 71652K [0x00000000eab00000, 0x00000000f3700000, 0x0000000100000000)
  eden space 66560K, 100% used [0x00000000eab00000,0x00000000eec00000,0x00000000eec00000)
  from space 5120K, 99% used [0x00000000eec00000,0x00000000ef0f90c0,0x00000000ef100000)
  to   space 5120K, 0% used [0x00000000f3200000,0x00000000f3200000,0x00000000f3700000)
 ParOldGen       total 87552K, used 17021K [0x00000000c0000000, 0x00000000c5580000, 0x00000000eab00000)
  object space 87552K, 19% used [0x00000000c0000000,0x00000000c109f768,0x00000000c5580000)
 Metaspace       used 6241K, capacity 7088K, committed 7296K, reserved 1056768K
  class space    used 598K, capacity 616K, committed 640K, reserved 1048576K
Event: 3.095 GC heap after
Heap after GC invocations=4 (full 0):
 PSYoungGen      total 138240K, used 5092K [0x00000000eab00000, 0x00000000f3700000, 0x0000000100000000)
  eden space 133120K, 0% used [0x00000000eab00000,0x00000000eab00000,0x00000000f2d00000)
  from space 5120K, 99% used [0x00000000f3200000,0x00000000f36f9190,0x00000000f3700000)
  to   space 5120K, 0% used [0x00000000f2d00000,0x00000000f2d00000,0x00000000f3200000)
 ParOldGen       total 87552K, used 27913K [0x00000000c0000000, 0x00000000c5580000, 0x00000000eab00000)
  object space 87552K, 31% used [0x00000000c0000000,0x00000000c1b42550,0x00000000c5580000)
 Metaspace       used 6241K, capacity 7088K, committed 7296K, reserved 1056768K
  class space    used 598K, capacity 616K, committed 640K, reserved 1048576K
}
Event: 4.149 GC heap before
{Heap before GC invocations=5 (full 0):
 PSYoungGen      total 138240K, used 138212K [0x00000000eab00000, 0x00000000f3700000, 0x0000000100000000)
  eden space 133120K, 100% used [0x00000000eab00000,0x00000000f2d00000,0x00000000f2d00000)
  from space 5120K, 99% used [0x00000000f3200000,0x00000000f36f9190,0x00000000f3700000)
  to   space 5120K, 0% used [0x00000000f2d00000,0x00000000f2d00000,0x00000000f3200000)
 ParOldGen       total 87552K, used 27913K [0x00000000c0000000, 0x00000000c5580000, 0x00000000eab00000)
  object space 87552K, 31% used [0x00000000c0000000,0x00000000c1b42550,0x00000000c5580000)
 Metaspace       used 6376K, capacity 7152K, committed 7296K, reserved 1056768K
  class space    used 599K, capacity 616K, committed 640K, reserved 1048576K
Event: 4.297 GC heap after
Heap after GC invocations=5 (full 0):
 PSYoungGen      total 138240K, used 5090K [0x00000000eab00000, 0x00000000f3700000, 0x0000000100000000)
  eden space 133120K, 0% used [0x00000000eab00000,0x00000000eab00000,0x00000000f2d00000)
  from space 5120K, 99% used [0x00000000f2d00000,0x00000000f31f89b0,0x00000000f3200000)
  to   space 5120K, 0% used [0x00000000f3200000,0x00000000f3200000,0x00000000f3700000)
 ParOldGen       total 87552K, used 49813K [0x00000000c0000000, 0x00000000c5580000, 0x00000000eab00000)
  object space 87552K, 56% used [0x00000000c0000000,0x00000000c30a57f0,0x00000000c5580000)
 Metaspace       used 6376K, capacity 7152K, committed 7296K, reserved 1056768K
  class space    used 599K, capacity 616K, committed 640K, reserved 1048576K
}

Deoptimization events (10 events):
Event: 4.323 Thread 0x0000000017c04800 Uncommon trap: reason=bimorphic action=maybe_recompile pc=0x000000000298d1f0 method=com.android.dx.rop.code.RegisterSpec.withSimpleType()Lcom/android/dx/rop/code/RegisterSpec; @ 21
Event: 4.338 Thread 0x0000000017c04800 Uncommon trap: reason=class_check action=maybe_recompile pc=0x000000000297ed58 method=com.android.dx.ssa.LiteralOpUpgrader.isConstIntZeroOrKnownNull(Lcom/android/dx/rop/code/RegisterSpec;)Z @ 13
Event: 4.339 Thread 0x0000000017c04800 Uncommon trap: reason=unstable_if action=reinterpret pc=0x00000000026a8e9c method=com.android.dx.ssa.SsaMethod.updateOneDefinition(Lcom/android/dx/ssa/SsaInsn;Lcom/android/dx/rop/code/RegisterSpec;)V @ 4
Event: 4.339 Thread 0x0000000017c0c000 Uncommon trap: reason=class_check action=maybe_recompile pc=0x000000000297ed58 method=com.android.dx.ssa.LiteralOpUpgrader.isConstIntZeroOrKnownNull(Lcom/android/dx/rop/code/RegisterSpec;)Z @ 13
Event: 4.339 Thread 0x0000000017c0c000 Uncommon trap: reason=class_check action=maybe_recompile pc=0x000000000297ed58 method=com.android.dx.ssa.LiteralOpUpgrader.isConstIntZeroOrKnownNull(Lcom/android/dx/rop/code/RegisterSpec;)Z @ 13
Event: 4.339 Thread 0x0000000017c0c000 Uncommon trap: reason=class_check action=maybe_recompile pc=0x000000000297ed58 method=com.android.dx.ssa.LiteralOpUpgrader.isConstIntZeroOrKnownNull(Lcom/android/dx/rop/code/RegisterSpec;)Z @ 13
Event: 4.341 Thread 0x0000000017236800 Uncommon trap: reason=unstable_if action=reinterpret pc=0x00000000029cdbc0 method=com.android.dx.rop.code.LocalVariableExtractor.processBlock(I)V @ 208
Event: 4.346 Thread 0x0000000017c04800 Uncommon trap: reason=bimorphic action=maybe_recompile pc=0x000000000298d1f0 method=com.android.dx.rop.code.RegisterSpec.withSimpleType()Lcom/android/dx/rop/code/RegisterSpec; @ 21
Event: 4.366 Thread 0x0000000017aca800 Uncommon trap: reason=unstable_if action=reinterpret pc=0x0000000002724b38 method=java.util.HashMap.putVal(ILjava/lang/Object;Ljava/lang/Object;ZZ)Ljava/lang/Object; @ 162
Event: 4.462 Thread 0x0000000017aca800 Uncommon trap: reason=unstable_if action=reinterpret pc=0x000000000263a324 method=com.android.dx.dex.code.OutputFinisher.hasLocalInfo(Lcom/android/dx/dex/code/DalvInsn;)Z @ 24

Internal exceptions (6 events):
Event: 0.034 Thread 0x000000000209e000 Exception <a 'java/lang/NoSuchMethodError': Method sun.misc.Unsafe.defineClass(Ljava/lang/String;[BII)Ljava/lang/Class; name or signature does not match> (0x00000000eab0db58) thrown at [D:\re\puppet\workspace\8-2-build-windows-amd64-cygwin\jdk8u73\6086\hot·!c´Ék¡?
Event: 0.034 Thread 0x000000000209e000 Exception <a 'java/lang/NoSuchMethodError': Method sun.misc.Unsafe.prefetchRead(Ljava/lang/Object;J)V name or signature does not match> (0x00000000eab0de40) thrown at [D:\re\puppet\workspace\8-2-build-windows-amd64-cygwin\jdk8u73\6086\hotspot\src\share\vm\²ˆ×õþ?
Event: 1.878 Thread 0x0000000017236800 Implicit null exception at 0x0000000002756c6a to 0x0000000002758c55
Event: 4.370 Thread 0x0000000017aca800 Exception <a 'java/lang/ArrayIndexOutOfBoundsException': 18> (0x00000000ecd818d8) thrown at [D:\re\puppet\workspace\8-2-build-windows-amd64-cygwin\jdk8u73\6086\hotspot\src\share\vm\interpreter\interpreterRuntime.cpp, line 366]
Event: 4.371 Thread 0x0000000017aca800 Exception <a 'java/lang/ArrayIndexOutOfBoundsException': 145> (0x00000000ecd83458) thrown at [D:\re\puppet\workspace\8-2-build-windows-amd64-cygwin\jdk8u73\6086\hotspot\src\share\vm\interpreter\interpreterRuntime.cpp, line 366]
Event: 4.372 Thread 0x0000000017aca800 Exception <a 'java/lang/ArrayIndexOutOfBoundsException'> (0x00000000ecd84740) thrown at [D:\re\puppet\workspace\8-2-build-windows-amd64-cygwin\jdk8u73\6086\hotspot\src\share\vm\runtime\sharedRuntime.cpp, line 605]

Events (10 events):
Event: 4.377 Thread 0x000000000209e000 DEOPT UNPACKING pc=0x00000000022e787f sp=0x000000000219dd20 mode 0
Event: 4.462 Thread 0x0000000017aca800 Uncommon trap: trap_request=0xffffff65 fr.pc=0x000000000263a324
Event: 4.462 Thread 0x0000000017aca800 DEOPT PACKING pc=0x000000000263a324 sp=0x000000001879ea90
Event: 4.462 Thread 0x0000000017aca800 DEOPT UNPACKING pc=0x00000000022e582a sp=0x000000001879e9a8 mode 2
Event: 4.485 Thread 0x0000000017aca800 DEOPT PACKING pc=0x000000000260ade1 sp=0x000000001879ea20
Event: 4.485 Thread 0x0000000017aca800 DEOPT UNPACKING pc=0x00000000022e787f sp=0x000000001879e800 mode 0
Event: 4.954 Thread 0x0000000017aca800 DEOPT PACKING pc=0x0000000002ae3983 sp=0x000000001879eb80
Event: 4.954 Thread 0x0000000017aca800 DEOPT UNPACKING pc=0x00000000022e787f sp=0x000000001879e938 mode 0
Event: 5.024 Thread 0x0000000017236800 DEOPT PACKING pc=0x00000000025ff3ad sp=0x000000001839ed10
Event: 5.024 Thread 0x0000000017236800 DEOPT UNPACKING pc=0x00000000022e787f sp=0x000000001839eaa0 mode 0


Dynamic libraries:
0x00007ff7563b0000 - 0x00007ff7563e7000 	C:\Program Files\Java\jdk1.8.0_73\bin\java.exe
0x00007ffb0d4d0000 - 0x00007ffb0d67d000 	C:\Windows\SYSTEM32\ntdll.dll
0x00007ffb0b130000 - 0x00007ffb0b26e000 	C:\Windows\system32\KERNEL32.DLL
0x00007ffb0a700000 - 0x00007ffb0a815000 	C:\Windows\system32\KERNELBASE.dll
0x00007ffb091b0000 - 0x00007ffb0923e000 	C:\Windows\system32\apphelp.dll
0x00007ffae3030000 - 0x00007ffae3083000 	C:\Windows\AppPatch\AppPatch64\AcGenral.DLL
0x00007ffb0ab60000 - 0x00007ffb0ac0a000 	C:\Windows\system32\msvcrt.dll
0x00007ffb0a6d0000 - 0x00007ffb0a6fe000 	C:\Windows\system32\SspiCli.dll
0x00007ffb0ae80000 - 0x00007ffb0aed4000 	C:\Windows\system32\SHLWAPI.dll
0x00007ffb0af50000 - 0x00007ffb0b0c7000 	C:\Windows\system32\USER32.dll
0x00007ffb0bb50000 - 0x00007ffb0bce4000 	C:\Windows\system32\ole32.dll
0x00007ffb0bfa0000 - 0x00007ffb0d4cb000 	C:\Windows\system32\SHELL32.dll
0x00007ffb09bd0000 - 0x00007ffb09bf1000 	C:\Windows\SYSTEM32\USERENV.dll
0x00007ffb0b6a0000 - 0x00007ffb0b74a000 	C:\Windows\system32\ADVAPI32.dll
0x00007ffafba20000 - 0x00007ffafba3e000 	C:\Windows\SYSTEM32\MPR.dll
0x00007ffb0be60000 - 0x00007ffb0bfa0000 	C:\Windows\system32\RPCRT4.dll
0x00007ffb0ae20000 - 0x00007ffb0ae79000 	C:\Windows\SYSTEM32\sechost.dll
0x00007ffb0b930000 - 0x00007ffb0bb41000 	C:\Windows\SYSTEM32\combase.dll
0x00007ffb0b390000 - 0x00007ffb0b4e0000 	C:\Windows\system32\GDI32.dll
0x00007ffb0a600000 - 0x00007ffb0a615000 	C:\Windows\SYSTEM32\profapi.dll
0x00007ffb08e90000 - 0x00007ffb08f42000 	C:\Windows\SYSTEM32\SHCORE.dll
0x00007ffb0ac30000 - 0x00007ffb0ac66000 	C:\Windows\system32\IMM32.DLL
0x00007ffb0bcf0000 - 0x00007ffb0be42000 	C:\Windows\system32\MSCTF.dll
0x00007ffb08550000 - 0x00007ffb087cb000 	C:\Windows\WinSxS\amd64_microsoft.windows.common-controls_6595b64144ccf1df_6.0.9600.18006_none_623f33d3ecbe86e8\COMCTL32.dll
0x00000000609b0000 - 0x0000000060a82000 	C:\Program Files\Java\jdk1.8.0_73\jre\bin\msvcr100.dll
0x0000000060f10000 - 0x00000000617a0000 	C:\Program Files\Java\jdk1.8.0_73\jre\bin\server\jvm.dll
0x00007ffb01090000 - 0x00007ffb01099000 	C:\Windows\SYSTEM32\WSOCK32.dll
0x00007ffb07df0000 - 0x00007ffb07e12000 	C:\Windows\SYSTEM32\WINMM.dll
0x00007ffb07e20000 - 0x00007ffb07e2a000 	C:\Windows\SYSTEM32\VERSION.dll
0x00007ffb0b4e0000 - 0x00007ffb0b4e7000 	C:\Windows\system32\PSAPI.DLL
0x00007ffb0b0d0000 - 0x00007ffb0b12a000 	C:\Windows\system32\WS2_32.dll
0x00007ffb06fa0000 - 0x00007ffb06fca000 	C:\Windows\SYSTEM32\WINMMBASE.dll
0x00007ffb0be50000 - 0x00007ffb0be59000 	C:\Windows\system32\NSI.dll
0x00007ffb0a820000 - 0x00007ffb0a86f000 	C:\Windows\SYSTEM32\cfgmgr32.dll
0x00007ffb09420000 - 0x00007ffb09448000 	C:\Windows\SYSTEM32\DEVOBJ.dll
0x0000000060e20000 - 0x0000000060e2f000 	C:\Program Files\Java\jdk1.8.0_73\jre\bin\verify.dll
0x0000000060df0000 - 0x0000000060e19000 	C:\Program Files\Java\jdk1.8.0_73\jre\bin\java.dll
0x0000000060dd0000 - 0x0000000060de6000 	C:\Program Files\Java\jdk1.8.0_73\jre\bin\zip.dll

VM Arguments:
jvm_args: -Djava.awt.headless=true -Xmx1024M -Dfile.encoding=windows-1252 -Duser.country=DE -Duser.language=de -Duser.variant 
java_command: com.android.dx.command.Main --dex --force-jumbo --num-threads=4 --multi-dex --output F:\Programmieren\Android\Kassenautomat_master\Kassenautomat\Kassenautomat_DHBW_AS\app\build\intermediates\transforms\dex\debug\folders\1000\10\mockito-core-1.9.5_183ac4d3cd7debbc71de2c9f6b667e1e2a717c19 C:\Users\Michael\.gradle\caches\modules-2\files-2.1\org.mockito\mockito-core\1.9.5\c3264abeea62c4d2f367e21484fbb40c7e256393\mockito-core-1.9.5.jar
java_class_path (initial): C:\Users\Michael\AppData\Local\Android\sdk\build-tools\23.0.2\lib\dx.jar
Launcher Type: SUN_STANDARD

Environment Variables:
JAVA_HOME=C:\Program Files\Java\jdk1.8.0_73
PATH=C:\Python34\Lib\site-packages\PyQt4;C:\Python35\Lib\site-packages\PyQt5;C:\Python351\Lib\site-packages\PyQt5;C:\ProgramData\Oracle\Java\javapath;C:\Program Files (x86)\Intel\iCLS Client\;C:\Program Files\Intel\iCLS Client\;C:\Windows\system32;C:\Windows;C:\Windows\System32\Wbem;C:\Windows\System32\WindowsPowerShell\v1.0\;C:\Program Files (x86)\Intel\Intel(R) Management Engine Components\DAL;C:\Program Files\Intel\Intel(R) Management Engine Components\DAL;C:\Program Files (x86)\Intel\Intel(R) Management Engine Components\IPT;C:\Program Files\Intel\Intel(R) Management Engine Components\IPT;C:\Program Files (x86)\NVIDIA Corporation\PhysX\Common;C:\Program Files (x86)\Notepad++;C:\Program Files (x86)\Skype\Phone\;F:\Programmieren\Python\Python;C:\MinGW;C:\MinGW\bin;C:\LinuxUtils;C:\Program Files\swipl\bin;C:\Program Files\7-Zip;C:\Users\Michael\AppData\Local\GitHub\PortableGit_c7e0cbde92ba565cb218a521411d0e854079a28c\bin;C:\Users\Michael\AppData\Local\GitHub\PortableGit_c7e0cbde92ba565cb218a521411d0e854079a28c\cmd;C:\Program Files (x86)\Google\Cloud SDK\google-cloud-sdk\bin;C:\Python34\Lib\site-packages\PyQt5;C:\Program Files\Git\cmd;C:\Program Files (x86)\nodejs\;E:\InstallierteProgramme\VC\bin;C:\Program Files (x86)\CMake\bin;C:\Users\Michael\AppData\Local\atom\bin;C:\Program Files (x86)\Google\google_appengine\;C:\Users\Michael\AppData\Roaming\npm
USERNAME=Michael
OS=Windows_NT
PROCESSOR_IDENTIFIER=Intel64 Family 6 Model 94 Stepping 3, GenuineIntel



---------------  S Y S T E M  ---------------

OS: Windows 8.1 , 64 bit Build 9600 (6.3.9600.17415)

CPU:total 8 (4 cores per cpu, 2 threads per core) family 6 model 94 stepping 3, cmov, cx8, fxsr, mmx, sse, sse2, sse3, ssse3, sse4.1, sse4.2, popcnt, avx, avx2, aes, clmul, erms, rtm, 3dnowpref, lzcnt, ht, tsc, tscinvbit, bmi1, bmi2, adx

Memory: 4k page, physical 8281628k(1226644k free), swap 11427356k(6340k free)

vm_info: Java HotSpot(TM) 64-Bit Server VM (25.73-b02) for windows-amd64 JRE (1.8.0_73-b02), built on Jan 29 2016 17:38:49 by "java_re" with MS VC++ 10.0 (VS2010)

time: Tue May 17 05:24:47 2016
elapsed time: 5 seconds (0d 0h 0m 5s)

