#
# There is insufficient memory for the Java Runtime Environment to continue.
# Native memory allocation (malloc) failed to allocate 422576 bytes for Chunk::new
# Possible reasons:
#   The system is out of physical RAM or swap space
#   In 32 bit mode, the process size limit was hit
# Possible solutions:
#   Reduce memory load on the system
#   Increase physical memory or swap space
#   Check if swap backing store is full
#   Use 64 bit Java on a 64 bit OS
#   Decrease Java heap size (-Xmx/-Xms)
#   Decrease number of Java threads
#   Decrease Java thread stack sizes (-Xss)
#   Set larger code cache with -XX:ReservedCodeCacheSize=
# This output file may be truncated or incomplete.
#
#  Out of Memory Error (allocation.cpp:390), pid=16484, tid=13716
#
# JRE version: Java(TM) SE Runtime Environment (8.0_73-b02) (build 1.8.0_73-b02)
# Java VM: Java HotSpot(TM) 64-Bit Server VM (25.73-b02 mixed mode windows-amd64 compressed oops)
# Failed to write core dump. Minidumps are not enabled by default on client versions of Windows
#

---------------  T H R E A D  ---------------

Current thread (0x00000000173b8800):  JavaThread "C2 CompilerThread0" daemon [_thread_in_native, id=13716, stack(0x0000000017990000,0x0000000017a90000)]

Stack: [0x0000000017990000,0x0000000017a90000]
[error occurred during error reporting (printing stack bounds), id 0xc0000005]

Native frames: (J=compiled Java code, j=interpreted, Vv=VM code, C=native code)


Current CompileTask:
C2:   9181 2411   !   4       com.android.dx.rop.code.RegisterSpec::intern (70 bytes)


---------------  P R O C E S S  ---------------

Java Threads: ( => current thread )
  0x0000000018026800 JavaThread "pool-2-thread-4" [_thread_blocked, id=18696, stack(0x0000000018b90000,0x0000000018c90000)]
  0x0000000017fe7800 JavaThread "pool-2-thread-3" [_thread_blocked, id=18732, stack(0x0000000018a90000,0x0000000018b90000)]
  0x0000000017fe7000 JavaThread "pool-2-thread-2" [_thread_blocked, id=3780, stack(0x0000000018990000,0x0000000018a90000)]
  0x0000000017695000 JavaThread "pool-3-thread-1" [_thread_blocked, id=19020, stack(0x0000000018890000,0x0000000018990000)]
  0x00000000176f1000 JavaThread "pool-2-thread-1" [_thread_in_Java, id=18668, stack(0x0000000018790000,0x0000000018890000)]
  0x0000000017421800 JavaThread "Service Thread" daemon [_thread_blocked, id=19260, stack(0x0000000017d90000,0x0000000017e90000)]
  0x000000001741a000 JavaThread "C1 CompilerThread3" daemon [_thread_blocked, id=19368, stack(0x0000000017c90000,0x0000000017d90000)]
  0x0000000017416800 JavaThread "C2 CompilerThread2" daemon [_thread_in_native, id=19408, stack(0x0000000017b90000,0x0000000017c90000)]
  0x00000000173bd800 JavaThread "C2 CompilerThread1" daemon [_thread_in_native, id=18688, stack(0x0000000017a90000,0x0000000017b90000)]
=>0x00000000173b8800 JavaThread "C2 CompilerThread0" daemon [_thread_in_native, id=13716, stack(0x0000000017990000,0x0000000017a90000)]
  0x00000000173b5800 JavaThread "Attach Listener" daemon [_thread_blocked, id=8392, stack(0x0000000017890000,0x0000000017990000)]
  0x00000000173b4800 JavaThread "Signal Dispatcher" daemon [_thread_blocked, id=15920, stack(0x0000000017790000,0x0000000017890000)]
  0x0000000002773800 JavaThread "Finalizer" daemon [_thread_blocked, id=18096, stack(0x0000000017180000,0x0000000017280000)]
  0x000000001529d800 JavaThread "Reference Handler" daemon [_thread_blocked, id=18632, stack(0x0000000017080000,0x0000000017180000)]
  0x0000000000d4e000 JavaThread "main" [_thread_blocked, id=18468, stack(0x0000000002580000,0x0000000002680000)]

Other Threads:
  0x0000000015299000 VMThread [stack: 0x0000000016f80000,0x0000000017080000] [id=17856]
  0x0000000017427000 WatcherThread [stack: 0x0000000017e90000,0x0000000017f90000] [id=19148]

VM state:not at safepoint (normal execution)

VM Mutex/Monitor currently owned by a thread: None

Heap:
 PSYoungGen      total 150528K, used 48369K [0x00000000eab00000, 0x00000000f5300000, 0x0000000100000000)
  eden space 131072K, 22% used [0x00000000eab00000,0x00000000ec73d140,0x00000000f2b00000)
  from space 19456K, 99% used [0x00000000f2b00000,0x00000000f3dff408,0x00000000f3e00000)
  to   space 17408K, 0% used [0x00000000f3e00000,0x00000000f3e00000,0x00000000f4f00000)
 ParOldGen       total 87552K, used 40540K [0x00000000c0000000, 0x00000000c5580000, 0x00000000eab00000)
  object space 87552K, 46% used [0x00000000c0000000,0x00000000c27972a0,0x00000000c5580000)
 Metaspace       used 6544K, capacity 7256K, committed 7424K, reserved 1056768K
  class space    used 624K, capacity 656K, committed 768K, reserved 1048576K

Card table byte_map: [0x0000000011b40000,0x0000000011d50000] byte_map_base: 0x0000000011540000

Marking Bits: (ParMarkBitMap*) 0x0000000061720600
 Begin Bits: [0x00000000126b0000, 0x00000000136b0000)
 End Bits:   [0x00000000136b0000, 0x00000000146b0000)

Polling page: 0x0000000002480000

CodeCache: size=245760Kb used=10629Kb max_used=10629Kb free=235130Kb
 bounds [0x0000000002780000, 0x00000000031f0000, 0x0000000011780000]
 total_blobs=2574 nmethods=2302 adapters=182
 compilation: enabled

Compilation events (10 events):
Event: 9.132 Thread 0x00000000173b8800 nmethod 2394 0x00000000031db610 code [0x00000000031db740, 0x00000000031db838]
Event: 9.134 Thread 0x00000000173b8800 2408       4       com.android.dx.rop.cst.CstType::compareTo0 (25 bytes)
Event: 9.136 Thread 0x00000000173b8800 nmethod 2408 0x00000000031cb910 code [0x00000000031cba60, 0x00000000031cbc58]
Event: 9.136 Thread 0x00000000173b8800 2409       4       java.util.Arrays::rangeCheck (74 bytes)
Event: 9.137 Thread 0x00000000173b8800 nmethod 2409 0x00000000031ba5d0 code [0x00000000031ba700, 0x00000000031ba798]
Event: 9.139 Thread 0x00000000173b8800 2410       4       com.android.dx.cf.code.BaseMachine::popArgs (72 bytes)
Event: 9.156 Thread 0x00000000173b8800 nmethod 2410 0x00000000031e5ed0 code [0x00000000031e60a0, 0x00000000031e6aa8]
Event: 9.156 Thread 0x00000000173b8800 2411   !   4       com.android.dx.rop.code.RegisterSpec::intern (70 bytes)
Event: 9.172 Thread 0x000000001741a000 2415       3       com.android.dx.ssa.DeadCodeRemover$NoSideEffectVisitor::visitMoveInsn (22 bytes)
Event: 9.173 Thread 0x000000001741a000 nmethod 2415 0x00000000031e1490 code [0x00000000031e1620, 0x00000000031e1a98]

GC Heap History (10 events):
Event: 1.778 GC heap before
{Heap before GC invocations=3 (full 0):
 PSYoungGen      total 38400K, used 38394K [0x00000000eab00000, 0x00000000ef600000, 0x0000000100000000)
  eden space 33280K, 100% used [0x00000000eab00000,0x00000000ecb80000,0x00000000ecb80000)
  from space 5120K, 99% used [0x00000000ed080000,0x00000000ed57eab0,0x00000000ed580000)
  to   space 5120K, 0% used [0x00000000ecb80000,0x00000000ecb80000,0x00000000ed080000)
 ParOldGen       total 87552K, used 3850K [0x00000000c0000000, 0x00000000c5580000, 0x00000000eab00000)
  object space 87552K, 4% used [0x00000000c0000000,0x00000000c03c2950,0x00000000c5580000)
 Metaspace       used 6214K, capacity 7088K, committed 7296K, reserved 1056768K
  class space    used 602K, capacity 616K, committed 640K, reserved 1048576K
Event: 1.882 GC heap after
Heap after GC invocations=3 (full 0):
 PSYoungGen      total 38400K, used 5098K [0x00000000eab00000, 0x00000000ef600000, 0x0000000100000000)
  eden space 33280K, 0% used [0x00000000eab00000,0x00000000eab00000,0x00000000ecb80000)
  from space 5120K, 99% used [0x00000000ecb80000,0x00000000ed07ab30,0x00000000ed080000)
  to   space 5120K, 0% used [0x00000000ef100000,0x00000000ef100000,0x00000000ef600000)
 ParOldGen       total 87552K, used 9399K [0x00000000c0000000, 0x00000000c5580000, 0x00000000eab00000)
  object space 87552K, 10% used [0x00000000c0000000,0x00000000c092dcc8,0x00000000c5580000)
 Metaspace       used 6214K, capacity 7088K, committed 7296K, reserved 1056768K
  class space    used 602K, capacity 616K, committed 640K, reserved 1048576K
}
Event: 2.337 GC heap before
{Heap before GC invocations=4 (full 0):
 PSYoungGen      total 38400K, used 38378K [0x00000000eab00000, 0x00000000ef600000, 0x0000000100000000)
  eden space 33280K, 100% used [0x00000000eab00000,0x00000000ecb80000,0x00000000ecb80000)
  from space 5120K, 99% used [0x00000000ecb80000,0x00000000ed07ab30,0x00000000ed080000)
  to   space 5120K, 0% used [0x00000000ef100000,0x00000000ef100000,0x00000000ef600000)
 ParOldGen       total 87552K, used 9399K [0x00000000c0000000, 0x00000000c5580000, 0x00000000eab00000)
  object space 87552K, 10% used [0x00000000c0000000,0x00000000c092dcc8,0x00000000c5580000)
 Metaspace       used 6270K, capacity 7152K, committed 7296K, reserved 1056768K
  class space    used 602K, capacity 616K, committed 640K, reserved 1048576K
Event: 2.421 GC heap after
Heap after GC invocations=4 (full 0):
 PSYoungGen      total 71680K, used 5104K [0x00000000eab00000, 0x00000000ef600000, 0x0000000100000000)
  eden space 66560K, 0% used [0x00000000eab00000,0x00000000eab00000,0x00000000eec00000)
  from space 5120K, 99% used [0x00000000ef100000,0x00000000ef5fc0d0,0x00000000ef600000)
  to   space 5120K, 0% used [0x00000000eec00000,0x00000000eec00000,0x00000000ef100000)
 ParOldGen       total 87552K, used 15093K [0x00000000c0000000, 0x00000000c5580000, 0x00000000eab00000)
  object space 87552K, 17% used [0x00000000c0000000,0x00000000c0ebd7e0,0x00000000c5580000)
 Metaspace       used 6270K, capacity 7152K, committed 7296K, reserved 1056768K
  class space    used 602K, capacity 616K, committed 640K, reserved 1048576K
}
Event: 3.601 GC heap before
{Heap before GC invocations=5 (full 0):
 PSYoungGen      total 71680K, used 71664K [0x00000000eab00000, 0x00000000ef600000, 0x0000000100000000)
  eden space 66560K, 100% used [0x00000000eab00000,0x00000000eec00000,0x00000000eec00000)
  from space 5120K, 99% used [0x00000000ef100000,0x00000000ef5fc0d0,0x00000000ef600000)
  to   space 5120K, 0% used [0x00000000eec00000,0x00000000eec00000,0x00000000ef100000)
 ParOldGen       total 87552K, used 15093K [0x00000000c0000000, 0x00000000c5580000, 0x00000000eab00000)
  object space 87552K, 17% used [0x00000000c0000000,0x00000000c0ebd7e0,0x00000000c5580000)
 Metaspace       used 6359K, capacity 7152K, committed 7296K, reserved 1056768K
  class space    used 602K, capacity 616K, committed 640K, reserved 1048576K
Event: 3.658 GC heap after
Heap after GC invocations=5 (full 0):
 PSYoungGen      total 71680K, used 5116K [0x00000000eab00000, 0x00000000f4f00000, 0x0000000100000000)
  eden space 66560K, 0% used [0x00000000eab00000,0x00000000eab00000,0x00000000eec00000)
  from space 5120K, 99% used [0x00000000eec00000,0x00000000ef0ff210,0x00000000ef100000)
  to   space 17408K, 0% used [0x00000000f3e00000,0x00000000f3e00000,0x00000000f4f00000)
 ParOldGen       total 87552K, used 25535K [0x00000000c0000000, 0x00000000c5580000, 0x00000000eab00000)
  object space 87552K, 29% used [0x00000000c0000000,0x00000000c18efe20,0x00000000c5580000)
 Metaspace       used 6359K, capacity 7152K, committed 7296K, reserved 1056768K
  class space    used 602K, capacity 616K, committed 640K, reserved 1048576K
}
Event: 4.460 GC heap before
{Heap before GC invocations=6 (full 0):
 PSYoungGen      total 71680K, used 71676K [0x00000000eab00000, 0x00000000f4f00000, 0x0000000100000000)
  eden space 66560K, 100% used [0x00000000eab00000,0x00000000eec00000,0x00000000eec00000)
  from space 5120K, 99% used [0x00000000eec00000,0x00000000ef0ff210,0x00000000ef100000)
  to   space 17408K, 0% used [0x00000000f3e00000,0x00000000f3e00000,0x00000000f4f00000)
 ParOldGen       total 87552K, used 25535K [0x00000000c0000000, 0x00000000c5580000, 0x00000000eab00000)
  object space 87552K, 29% used [0x00000000c0000000,0x00000000c18efe20,0x00000000c5580000)
 Metaspace       used 6417K, capacity 7216K, committed 7296K, reserved 1056768K
  class space    used 603K, capacity 616K, committed 640K, reserved 1048576K
Event: 4.671 GC heap after
Heap after GC invocations=6 (full 0):
 PSYoungGen      total 148480K, used 15804K [0x00000000eab00000, 0x00000000f5300000, 0x0000000100000000)
  eden space 131072K, 0% used [0x00000000eab00000,0x00000000eab00000,0x00000000f2b00000)
  from space 17408K, 90% used [0x00000000f3e00000,0x00000000f4d6f230,0x00000000f4f00000)
  to   space 19456K, 0% used [0x00000000f2b00000,0x00000000f2b00000,0x00000000f3e00000)
 ParOldGen       total 87552K, used 25535K [0x00000000c0000000, 0x00000000c5580000, 0x00000000eab00000)
  object space 87552K, 29% used [0x00000000c0000000,0x00000000c18efe20,0x00000000c5580000)
 Metaspace       used 6417K, capacity 7216K, committed 7296K, reserved 1056768K
  class space    used 603K, capacity 616K, committed 640K, reserved 1048576K
}
Event: 7.877 GC heap before
{Heap before GC invocations=7 (full 0):
 PSYoungGen      total 148480K, used 146876K [0x00000000eab00000, 0x00000000f5300000, 0x0000000100000000)
  eden space 131072K, 100% used [0x00000000eab00000,0x00000000f2b00000,0x00000000f2b00000)
  from space 17408K, 90% used [0x00000000f3e00000,0x00000000f4d6f230,0x00000000f4f00000)
  to   space 19456K, 0% used [0x00000000f2b00000,0x00000000f2b00000,0x00000000f3e00000)
 ParOldGen       total 87552K, used 25535K [0x00000000c0000000, 0x00000000c5580000, 0x00000000eab00000)
  object space 87552K, 29% used [0x00000000c0000000,0x00000000c18efe20,0x00000000c5580000)
 Metaspace       used 6451K, capacity 7216K, committed 7296K, reserved 1056768K
  class space    used 603K, capacity 616K, committed 640K, reserved 1048576K
Event: 8.472 GC heap after
Heap after GC invocations=7 (full 0):
 PSYoungGen      total 150528K, used 19453K [0x00000000eab00000, 0x00000000f5300000, 0x0000000100000000)
  eden space 131072K, 0% used [0x00000000eab00000,0x00000000eab00000,0x00000000f2b00000)
  from space 19456K, 99% used [0x00000000f2b00000,0x00000000f3dff408,0x00000000f3e00000)
  to   space 17408K, 0% used [0x00000000f3e00000,0x00000000f3e00000,0x00000000f4f00000)
 ParOldGen       total 87552K, used 40540K [0x00000000c0000000, 0x00000000c5580000, 0x00000000eab00000)
  object space 87552K, 46% used [0x00000000c0000000,0x00000000c27972a0,0x00000000c5580000)
 Metaspace       used 6451K, capacity 7216K, committed 7296K, reserved 1056768K
  class space    used 603K, capacity 616K, committed 640K, reserved 1048576K
}

Deoptimization events (10 events):
Event: 6.487 Thread 0x0000000017fe7000 Uncommon trap: reason=unstable_if action=reinterpret pc=0x0000000002ec9ffc method=java.util.HashMap.putVal(ILjava/lang/Object;Ljava/lang/Object;ZZ)Ljava/lang/Object; @ 162
Event: 6.488 Thread 0x0000000017fe7000 Uncommon trap: reason=unstable_if action=reinterpret pc=0x0000000002d10658 method=java.util.HashMap.getNode(ILjava/lang/Object;)Ljava/util/HashMap$Node; @ 84
Event: 7.100 Thread 0x0000000017fe7000 Uncommon trap: reason=bimorphic action=maybe_recompile pc=0x0000000003089de8 method=com.android.dx.cf.code.BytecodeArray.parseInstruction(ILcom/android/dx/cf/code/BytecodeArray$Visitor;)I @ 1035
Event: 7.100 Thread 0x0000000017fe7000 Uncommon trap: reason=bimorphic action=maybe_recompile pc=0x0000000003089cac method=com.android.dx.cf.code.BytecodeArray.parseInstruction(ILcom/android/dx/cf/code/BytecodeArray$Visitor;)I @ 987
Event: 7.100 Thread 0x0000000017fe7000 Uncommon trap: reason=bimorphic action=maybe_recompile pc=0x0000000003089e68 method=com.android.dx.cf.code.BytecodeArray.parseInstruction(ILcom/android/dx/cf/code/BytecodeArray$Visitor;)I @ 1051
Event: 7.100 Thread 0x0000000017fe7000 Uncommon trap: reason=bimorphic action=maybe_recompile pc=0x0000000003089de8 method=com.android.dx.cf.code.BytecodeArray.parseInstruction(ILcom/android/dx/cf/code/BytecodeArray$Visitor;)I @ 1035
Event: 7.166 Thread 0x0000000000d4e000 Uncommon trap: reason=unstable_if action=reinterpret pc=0x00000000030d5cf0 method=com.android.dx.cf.direct.StdAttributeFactory.parse0(Lcom/android/dx/cf/direct/DirectClassFile;ILjava/lang/String;IILcom/android/dx/cf/iface/ParseObserver;)Lcom/android/dx/cf/Á=çÍº#@
Event: 7.785 Thread 0x00000000176f1000 Uncommon trap: reason=unstable_if action=reinterpret pc=0x000000000315e298 method=com.android.dx.cf.code.BytecodeArray.parseInstruction(ILcom/android/dx/cf/code/BytecodeArray$Visitor;)I @ 1261
Event: 9.066 Thread 0x0000000018026800 Uncommon trap: reason=unstable_if action=reinterpret pc=0x0000000002a3f04c method=java.util.HashMap.putVal(ILjava/lang/Object;Ljava/lang/Object;ZZ)Ljava/lang/Object; @ 162
Event: 9.074 Thread 0x0000000018026800 Uncommon trap: reason=unstable_if action=reinterpret pc=0x00000000030d1548 method=com.android.dx.ssa.SCCP.simulateStmt(Lcom/android/dx/ssa/SsaInsn;)V @ 59

Internal exceptions (7 events):
Event: 0.589 Thread 0x0000000000d4e000 Exception <a 'java/lang/NoSuchMethodError': Method sun.misc.Unsafe.defineClass(Ljava/lang/String;[BII)Ljava/lang/Class; name or signature does not match> (0x00000000eab0dd50) thrown at [D:\re\puppet\workspace\8-2-build-windows-amd64-cygwin\jdk8u73\6086\hotBAÖXÄ÷‚?
Event: 0.589 Thread 0x0000000000d4e000 Exception <a 'java/lang/NoSuchMethodError': Method sun.misc.Unsafe.prefetchRead(Ljava/lang/Object;J)V name or signature does not match> (0x00000000eab0e038) thrown at [D:\re\puppet\workspace\8-2-build-windows-amd64-cygwin\jdk8u73\6086\hotspot\src\share\vm\qÿÓœÛ?
Event: 1.238 Thread 0x00000000176f1000 Implicit null exception at 0x0000000002a3b422 to 0x0000000002a3b529
Event: 3.578 Thread 0x0000000018026800 Implicit null exception at 0x0000000002bf83dc to 0x0000000002bf962d
Event: 9.069 Thread 0x0000000018026800 Exception <a 'java/lang/ArrayIndexOutOfBoundsException': 18> (0x00000000ebbe99d0) thrown at [D:\re\puppet\workspace\8-2-build-windows-amd64-cygwin\jdk8u73\6086\hotspot\src\share\vm\interpreter\interpreterRuntime.cpp, line 366]
Event: 9.070 Thread 0x0000000018026800 Exception <a 'java/lang/ArrayIndexOutOfBoundsException'> (0x00000000ebbeb550) thrown at [D:\re\puppet\workspace\8-2-build-windows-amd64-cygwin\jdk8u73\6086\hotspot\src\share\vm\runtime\sharedRuntime.cpp, line 605]
Event: 9.071 Thread 0x0000000018026800 Exception <a 'java/lang/ArrayIndexOutOfBoundsException'> (0x00000000ebbec838) thrown at [D:\re\puppet\workspace\8-2-build-windows-amd64-cygwin\jdk8u73\6086\hotspot\src\share\vm\runtime\sharedRuntime.cpp, line 605]

Events (10 events):
Event: 9.071 loading class sun/reflect/generics/reflectiveObjects/ParameterizedTypeImpl done
Event: 9.071 loading class java/lang/reflect/TypeVariable
Event: 9.071 loading class java/lang/reflect/TypeVariable done
Event: 9.071 loading class sun/reflect/generics/reflectiveObjects/TypeVariableImpl
Event: 9.071 loading class sun/reflect/generics/reflectiveObjects/LazyReflectiveObjectGenerator
Event: 9.071 loading class sun/reflect/generics/reflectiveObjects/LazyReflectiveObjectGenerator done
Event: 9.071 loading class sun/reflect/generics/reflectiveObjects/TypeVariableImpl done
Event: 9.074 Thread 0x0000000018026800 Uncommon trap: trap_request=0xffffff65 fr.pc=0x00000000030d1548
Event: 9.075 Thread 0x0000000018026800 DEOPT PACKING pc=0x00000000030d1548 sp=0x0000000018c8e910
Event: 9.075 Thread 0x0000000018026800 DEOPT UNPACKING pc=0x00000000027c582a sp=0x0000000018c8e888 mode 2


Dynamic libraries:
0x00007ff7563b0000 - 0x00007ff7563e7000 	C:\Program Files\Java\jdk1.8.0_73\bin\java.exe
0x00007ffb0d4d0000 - 0x00007ffb0d67d000 	C:\Windows\SYSTEM32\ntdll.dll
0x00007ffb0b130000 - 0x00007ffb0b26e000 	C:\Windows\system32\KERNEL32.DLL
0x00007ffb0a700000 - 0x00007ffb0a815000 	C:\Windows\system32\KERNELBASE.dll
0x00007ffb091b0000 - 0x00007ffb0923e000 	C:\Windows\system32\apphelp.dll
0x00007ffaed3c0000 - 0x00007ffaed413000 	C:\Windows\AppPatch\AppPatch64\AcGenral.DLL
0x00007ffb0ab60000 - 0x00007ffb0ac0a000 	C:\Windows\system32\msvcrt.dll
0x00007ffb0a6d0000 - 0x00007ffb0a6fe000 	C:\Windows\system32\SspiCli.dll
0x00007ffb0ae80000 - 0x00007ffb0aed4000 	C:\Windows\system32\SHLWAPI.dll
0x00007ffb0af50000 - 0x00007ffb0b0c7000 	C:\Windows\system32\USER32.dll
0x00007ffb0bb50000 - 0x00007ffb0bce4000 	C:\Windows\system32\ole32.dll
0x00007ffb0bfa0000 - 0x00007ffb0d4cb000 	C:\Windows\system32\SHELL32.dll
0x00007ffb09bd0000 - 0x00007ffb09bf1000 	C:\Windows\SYSTEM32\USERENV.dll
0x00007ffb0b6a0000 - 0x00007ffb0b74a000 	C:\Windows\system32\ADVAPI32.dll
0x00007ffafba20000 - 0x00007ffafba3e000 	C:\Windows\SYSTEM32\MPR.dll
0x00007ffb0be60000 - 0x00007ffb0bfa0000 	C:\Windows\system32\RPCRT4.dll
0x00007ffb0ae20000 - 0x00007ffb0ae79000 	C:\Windows\SYSTEM32\sechost.dll
0x00007ffb0b930000 - 0x00007ffb0bb41000 	C:\Windows\SYSTEM32\combase.dll
0x00007ffb0b390000 - 0x00007ffb0b4e0000 	C:\Windows\system32\GDI32.dll
0x00007ffb0a600000 - 0x00007ffb0a615000 	C:\Windows\SYSTEM32\profapi.dll
0x00007ffb08e90000 - 0x00007ffb08f42000 	C:\Windows\SYSTEM32\SHCORE.dll
0x00007ffb0ac30000 - 0x00007ffb0ac66000 	C:\Windows\system32\IMM32.DLL
0x00007ffb0bcf0000 - 0x00007ffb0be42000 	C:\Windows\system32\MSCTF.dll
0x00007ffb08550000 - 0x00007ffb087cb000 	C:\Windows\WinSxS\amd64_microsoft.windows.common-controls_6595b64144ccf1df_6.0.9600.18006_none_623f33d3ecbe86e8\COMCTL32.dll
0x00000000609b0000 - 0x0000000060a82000 	C:\Program Files\Java\jdk1.8.0_73\jre\bin\msvcr100.dll
0x0000000060f10000 - 0x00000000617a0000 	C:\Program Files\Java\jdk1.8.0_73\jre\bin\server\jvm.dll
0x00007ffb01090000 - 0x00007ffb01099000 	C:\Windows\SYSTEM32\WSOCK32.dll
0x00007ffb07df0000 - 0x00007ffb07e12000 	C:\Windows\SYSTEM32\WINMM.dll
0x00007ffb07e20000 - 0x00007ffb07e2a000 	C:\Windows\SYSTEM32\VERSION.dll
0x00007ffb0b4e0000 - 0x00007ffb0b4e7000 	C:\Windows\system32\PSAPI.DLL
0x00007ffb0b0d0000 - 0x00007ffb0b12a000 	C:\Windows\system32\WS2_32.dll
0x00007ffb06fa0000 - 0x00007ffb06fca000 	C:\Windows\SYSTEM32\WINMMBASE.dll
0x00007ffb0be50000 - 0x00007ffb0be59000 	C:\Windows\system32\NSI.dll
0x00007ffb0a820000 - 0x00007ffb0a86f000 	C:\Windows\SYSTEM32\cfgmgr32.dll
0x00007ffb09420000 - 0x00007ffb09448000 	C:\Windows\SYSTEM32\DEVOBJ.dll
0x0000000060e20000 - 0x0000000060e2f000 	C:\Program Files\Java\jdk1.8.0_73\jre\bin\verify.dll
0x0000000060df0000 - 0x0000000060e19000 	C:\Program Files\Java\jdk1.8.0_73\jre\bin\java.dll
0x0000000060dd0000 - 0x0000000060de6000 	C:\Program Files\Java\jdk1.8.0_73\jre\bin\zip.dll

VM Arguments:
jvm_args: -Djava.awt.headless=true -Xmx1024M -Dfile.encoding=windows-1252 -Duser.country=DE -Duser.language=de -Duser.variant 
java_command: com.android.dx.command.Main --dex --force-jumbo --num-threads=4 --multi-dex --output F:\Programmieren\Android\Kassenautomat_master\Kassenautomat\Kassenautomat_DHBW_AS\app\build\intermediates\transforms\dex\debug\folders\1000\10\com.android.support-support-v4-23.0.1_459a3b866dc96c9f4d8a2a54550dabf49a218374 F:\Programmieren\Android\Kassenautomat_master\Kassenautomat\Kassenautomat_DHBW_AS\app\build\intermediates\exploded-aar\com.android.support\support-v4\23.0.1\jars\classes.jar
java_class_path (initial): C:\Users\Michael\AppData\Local\Android\sdk\build-tools\23.0.2\lib\dx.jar
Launcher Type: SUN_STANDARD

Environment Variables:
JAVA_HOME=C:\Program Files\Java\jdk1.8.0_73
PATH=C:\Python34\Lib\site-packages\PyQt4;C:\Python35\Lib\site-packages\PyQt5;C:\Python351\Lib\site-packages\PyQt5;C:\ProgramData\Oracle\Java\javapath;C:\Program Files (x86)\Intel\iCLS Client\;C:\Program Files\Intel\iCLS Client\;C:\Windows\system32;C:\Windows;C:\Windows\System32\Wbem;C:\Windows\System32\WindowsPowerShell\v1.0\;C:\Program Files (x86)\Intel\Intel(R) Management Engine Components\DAL;C:\Program Files\Intel\Intel(R) Management Engine Components\DAL;C:\Program Files (x86)\Intel\Intel(R) Management Engine Components\IPT;C:\Program Files\Intel\Intel(R) Management Engine Components\IPT;C:\Program Files (x86)\NVIDIA Corporation\PhysX\Common;C:\Program Files (x86)\Notepad++;C:\Program Files (x86)\Skype\Phone\;F:\Programmieren\Python\Python;C:\MinGW;C:\MinGW\bin;C:\LinuxUtils;C:\Program Files\swipl\bin;C:\Program Files\7-Zip;C:\Users\Michael\AppData\Local\GitHub\PortableGit_c7e0cbde92ba565cb218a521411d0e854079a28c\bin;C:\Users\Michael\AppData\Local\GitHub\PortableGit_c7e0cbde92ba565cb218a521411d0e854079a28c\cmd;C:\Program Files (x86)\Google\Cloud SDK\google-cloud-sdk\bin;C:\Python34\Lib\site-packages\PyQt5;C:\Program Files\Git\cmd;C:\Program Files (x86)\nodejs\;E:\InstallierteProgramme\VC\bin;C:\Program Files (x86)\CMake\bin;C:\Users\Michael\AppData\Local\atom\bin;C:\Program Files (x86)\Google\google_appengine\;C:\Users\Michael\AppData\Roaming\npm
USERNAME=Michael
OS=Windows_NT
PROCESSOR_IDENTIFIER=Intel64 Family 6 Model 94 Stepping 3, GenuineIntel



---------------  S Y S T E M  ---------------

OS: Windows 8.1 , 64 bit Build 9600 (6.3.9600.17415)

CPU:total 8 (4 cores per cpu, 2 threads per core) family 6 model 94 stepping 3, cmov, cx8, fxsr, mmx, sse, sse2, sse3, ssse3, sse4.1, sse4.2, popcnt, avx, avx2, aes, clmul, erms, rtm, 3dnowpref, lzcnt, ht, tsc, tscinvbit, bmi1, bmi2, adx

Memory: 4k page, physical 8281628k(780372k free), swap 11427356k(4184k free)

vm_info: Java HotSpot(TM) 64-Bit Server VM (25.73-b02) for windows-amd64 JRE (1.8.0_73-b02), built on Jan 29 2016 17:38:49 by "java_re" with MS VC++ 10.0 (VS2010)

time: Tue May 17 13:14:42 2016
elapsed time: 9 seconds (0d 0h 0m 9s)

