#
# There is insufficient memory for the Java Runtime Environment to continue.
# Native memory allocation (malloc) failed to allocate 934736 bytes for Chunk::new
# Possible reasons:
#   The system is out of physical RAM or swap space
#   In 32 bit mode, the process size limit was hit
# Possible solutions:
#   Reduce memory load on the system
#   Increase physical memory or swap space
#   Check if swap backing store is full
#   Use 64 bit Java on a 64 bit OS
#   Decrease Java heap size (-Xmx/-Xms)
#   Decrease number of Java threads
#   Decrease Java thread stack sizes (-Xss)
#   Set larger code cache with -XX:ReservedCodeCacheSize=
# This output file may be truncated or incomplete.
#
#  Out of Memory Error (allocation.cpp:390), pid=1068, tid=6104
#
# JRE version: Java(TM) SE Runtime Environment (8.0_73-b02) (build 1.8.0_73-b02)
# Java VM: Java HotSpot(TM) 64-Bit Server VM (25.73-b02 mixed mode windows-amd64 compressed oops)
# Failed to write core dump. Minidumps are not enabled by default on client versions of Windows
#

---------------  T H R E A D  ---------------

Current thread (0x0000000016d67800):  JavaThread "C2 CompilerThread0" daemon [_thread_in_native, id=6104, stack(0x0000000017340000,0x0000000017440000)]

Stack: [0x0000000017340000,0x0000000017440000]
[error occurred during error reporting (printing stack bounds), id 0xc0000005]

Native frames: (J=compiled Java code, j=interpreted, Vv=VM code, C=native code)


Current CompileTask:
C2:   7971 2494 %     4       com.android.dx.dex.code.OutputFinisher::getAllConstants @ 18 (47 bytes)


---------------  P R O C E S S  ---------------

Java Threads: ( => current thread )
  0x0000000017949800 JavaThread "pool-1-thread-1" [_thread_in_Java, id=3672, stack(0x0000000018140000,0x0000000018240000)]
  0x0000000016e11800 JavaThread "Service Thread" daemon [_thread_blocked, id=9528, stack(0x0000000017740000,0x0000000017840000)]
  0x0000000016d75800 JavaThread "C1 CompilerThread3" daemon [_thread_blocked, id=5828, stack(0x0000000017640000,0x0000000017740000)]
  0x0000000016d73800 JavaThread "C2 CompilerThread2" daemon [_thread_blocked, id=5140, stack(0x0000000017540000,0x0000000017640000)]
  0x0000000016d72000 JavaThread "C2 CompilerThread1" daemon [_thread_in_native, id=9860, stack(0x0000000017440000,0x0000000017540000)]
=>0x0000000016d67800 JavaThread "C2 CompilerThread0" daemon [_thread_in_native, id=6104, stack(0x0000000017340000,0x0000000017440000)]
  0x0000000016d64000 JavaThread "Attach Listener" daemon [_thread_blocked, id=1364, stack(0x0000000017240000,0x0000000017340000)]
  0x0000000016d63800 JavaThread "Signal Dispatcher" daemon [_thread_blocked, id=4248, stack(0x0000000017140000,0x0000000017240000)]
  0x000000000211b000 JavaThread "Finalizer" daemon [_thread_blocked, id=7976, stack(0x0000000016b30000,0x0000000016c30000)]
  0x0000000002114800 JavaThread "Reference Handler" daemon [_thread_blocked, id=3208, stack(0x0000000016a30000,0x0000000016b30000)]
  0x000000000069e000 JavaThread "main" [_thread_blocked, id=5236, stack(0x0000000001e20000,0x0000000001f20000)]

Other Threads:
  0x0000000014c39000 VMThread [stack: 0x0000000016930000,0x0000000016a30000] [id=7368]
  0x0000000016e2b800 WatcherThread [stack: 0x0000000017840000,0x0000000017940000] [id=8400]

VM state:not at safepoint (normal execution)

VM Mutex/Monitor currently owned by a thread: None

Heap:
 PSYoungGen      total 293376K, used 143092K [0x00000000eab00000, 0x00000000fe500000, 0x0000000100000000)
  eden space 266240K, 51% used [0x00000000eab00000,0x00000000f30a7168,0x00000000faf00000)
  from space 27136K, 22% used [0x00000000fca80000,0x00000000fd095f38,0x00000000fe500000)
  to   space 27648K, 0% used [0x00000000faf00000,0x00000000faf00000,0x00000000fca00000)
 ParOldGen       total 87552K, used 44086K [0x00000000c0000000, 0x00000000c5580000, 0x00000000eab00000)
  object space 87552K, 50% used [0x00000000c0000000,0x00000000c2b0dad0,0x00000000c5580000)
 Metaspace       used 6635K, capacity 7320K, committed 7680K, reserved 1056768K
  class space    used 630K, capacity 656K, committed 768K, reserved 1048576K

Card table byte_map: [0x00000000114e0000,0x00000000116f0000] byte_map_base: 0x0000000010ee0000

Marking Bits: (ParMarkBitMap*) 0x00000000598e0600
 Begin Bits: [0x0000000012050000, 0x0000000013050000)
 End Bits:   [0x0000000013050000, 0x0000000014050000)

Polling page: 0x0000000000620000

CodeCache: size=245760Kb used=10681Kb max_used=10693Kb free=235078Kb
 bounds [0x0000000002120000, 0x0000000002ba0000, 0x0000000011120000]
 total_blobs=2639 nmethods=2369 adapters=182
 compilation: enabled

Compilation events (10 events):
Event: 7.866 Thread 0x0000000016d73800 2488       4       java.util.HashMap::<init> (98 bytes)
Event: 7.867 Thread 0x0000000016d73800 nmethod 2488 0x0000000002b8f910 code [0x0000000002b8fa60, 0x0000000002b8fbf8]
Event: 7.867 Thread 0x0000000016d73800 2490       4       com.android.dx.dex.file.OffsettedItem::<init> (44 bytes)
Event: 7.867 Thread 0x0000000016d73800 nmethod 2490 0x0000000002b75190 code [0x0000000002b752c0, 0x0000000002b75398]
Event: 7.868 Thread 0x0000000016d73800 2499  s    4       com.android.dx.dex.file.StringIdsSection::intern (53 bytes)
Event: 7.874 Thread 0x0000000016d73800 nmethod 2499 0x0000000002b92050 code [0x0000000002b921e0, 0x0000000002b92a68]
Event: 7.874 Thread 0x0000000016d73800 2449   !   4       com.android.dx.dex.file.MixedItemSection::add (49 bytes)
Event: 7.878 Thread 0x0000000016d73800 nmethod 2449 0x0000000002b8f090 code [0x0000000002b8f1e0, 0x0000000002b8f598]
Event: 7.878 Thread 0x0000000016d73800 2496       4       com.android.dx.rop.cst.CstLiteral64::hashCode (15 bytes)
Event: 7.879 Thread 0x0000000016d73800 nmethod 2496 0x00000000029f3790 code [0x00000000029f38c0, 0x00000000029f3938]

GC Heap History (10 events):
Event: 1.118 GC heap before
{Heap before GC invocations=2 (full 0):
 PSYoungGen      total 38400K, used 38391K [0x00000000eab00000, 0x00000000ef600000, 0x0000000100000000)
  eden space 33280K, 100% used [0x00000000eab00000,0x00000000ecb80000,0x00000000ecb80000)
  from space 5120K, 99% used [0x00000000ecb80000,0x00000000ed07de38,0x00000000ed080000)
  to   space 5120K, 0% used [0x00000000ef100000,0x00000000ef100000,0x00000000ef600000)
 ParOldGen       total 87552K, used 77K [0x00000000c0000000, 0x00000000c5580000, 0x00000000eab00000)
  object space 87552K, 0% used [0x00000000c0000000,0x00000000c00134d0,0x00000000c5580000)
 Metaspace       used 6102K, capacity 7024K, committed 7296K, reserved 1056768K
  class space    used 601K, capacity 616K, committed 640K, reserved 1048576K
Event: 1.134 GC heap after
Heap after GC invocations=2 (full 0):
 PSYoungGen      total 71680K, used 5112K [0x00000000eab00000, 0x00000000ef600000, 0x0000000100000000)
  eden space 66560K, 0% used [0x00000000eab00000,0x00000000eab00000,0x00000000eec00000)
  from space 5120K, 99% used [0x00000000ef100000,0x00000000ef5fe3f8,0x00000000ef600000)
  to   space 5120K, 0% used [0x00000000eec00000,0x00000000eec00000,0x00000000ef100000)
 ParOldGen       total 87552K, used 3390K [0x00000000c0000000, 0x00000000c5580000, 0x00000000eab00000)
  object space 87552K, 3% used [0x00000000c0000000,0x00000000c034f950,0x00000000c5580000)
 Metaspace       used 6102K, capacity 7024K, committed 7296K, reserved 1056768K
  class space    used 601K, capacity 616K, committed 640K, reserved 1048576K
}
Event: 1.462 GC heap before
{Heap before GC invocations=3 (full 0):
 PSYoungGen      total 71680K, used 71672K [0x00000000eab00000, 0x00000000ef600000, 0x0000000100000000)
  eden space 66560K, 100% used [0x00000000eab00000,0x00000000eec00000,0x00000000eec00000)
  from space 5120K, 99% used [0x00000000ef100000,0x00000000ef5fe3f8,0x00000000ef600000)
  to   space 5120K, 0% used [0x00000000eec00000,0x00000000eec00000,0x00000000ef100000)
 ParOldGen       total 87552K, used 3390K [0x00000000c0000000, 0x00000000c5580000, 0x00000000eab00000)
  object space 87552K, 3% used [0x00000000c0000000,0x00000000c034f950,0x00000000c5580000)
 Metaspace       used 6260K, capacity 7088K, committed 7296K, reserved 1056768K
  class space    used 602K, capacity 616K, committed 640K, reserved 1048576K
Event: 1.518 GC heap after
Heap after GC invocations=3 (full 0):
 PSYoungGen      total 71680K, used 5112K [0x00000000eab00000, 0x00000000f3700000, 0x0000000100000000)
  eden space 66560K, 0% used [0x00000000eab00000,0x00000000eab00000,0x00000000eec00000)
  from space 5120K, 99% used [0x00000000eec00000,0x00000000ef0fe3f8,0x00000000ef100000)
  to   space 5120K, 0% used [0x00000000f3200000,0x00000000f3200000,0x00000000f3700000)
 ParOldGen       total 87552K, used 13129K [0x00000000c0000000, 0x00000000c5580000, 0x00000000eab00000)
  object space 87552K, 14% used [0x00000000c0000000,0x00000000c0cd24e8,0x00000000c5580000)
 Metaspace       used 6260K, capacity 7088K, committed 7296K, reserved 1056768K
  class space    used 602K, capacity 616K, committed 640K, reserved 1048576K
}
Event: 4.929 GC heap before
{Heap before GC invocations=4 (full 0):
 PSYoungGen      total 71680K, used 71672K [0x00000000eab00000, 0x00000000f3700000, 0x0000000100000000)
  eden space 66560K, 100% used [0x00000000eab00000,0x00000000eec00000,0x00000000eec00000)
  from space 5120K, 99% used [0x00000000eec00000,0x00000000ef0fe3f8,0x00000000ef100000)
  to   space 5120K, 0% used [0x00000000f3200000,0x00000000f3200000,0x00000000f3700000)
 ParOldGen       total 87552K, used 13129K [0x00000000c0000000, 0x00000000c5580000, 0x00000000eab00000)
  object space 87552K, 14% used [0x00000000c0000000,0x00000000c0cd24e8,0x00000000c5580000)
 Metaspace       used 6345K, capacity 7152K, committed 7296K, reserved 1056768K
  class space    used 603K, capacity 616K, committed 640K, reserved 1048576K
Event: 5.108 GC heap after
Heap after GC invocations=4 (full 0):
 PSYoungGen      total 138240K, used 5116K [0x00000000eab00000, 0x00000000f3700000, 0x0000000100000000)
  eden space 133120K, 0% used [0x00000000eab00000,0x00000000eab00000,0x00000000f2d00000)
  from space 5120K, 99% used [0x00000000f3200000,0x00000000f36ff228,0x00000000f3700000)
  to   space 5120K, 0% used [0x00000000f2d00000,0x00000000f2d00000,0x00000000f3200000)
 ParOldGen       total 87552K, used 22847K [0x00000000c0000000, 0x00000000c5580000, 0x00000000eab00000)
  object space 87552K, 26% used [0x00000000c0000000,0x00000000c164fc00,0x00000000c5580000)
 Metaspace       used 6345K, capacity 7152K, committed 7296K, reserved 1056768K
  class space    used 603K, capacity 616K, committed 640K, reserved 1048576K
}
Event: 6.238 GC heap before
{Heap before GC invocations=5 (full 0):
 PSYoungGen      total 138240K, used 138236K [0x00000000eab00000, 0x00000000f3700000, 0x0000000100000000)
  eden space 133120K, 100% used [0x00000000eab00000,0x00000000f2d00000,0x00000000f2d00000)
  from space 5120K, 99% used [0x00000000f3200000,0x00000000f36ff228,0x00000000f3700000)
  to   space 5120K, 0% used [0x00000000f2d00000,0x00000000f2d00000,0x00000000f3200000)
 ParOldGen       total 87552K, used 22849K [0x00000000c0000000, 0x00000000c5580000, 0x00000000eab00000)
  object space 87552K, 26% used [0x00000000c0000000,0x00000000c1650488,0x00000000c5580000)
 Metaspace       used 6421K, capacity 7216K, committed 7296K, reserved 1056768K
  class space    used 603K, capacity 616K, committed 640K, reserved 1048576K
Event: 6.341 GC heap after
Heap after GC invocations=5 (full 0):
 PSYoungGen      total 138240K, used 5111K [0x00000000eab00000, 0x00000000fe600000, 0x0000000100000000)
  eden space 133120K, 0% used [0x00000000eab00000,0x00000000eab00000,0x00000000f2d00000)
  from space 5120K, 99% used [0x00000000f2d00000,0x00000000f31fdf38,0x00000000f3200000)
  to   space 28160K, 0% used [0x00000000fca80000,0x00000000fca80000,0x00000000fe600000)
 ParOldGen       total 87552K, used 44078K [0x00000000c0000000, 0x00000000c5580000, 0x00000000eab00000)
  object space 87552K, 50% used [0x00000000c0000000,0x00000000c2b0bad0,0x00000000c5580000)
 Metaspace       used 6421K, capacity 7216K, committed 7296K, reserved 1056768K
  class space    used 603K, capacity 616K, committed 640K, reserved 1048576K
}
Event: 6.391 GC heap before
{Heap before GC invocations=6 (full 0):
 PSYoungGen      total 138240K, used 14406K [0x00000000eab00000, 0x00000000fe600000, 0x0000000100000000)
  eden space 133120K, 6% used [0x00000000eab00000,0x00000000eb413930,0x00000000f2d00000)
  from space 5120K, 99% used [0x00000000f2d00000,0x00000000f31fdf38,0x00000000f3200000)
  to   space 28160K, 0% used [0x00000000fca80000,0x00000000fca80000,0x00000000fe600000)
 ParOldGen       total 87552K, used 44078K [0x00000000c0000000, 0x00000000c5580000, 0x00000000eab00000)
  object space 87552K, 50% used [0x00000000c0000000,0x00000000c2b0bad0,0x00000000c5580000)
 Metaspace       used 6421K, capacity 7216K, committed 7296K, reserved 1056768K
  class space    used 603K, capacity 616K, committed 640K, reserved 1048576K
Event: 6.460 GC heap after
Heap after GC invocations=6 (full 0):
 PSYoungGen      total 293376K, used 6231K [0x00000000eab00000, 0x00000000fe500000, 0x0000000100000000)
  eden space 266240K, 0% used [0x00000000eab00000,0x00000000eab00000,0x00000000faf00000)
  from space 27136K, 22% used [0x00000000fca80000,0x00000000fd095f38,0x00000000fe500000)
  to   space 27648K, 0% used [0x00000000faf00000,0x00000000faf00000,0x00000000fca00000)
 ParOldGen       total 87552K, used 44086K [0x00000000c0000000, 0x00000000c5580000, 0x00000000eab00000)
  object space 87552K, 50% used [0x00000000c0000000,0x00000000c2b0dad0,0x00000000c5580000)
 Metaspace       used 6421K, capacity 7216K, committed 7296K, reserved 1056768K
  class space    used 603K, capacity 616K, committed 640K, reserved 1048576K
}

Deoptimization events (10 events):
Event: 6.712 Thread 0x0000000017949800 Uncommon trap: reason=bimorphic action=maybe_recompile pc=0x0000000002aa0cc0 method=com.android.dx.cf.code.BytecodeArray.parseInstruction(ILcom/android/dx/cf/code/BytecodeArray$Visitor;)I @ 971
Event: 6.712 Thread 0x0000000017949800 Uncommon trap: reason=bimorphic action=maybe_recompile pc=0x0000000002aa0d4c method=com.android.dx.cf.code.BytecodeArray.parseInstruction(ILcom/android/dx/cf/code/BytecodeArray$Visitor;)I @ 987
Event: 6.712 Thread 0x0000000017949800 Uncommon trap: reason=bimorphic action=maybe_recompile pc=0x0000000002aa0f2c method=com.android.dx.cf.code.BytecodeArray.parseInstruction(ILcom/android/dx/cf/code/BytecodeArray$Visitor;)I @ 1051
Event: 6.712 Thread 0x0000000017949800 Uncommon trap: reason=bimorphic action=maybe_recompile pc=0x0000000002aa0ea0 method=com.android.dx.cf.code.BytecodeArray.parseInstruction(ILcom/android/dx/cf/code/BytecodeArray$Visitor;)I @ 1035
Event: 6.888 Thread 0x0000000017951800 Uncommon trap: reason=unstable_if action=reinterpret pc=0x00000000023d5a20 method=java.util.HashMap.putVal(ILjava/lang/Object;Ljava/lang/Object;ZZ)Ljava/lang/Object; @ 162
Event: 7.629 Thread 0x0000000017949800 Uncommon trap: reason=class_check action=maybe_recompile pc=0x0000000002516c88 method=java.util.Arrays.hashCode([Ljava/lang/Object;)I @ 43
Event: 7.629 Thread 0x0000000017949800 Uncommon trap: reason=class_check action=maybe_recompile pc=0x0000000002516c88 method=java.util.Arrays.hashCode([Ljava/lang/Object;)I @ 43
Event: 7.629 Thread 0x0000000017949800 Uncommon trap: reason=class_check action=maybe_recompile pc=0x0000000002516c88 method=java.util.Arrays.hashCode([Ljava/lang/Object;)I @ 43
Event: 7.629 Thread 0x0000000017949800 Uncommon trap: reason=class_check action=maybe_recompile pc=0x0000000002516c88 method=java.util.Arrays.hashCode([Ljava/lang/Object;)I @ 43
Event: 7.629 Thread 0x0000000017949800 Uncommon trap: reason=class_check action=maybe_recompile pc=0x00000000025197f4 method=java.util.Arrays.hashCode([Ljava/lang/Object;)I @ 43

Internal exceptions (7 events):
Event: 0.031 Thread 0x000000000069e000 Exception <a 'java/lang/NoSuchMethodError': Method sun.misc.Unsafe.defineClass(Ljava/lang/String;[BII)Ljava/lang/Class; name or signature does not match> (0x00000000eab0dd50) thrown at [D:\re\puppet\workspace\8-2-build-windows-amd64-cygwin\jdk8u73\6086\hot1ç{K∆"†?
Event: 0.032 Thread 0x000000000069e000 Exception <a 'java/lang/NoSuchMethodError': Method sun.misc.Unsafe.prefetchRead(Ljava/lang/Object;J)V name or signature does not match> (0x00000000eab0e038) thrown at [D:\re\puppet\workspace\8-2-build-windows-amd64-cygwin\jdk8u73\6086\hotspot\src\share\vm\f§cÔ^`Í?
Event: 0.824 Thread 0x0000000017951800 Implicit null exception at 0x0000000002414be2 to 0x0000000002414ce9
Event: 4.875 Thread 0x00000000179d4000 Implicit null exception at 0x000000000278a67c to 0x000000000278bc65
Event: 6.889 Thread 0x0000000017951800 Exception <a 'java/lang/ArrayIndexOutOfBoundsException': 18> (0x00000000eef43de8) thrown at [D:\re\puppet\workspace\8-2-build-windows-amd64-cygwin\jdk8u73\6086\hotspot\src\share\vm\interpreter\interpreterRuntime.cpp, line 366]
Event: 6.889 Thread 0x0000000017951800 Exception <a 'java/lang/ArrayIndexOutOfBoundsException': 145> (0x00000000eef45968) thrown at [D:\re\puppet\workspace\8-2-build-windows-amd64-cygwin\jdk8u73\6086\hotspot\src\share\vm\interpreter\interpreterRuntime.cpp, line 366]
Event: 6.890 Thread 0x0000000017951800 Exception <a 'java/lang/ArrayIndexOutOfBoundsException'> (0x00000000eef46c50) thrown at [D:\re\puppet\workspace\8-2-build-windows-amd64-cygwin\jdk8u73\6086\hotspot\src\share\vm\runtime\sharedRuntime.cpp, line 605]

Events (10 events):
Event: 7.629 Thread 0x0000000017949800 DEOPT UNPACKING pc=0x000000000216582a sp=0x000000001823ed70 mode 2
Event: 7.629 Thread 0x0000000017949800 Uncommon trap: trap_request=0xffffffde fr.pc=0x00000000025197f4
Event: 7.629 Thread 0x0000000017949800 DEOPT PACKING pc=0x00000000025197f4 sp=0x000000001823eb20
Event: 7.629 Thread 0x0000000017949800 DEOPT UNPACKING pc=0x000000000216582a sp=0x000000001823eaa8 mode 2
Event: 7.630 loading class com/android/dx/rop/cst/Zeroes
Event: 7.630 loading class com/android/dx/rop/cst/Zeroes done
Event: 7.677 loading class com/android/dx/dex/file/CatchStructs
Event: 7.677 loading class com/android/dx/dex/file/CatchStructs done
Event: 7.823 Thread 0x0000000017949800 DEOPT PACKING pc=0x00000000026c54c5 sp=0x000000001823ef80
Event: 7.823 Thread 0x0000000017949800 DEOPT UNPACKING pc=0x000000000216787f sp=0x000000001823ecb0 mode 0


Dynamic libraries:
0x00007ff65bdf0000 - 0x00007ff65be27000 	C:\Program Files\Java\jdk1.8.0_73\bin\java.exe
0x00007ffd18820000 - 0x00007ffd189cd000 	C:\Windows\SYSTEM32\ntdll.dll
0x00007ffd163a0000 - 0x00007ffd164de000 	C:\Windows\system32\KERNEL32.DLL
0x00007ffd15a20000 - 0x00007ffd15b35000 	C:\Windows\system32\KERNELBASE.dll
0x00007ffd14500000 - 0x00007ffd1458e000 	C:\Windows\system32\apphelp.dll
0x00007ffcf92e0000 - 0x00007ffcf9333000 	C:\Windows\AppPatch\AppPatch64\AcGenral.DLL
0x00007ffd18080000 - 0x00007ffd1812a000 	C:\Windows\system32\msvcrt.dll
0x00007ffd15e80000 - 0x00007ffd15eae000 	C:\Windows\system32\SspiCli.dll
0x00007ffd187c0000 - 0x00007ffd18814000 	C:\Windows\system32\SHLWAPI.dll
0x00007ffd184c0000 - 0x00007ffd18637000 	C:\Windows\system32\USER32.dll
0x00007ffd18130000 - 0x00007ffd182c4000 	C:\Windows\system32\ole32.dll
0x00007ffd16860000 - 0x00007ffd17d8b000 	C:\Windows\system32\SHELL32.dll
0x00007ffd15100000 - 0x00007ffd15121000 	C:\Windows\SYSTEM32\USERENV.dll
0x00007ffd16140000 - 0x00007ffd161ea000 	C:\Windows\system32\ADVAPI32.dll
0x00007ffd0f440000 - 0x00007ffd0f45e000 	C:\Windows\SYSTEM32\MPR.dll
0x00007ffd16260000 - 0x00007ffd163a0000 	C:\Windows\system32\RPCRT4.dll
0x00007ffd18690000 - 0x00007ffd186e9000 	C:\Windows\SYSTEM32\sechost.dll
0x00007ffd16640000 - 0x00007ffd16851000 	C:\Windows\SYSTEM32\combase.dll
0x00007ffd17f30000 - 0x00007ffd18080000 	C:\Windows\system32\GDI32.dll
0x00007ffd15950000 - 0x00007ffd15965000 	C:\Windows\SYSTEM32\profapi.dll
0x00007ffd14440000 - 0x00007ffd144f2000 	C:\Windows\SYSTEM32\SHCORE.dll
0x00007ffd18640000 - 0x00007ffd18676000 	C:\Windows\system32\IMM32.DLL
0x00007ffd164e0000 - 0x00007ffd16632000 	C:\Windows\system32\MSCTF.dll
0x00007ffd13890000 - 0x00007ffd13b0b000 	C:\Windows\WinSxS\amd64_microsoft.windows.common-controls_6595b64144ccf1df_6.0.9600.18006_none_623f33d3ecbe86e8\COMCTL32.dll
0x0000000058cf0000 - 0x0000000058dc2000 	C:\Program Files\Java\jdk1.8.0_73\jre\bin\msvcr100.dll
0x00000000590d0000 - 0x0000000059960000 	C:\Program Files\Java\jdk1.8.0_73\jre\bin\server\jvm.dll
0x00007ffd0c3f0000 - 0x00007ffd0c3f9000 	C:\Windows\SYSTEM32\WSOCK32.dll
0x00007ffd13200000 - 0x00007ffd13222000 	C:\Windows\SYSTEM32\WINMM.dll
0x00007ffd12fc0000 - 0x00007ffd12fca000 	C:\Windows\SYSTEM32\VERSION.dll
0x00007ffd187b0000 - 0x00007ffd187b7000 	C:\Windows\system32\PSAPI.DLL
0x00007ffd17e60000 - 0x00007ffd17eba000 	C:\Windows\system32\WS2_32.dll
0x00007ffd12fd0000 - 0x00007ffd12ffa000 	C:\Windows\SYSTEM32\WINMMBASE.dll
0x00007ffd182d0000 - 0x00007ffd182d9000 	C:\Windows\system32\NSI.dll
0x00007ffd15e30000 - 0x00007ffd15e7f000 	C:\Windows\SYSTEM32\cfgmgr32.dll
0x00007ffd14770000 - 0x00007ffd14798000 	C:\Windows\SYSTEM32\DEVOBJ.dll
0x0000000059b70000 - 0x0000000059b7f000 	C:\Program Files\Java\jdk1.8.0_73\jre\bin\verify.dll
0x0000000059b40000 - 0x0000000059b69000 	C:\Program Files\Java\jdk1.8.0_73\jre\bin\java.dll
0x0000000059b20000 - 0x0000000059b36000 	C:\Program Files\Java\jdk1.8.0_73\jre\bin\zip.dll

VM Arguments:
jvm_args: -Djava.awt.headless=true -Xmx1024M -Dfile.encoding=windows-1252 -Duser.country=DE -Duser.language=de -Duser.variant 
java_command: com.android.dx.command.Main --dex --force-jumbo --num-threads=4 --multi-dex --output F:\Programmieren\Android\Kassenautomat_master\Kassenautomat\Kassenautomat_DHBW_AS\app\build\intermediates\transforms\dex\debug\folders\1000\10\com.android.support-support-v4-23.0.1_459a3b866dc96c9f4d8a2a54550dabf49a218374 F:\Programmieren\Android\Kassenautomat_master\Kassenautomat\Kassenautomat_DHBW_AS\app\build\intermediates\exploded-aar\com.android.support\support-v4\23.0.1\jars\classes.jar
java_class_path (initial): C:\Users\Michael\AppData\Local\Android\sdk\build-tools\23.0.2\lib\dx.jar
Launcher Type: SUN_STANDARD

Environment Variables:
JAVA_HOME=C:\Program Files\Java\jdk1.8.0_73
PATH=C:\Python34\Lib\site-packages\PyQt4;C:\Python35\Lib\site-packages\PyQt5;C:\Python351\Lib\site-packages\PyQt5;C:\ProgramData\Oracle\Java\javapath;C:\Program Files (x86)\Intel\iCLS Client\;C:\Program Files\Intel\iCLS Client\;C:\Windows\system32;C:\Windows;C:\Windows\System32\Wbem;C:\Windows\System32\WindowsPowerShell\v1.0\;C:\Program Files (x86)\Intel\Intel(R) Management Engine Components\DAL;C:\Program Files\Intel\Intel(R) Management Engine Components\DAL;C:\Program Files (x86)\Intel\Intel(R) Management Engine Components\IPT;C:\Program Files\Intel\Intel(R) Management Engine Components\IPT;C:\Program Files (x86)\NVIDIA Corporation\PhysX\Common;C:\Program Files (x86)\Notepad++;C:\Program Files (x86)\Skype\Phone\;F:\Programmieren\Python\Python;C:\MinGW;C:\MinGW\bin;C:\LinuxUtils;C:\Program Files\swipl\bin;C:\Program Files\7-Zip;C:\Users\Michael\AppData\Local\GitHub\PortableGit_c7e0cbde92ba565cb218a521411d0e854079a28c\bin;C:\Users\Michael\AppData\Local\GitHub\PortableGit_c7e0cbde92ba565cb218a521411d0e854079a28c\cmd;C:\Program Files (x86)\Google\Cloud SDK\google-cloud-sdk\bin;C:\Python34\Lib\site-packages\PyQt5;C:\Program Files\Git\cmd;C:\Program Files (x86)\nodejs\;E:\InstallierteProgramme\VC\bin;C:\Program Files (x86)\CMake\bin;C:\Users\Michael\AppData\Local\atom\bin;C:\Program Files (x86)\Google\google_appengine\;C:\Users\Michael\AppData\Roaming\npm
USERNAME=Michael
OS=Windows_NT
PROCESSOR_IDENTIFIER=Intel64 Family 6 Model 94 Stepping 3, GenuineIntel



---------------  S Y S T E M  ---------------

OS: Windows 8.1 , 64 bit Build 9600 (6.3.9600.17415)

CPU:total 8 (4 cores per cpu, 2 threads per core) family 6 model 94 stepping 3, cmov, cx8, fxsr, mmx, sse, sse2, sse3, ssse3, sse4.1, sse4.2, popcnt, avx, avx2, aes, clmul, erms, rtm, 3dnowpref, lzcnt, ht, tsc, tscinvbit, bmi1, bmi2, adx

Memory: 4k page, physical 8281628k(699660k free), swap 11427356k(5192k free)

vm_info: Java HotSpot(TM) 64-Bit Server VM (25.73-b02) for windows-amd64 JRE (1.8.0_73-b02), built on Jan 29 2016 17:38:49 by "java_re" with MS VC++ 10.0 (VS2010)

time: Thu May 12 10:57:48 2016
elapsed time: 7 seconds (0d 0h 0m 7s)

